<?xml version="1.0" encoding="UTF-8"?>
<coverage generated="1756252502515" clover="3.2.0">
  <project timestamp="1756252502515" name="All files">
    <metrics statements="764" coveredstatements="104" conditionals="842" coveredconditionals="52" methods="52" coveredmethods="4" elements="1658" coveredelements="160" complexity="0" loc="764" ncloc="764" packages="1" files="2" classes="2"/>
    <file name="index.js" path="C:\VS Projects\Portfolio Builder\portfolio-builder\backend\server\index.js">
      <metrics statements="743" coveredstatements="95" conditionals="836" coveredconditionals="52" methods="49" coveredmethods="4"/>
      <line num="5" count="3" type="stmt"/>
      <line num="6" count="3" type="stmt"/>
      <line num="7" count="3" type="stmt"/>
      <line num="8" count="3" type="stmt"/>
      <line num="9" count="3" type="stmt"/>
      <line num="10" count="3" type="stmt"/>
      <line num="11" count="3" type="stmt"/>
      <line num="12" count="3" type="stmt"/>
      <line num="13" count="3" type="stmt"/>
      <line num="14" count="3" type="stmt"/>
      <line num="15" count="3" type="stmt"/>
      <line num="17" count="3" type="stmt"/>
      <line num="18" count="3" type="stmt"/>
      <line num="20" count="3" type="stmt"/>
      <line num="21" count="3" type="stmt"/>
      <line num="23" count="3" type="stmt"/>
      <line num="26" count="6" type="stmt"/>
      <line num="29" count="3" type="stmt"/>
      <line num="31" count="3" type="cond" truecount="1" falsecount="1"/>
      <line num="32" count="3" type="stmt"/>
      <line num="35" count="3" type="stmt"/>
      <line num="36" count="3" type="cond" truecount="2" falsecount="2"/>
      <line num="37" count="0" type="stmt"/>
      <line num="47" count="3" type="stmt"/>
      <line num="52" count="3" type="stmt"/>
      <line num="53" count="3" type="stmt"/>
      <line num="54" count="3" type="cond" truecount="1" falsecount="1"/>
      <line num="56" count="0" type="stmt"/>
      <line num="57" count="0" type="stmt"/>
      <line num="62" count="3" type="stmt"/>
      <line num="63" count="5" type="cond" truecount="1" falsecount="1"/>
      <line num="65" count="5" type="cond" truecount="4" falsecount="0"/>
      <line num="66" count="5" type="stmt"/>
      <line num="67" count="5" type="stmt"/>
      <line num="68" count="5" type="stmt"/>
      <line num="71" count="5" type="cond" truecount="2" falsecount="0"/>
      <line num="72" count="4" type="stmt"/>
      <line num="73" count="4" type="cond" truecount="1" falsecount="1"/>
      <line num="74" count="4" type="cond" truecount="2" falsecount="0"/>
      <line num="75" count="4" type="cond" truecount="2" falsecount="0"/>
      <line num="79" count="5" type="cond" truecount="4" falsecount="0"/>
      <line num="80" count="3" type="cond" truecount="1" falsecount="1"/>
      <line num="81" count="0" type="cond" truecount="0" falsecount="4"/>
      <line num="83" count="5" type="cond" truecount="3" falsecount="1"/>
      <line num="84" count="5" type="cond" truecount="3" falsecount="1"/>
      <line num="87" count="5" type="stmt"/>
      <line num="88" count="5" type="cond" truecount="3" falsecount="3"/>
      <line num="89" count="0" type="stmt"/>
      <line num="90" count="0" type="cond" truecount="0" falsecount="4"/>
      <line num="91" count="0" type="cond" truecount="0" falsecount="6"/>
      <line num="92" count="0" type="cond" truecount="0" falsecount="6"/>
      <line num="99" count="5" type="cond" truecount="3" falsecount="1"/>
      <line num="102" count="5" type="cond" truecount="3" falsecount="5"/>
      <line num="103" count="5" type="stmt"/>
      <line num="107" count="3" type="cond" truecount="0" falsecount="12"/>
      <line num="108" count="0" type="cond" truecount="0" falsecount="4"/>
      <line num="109" count="0" type="cond" truecount="0" falsecount="2"/>
      <line num="111" count="0" type="cond" truecount="0" falsecount="2"/>
      <line num="112" count="0" type="stmt"/>
      <line num="115" count="0" type="stmt"/>
      <line num="116" count="0" type="stmt"/>
      <line num="117" count="0" type="stmt"/>
      <line num="119" count="0" type="stmt"/>
      <line num="140" count="0" type="stmt"/>
      <line num="151" count="0" type="stmt"/>
      <line num="152" count="0" type="cond" truecount="0" falsecount="2"/>
      <line num="153" count="0" type="stmt"/>
      <line num="156" count="0" type="stmt"/>
      <line num="157" count="0" type="cond" truecount="0" falsecount="4"/>
      <line num="159" count="0" type="stmt"/>
      <line num="165" count="3" type="stmt"/>
      <line num="166" count="0" type="stmt"/>
      <line num="167" count="0" type="stmt"/>
      <line num="169" count="0" type="stmt"/>
      <line num="178" count="0" type="stmt"/>
      <line num="183" count="3" type="stmt"/>
      <line num="184" count="0" type="stmt"/>
      <line num="185" count="0" type="cond" truecount="0" falsecount="4"/>
      <line num="186" count="0" type="stmt"/>
      <line num="188" count="0" type="stmt"/>
      <line num="189" count="0" type="cond" truecount="0" falsecount="2"/>
      <line num="191" count="0" type="cond" truecount="0" falsecount="2"/>
      <line num="192" count="0" type="cond" truecount="0" falsecount="2"/>
      <line num="193" count="0" type="cond" truecount="0" falsecount="2"/>
      <line num="195" count="0" type="cond" truecount="0" falsecount="4"/>
      <line num="196" count="0" type="cond" truecount="0" falsecount="2"/>
      <line num="197" count="0" type="cond" truecount="0" falsecount="2"/>
      <line num="200" count="0" type="cond" truecount="0" falsecount="2"/>
      <line num="203" count="0" type="stmt"/>
      <line num="204" count="0" type="stmt"/>
      <line num="210" count="0" type="stmt"/>
      <line num="212" count="0" type="stmt"/>
      <line num="213" count="0" type="cond" truecount="0" falsecount="2"/>
      <line num="214" count="0" type="stmt"/>
      <line num="215" count="0" type="stmt"/>
      <line num="216" count="0" type="stmt"/>
      <line num="217" count="0" type="cond" truecount="0" falsecount="2"/>
      <line num="221" count="0" type="stmt"/>
      <line num="226" count="0" type="stmt"/>
      <line num="229" count="0" type="stmt"/>
      <line num="230" count="0" type="stmt"/>
      <line num="231" count="0" type="cond" truecount="0" falsecount="2"/>
      <line num="232" count="0" type="cond" truecount="0" falsecount="4"/>
      <line num="234" count="0" type="stmt"/>
      <line num="235" count="0" type="stmt"/>
      <line num="236" count="0" type="stmt"/>
      <line num="237" count="0" type="cond" truecount="0" falsecount="2"/>
      <line num="242" count="0" type="cond" truecount="0" falsecount="2"/>
      <line num="244" count="0" type="stmt"/>
      <line num="245" count="0" type="stmt"/>
      <line num="246" count="0" type="stmt"/>
      <line num="247" count="0" type="cond" truecount="0" falsecount="4"/>
      <line num="252" count="0" type="stmt"/>
      <line num="253" count="0" type="cond" truecount="0" falsecount="3"/>
      <line num="255" count="0" type="cond" truecount="0" falsecount="2"/>
      <line num="256" count="0" type="stmt"/>
      <line num="265" count="0" type="stmt"/>
      <line num="266" count="0" type="stmt"/>
      <line num="268" count="0" type="cond" truecount="0" falsecount="2"/>
      <line num="273" count="0" type="cond" truecount="0" falsecount="2"/>
      <line num="277" count="0" type="stmt"/>
      <line num="278" count="0" type="stmt"/>
      <line num="279" count="0" type="cond" truecount="0" falsecount="2"/>
      <line num="280" count="0" type="stmt"/>
      <line num="282" count="0" type="stmt"/>
      <line num="283" count="0" type="stmt"/>
      <line num="288" count="3" type="stmt"/>
      <line num="296" count="3" type="stmt"/>
      <line num="297" count="0" type="stmt"/>
      <line num="298" count="0" type="cond" truecount="0" falsecount="2"/>
      <line num="299" count="0" type="stmt"/>
      <line num="302" count="0" type="stmt"/>
      <line num="303" count="0" type="cond" truecount="0" falsecount="2"/>
      <line num="304" count="0" type="stmt"/>
      <line num="307" count="0" type="stmt"/>
      <line num="308" count="0" type="cond" truecount="0" falsecount="2"/>
      <line num="309" count="0" type="cond" truecount="0" falsecount="2"/>
      <line num="311" count="0" type="stmt"/>
      <line num="315" count="0" type="stmt"/>
      <line num="316" count="0" type="cond" truecount="0" falsecount="2"/>
      <line num="317" count="0" type="cond" truecount="0" falsecount="4"/>
      <line num="318" count="0" type="stmt"/>
      <line num="319" count="0" type="cond" truecount="0" falsecount="2"/>
      <line num="320" count="0" type="stmt"/>
      <line num="321" count="0" type="stmt"/>
      <line num="323" count="0" type="cond" truecount="0" falsecount="2"/>
      <line num="324" count="0" type="stmt"/>
      <line num="330" count="0" type="stmt"/>
      <line num="336" count="0" type="stmt"/>
      <line num="337" count="0" type="cond" truecount="0" falsecount="2"/>
      <line num="338" count="0" type="cond" truecount="0" falsecount="2"/>
      <line num="339" count="0" type="stmt"/>
      <line num="341" count="0" type="cond" truecount="0" falsecount="2"/>
      <line num="342" count="0" type="cond" truecount="0" falsecount="2"/>
      <line num="343" count="0" type="stmt"/>
      <line num="344" count="0" type="stmt"/>
      <line num="347" count="0" type="cond" truecount="0" falsecount="2"/>
      <line num="348" count="0" type="stmt"/>
      <line num="350" count="0" type="cond" truecount="0" falsecount="2"/>
      <line num="353" count="0" type="stmt"/>
      <line num="354" count="0" type="stmt"/>
      <line num="355" count="0" type="stmt"/>
      <line num="357" count="0" type="stmt"/>
      <line num="359" count="0" type="cond" truecount="0" falsecount="3"/>
      <line num="360" count="0" type="stmt"/>
      <line num="361" count="0" type="cond" truecount="0" falsecount="2"/>
      <line num="363" count="0" type="cond" truecount="0" falsecount="2"/>
      <line num="364" count="0" type="cond" truecount="0" falsecount="2"/>
      <line num="365" count="0" type="stmt"/>
      <line num="369" count="0" type="stmt"/>
      <line num="370" count="0" type="stmt"/>
      <line num="372" count="0" type="stmt"/>
      <line num="373" count="0" type="stmt"/>
      <line num="378" count="3" type="stmt"/>
      <line num="379" count="0" type="stmt"/>
      <line num="380" count="0" type="cond" truecount="0" falsecount="4"/>
      <line num="381" count="0" type="stmt"/>
      <line num="383" count="0" type="stmt"/>
      <line num="384" count="0" type="stmt"/>
      <line num="385" count="0" type="stmt"/>
      <line num="386" count="0" type="cond" truecount="0" falsecount="2"/>
      <line num="387" count="0" type="cond" truecount="0" falsecount="2"/>
      <line num="389" count="0" type="stmt"/>
      <line num="390" count="0" type="stmt"/>
      <line num="392" count="0" type="stmt"/>
      <line num="393" count="0" type="stmt"/>
      <line num="395" count="0" type="stmt"/>
      <line num="396" count="0" type="stmt"/>
      <line num="401" count="3" type="stmt"/>
      <line num="402" count="3" type="stmt"/>
      <line num="403" count="3" type="cond" truecount="4" falsecount="0"/>
      <line num="404" count="1" type="stmt"/>
      <line num="406" count="2" type="stmt"/>
      <line num="407" count="2" type="stmt"/>
      <line num="408" count="2" type="stmt"/>
      <line num="409" count="2" type="cond" truecount="2" falsecount="0"/>
      <line num="410" count="1" type="stmt"/>
      <line num="413" count="1" type="stmt"/>
      <line num="414" count="1" type="cond" truecount="1" falsecount="1"/>
      <line num="415" count="0" type="stmt"/>
      <line num="418" count="1" type="stmt"/>
      <line num="419" count="1" type="stmt"/>
      <line num="431" count="0" type="stmt"/>
      <line num="436" count="3" type="stmt"/>
      <line num="437" count="0" type="stmt"/>
      <line num="438" count="0" type="cond" truecount="0" falsecount="2"/>
      <line num="439" count="0" type="cond" truecount="0" falsecount="2"/>
      <line num="440" count="0" type="stmt"/>
      <line num="442" count="0" type="stmt"/>
      <line num="443" count="0" type="stmt"/>
      <line num="444" count="0" type="stmt"/>
      <line num="445" count="0" type="stmt"/>
      <line num="446" count="0" type="cond" truecount="0" falsecount="2"/>
      <line num="447" count="0" type="stmt"/>
      <line num="449" count="0" type="stmt"/>
      <line num="460" count="0" type="stmt"/>
      <line num="465" count="3" type="stmt"/>
      <line num="466" count="0" type="stmt"/>
      <line num="467" count="0" type="cond" truecount="0" falsecount="2"/>
      <line num="468" count="0" type="cond" truecount="0" falsecount="2"/>
      <line num="469" count="0" type="stmt"/>
      <line num="472" count="0" type="stmt"/>
      <line num="473" count="0" type="stmt"/>
      <line num="474" count="0" type="stmt"/>
      <line num="476" count="0" type="stmt"/>
      <line num="478" count="0" type="stmt"/>
      <line num="479" count="0" type="stmt"/>
      <line num="480" count="0" type="stmt"/>
      <line num="482" count="0" type="stmt"/>
      <line num="487" count="3" type="stmt"/>
      <line num="488" count="0" type="stmt"/>
      <line num="489" count="0" type="cond" truecount="0" falsecount="2"/>
      <line num="490" count="0" type="cond" truecount="0" falsecount="2"/>
      <line num="491" count="0" type="stmt"/>
      <line num="494" count="0" type="stmt"/>
      <line num="495" count="0" type="stmt"/>
      <line num="496" count="0" type="stmt"/>
      <line num="498" count="0" type="stmt"/>
      <line num="500" count="0" type="stmt"/>
      <line num="501" count="0" type="stmt"/>
      <line num="502" count="0" type="stmt"/>
      <line num="506" count="0" type="cond" truecount="0" falsecount="2"/>
      <line num="507" count="0" type="stmt"/>
      <line num="509" count="0" type="stmt"/>
      <line num="511" count="0" type="stmt"/>
      <line num="516" count="3" type="stmt"/>
      <line num="517" count="0" type="stmt"/>
      <line num="518" count="0" type="cond" truecount="0" falsecount="2"/>
      <line num="519" count="0" type="cond" truecount="0" falsecount="2"/>
      <line num="520" count="0" type="stmt"/>
      <line num="523" count="0" type="stmt"/>
      <line num="524" count="0" type="stmt"/>
      <line num="525" count="0" type="stmt"/>
      <line num="527" count="0" type="stmt"/>
      <line num="529" count="0" type="stmt"/>
      <line num="530" count="0" type="cond" truecount="0" falsecount="2"/>
      <line num="531" count="0" type="stmt"/>
      <line num="533" count="0" type="stmt"/>
      <line num="534" count="0" type="stmt"/>
      <line num="538" count="0" type="stmt"/>
      <line num="540" count="0" type="stmt"/>
      <line num="545" count="3" type="stmt"/>
      <line num="546" count="0" type="stmt"/>
      <line num="547" count="0" type="cond" truecount="0" falsecount="2"/>
      <line num="548" count="0" type="cond" truecount="0" falsecount="2"/>
      <line num="549" count="0" type="stmt"/>
      <line num="552" count="0" type="stmt"/>
      <line num="553" count="0" type="stmt"/>
      <line num="554" count="0" type="stmt"/>
      <line num="556" count="0" type="stmt"/>
      <line num="558" count="0" type="stmt"/>
      <line num="559" count="0" type="stmt"/>
      <line num="561" count="0" type="stmt"/>
      <line num="565" count="0" type="cond" truecount="0" falsecount="2"/>
      <line num="566" count="0" type="stmt"/>
      <line num="568" count="0" type="stmt"/>
      <line num="570" count="0" type="stmt"/>
      <line num="575" count="3" type="stmt"/>
      <line num="576" count="0" type="stmt"/>
      <line num="577" count="0" type="stmt"/>
      <line num="578" count="0" type="stmt"/>
      <line num="579" count="0" type="stmt"/>
      <line num="580" count="0" type="cond" truecount="0" falsecount="2"/>
      <line num="581" count="0" type="stmt"/>
      <line num="585" count="0" type="stmt"/>
      <line num="588" count="0" type="stmt"/>
      <line num="589" count="0" type="stmt"/>
      <line num="590" count="0" type="cond" truecount="0" falsecount="2"/>
      <line num="591" count="0" type="stmt"/>
      <line num="594" count="0" type="stmt"/>
      <line num="598" count="0" type="stmt"/>
      <line num="600" count="0" type="stmt"/>
      <line num="605" count="3" type="stmt"/>
      <line num="606" count="0" type="cond" truecount="0" falsecount="2"/>
      <line num="607" count="0" type="stmt"/>
      <line num="608" count="0" type="stmt"/>
      <line num="609" count="0" type="stmt"/>
      <line num="627" count="0" type="stmt"/>
      <line num="628" count="0" type="cond" truecount="0" falsecount="2"/>
      <line num="629" count="0" type="stmt"/>
      <line num="631" count="0" type="cond" truecount="0" falsecount="2"/>
      <line num="632" count="0" type="stmt"/>
      <line num="634" count="0" type="cond" truecount="0" falsecount="2"/>
      <line num="635" count="0" type="stmt"/>
      <line num="639" count="0" type="stmt"/>
      <line num="640" count="0" type="stmt"/>
      <line num="641" count="0" type="cond" truecount="0" falsecount="2"/>
      <line num="644" count="0" type="stmt"/>
      <line num="646" count="0" type="stmt"/>
      <line num="647" count="0" type="stmt"/>
      <line num="652" count="3" type="stmt"/>
      <line num="653" count="0" type="cond" truecount="0" falsecount="2"/>
      <line num="654" count="0" type="stmt"/>
      <line num="657" count="0" type="stmt"/>
      <line num="658" count="0" type="stmt"/>
      <line num="659" count="0" type="stmt"/>
      <line num="660" count="0" type="stmt"/>
      <line num="661" count="0" type="cond" truecount="0" falsecount="4"/>
      <line num="665" count="0" type="stmt"/>
      <line num="669" count="0" type="stmt"/>
      <line num="670" count="0" type="stmt"/>
      <line num="671" count="0" type="cond" truecount="0" falsecount="2"/>
      <line num="674" count="0" type="stmt"/>
      <line num="675" count="0" type="cond" truecount="0" falsecount="2"/>
      <line num="677" count="0" type="cond" truecount="0" falsecount="2"/>
      <line num="678" count="0" type="stmt"/>
      <line num="680" count="0" type="stmt"/>
      <line num="681" count="0" type="cond" truecount="0" falsecount="2"/>
      <line num="682" count="0" type="cond" truecount="0" falsecount="2"/>
      <line num="683" count="0" type="cond" truecount="0" falsecount="2"/>
      <line num="684" count="0" type="cond" truecount="0" falsecount="4"/>
      <line num="685" count="0" type="stmt"/>
      <line num="686" count="0" type="cond" truecount="0" falsecount="2"/>
      <line num="688" count="0" type="stmt"/>
      <line num="689" count="0" type="cond" truecount="0" falsecount="2"/>
      <line num="690" count="0" type="cond" truecount="0" falsecount="2"/>
      <line num="691" count="0" type="cond" truecount="0" falsecount="2"/>
      <line num="693" count="0" type="stmt"/>
      <line num="694" count="0" type="cond" truecount="0" falsecount="2"/>
      <line num="698" count="0" type="stmt"/>
      <line num="699" count="0" type="cond" truecount="0" falsecount="4"/>
      <line num="700" count="0" type="cond" truecount="0" falsecount="2"/>
      <line num="701" count="0" type="cond" truecount="0" falsecount="2"/>
      <line num="702" count="0" type="stmt"/>
      <line num="703" count="0" type="cond" truecount="0" falsecount="2"/>
      <line num="704" count="0" type="stmt"/>
      <line num="707" count="0" type="stmt"/>
      <line num="714" count="0" type="stmt"/>
      <line num="715" count="0" type="stmt"/>
      <line num="716" count="0" type="cond" truecount="0" falsecount="4"/>
      <line num="720" count="0" type="stmt"/>
      <line num="721" count="0" type="stmt"/>
      <line num="722" count="0" type="stmt"/>
      <line num="723" count="0" type="cond" truecount="0" falsecount="2"/>
      <line num="725" count="0" type="cond" truecount="0" falsecount="4"/>
      <line num="726" count="0" type="stmt"/>
      <line num="733" count="0" type="stmt"/>
      <line num="736" count="0" type="stmt"/>
      <line num="738" count="0" type="stmt"/>
      <line num="739" count="0" type="stmt"/>
      <line num="744" count="3" type="stmt"/>
      <line num="745" count="3" type="cond" truecount="1" falsecount="1"/>
      <line num="746" count="3" type="stmt"/>
      <line num="747" count="3" type="cond" truecount="2" falsecount="0"/>
      <line num="748" count="3" type="cond" truecount="2" falsecount="0"/>
      <line num="750" count="2" type="stmt"/>
      <line num="751" count="2" type="stmt"/>
      <line num="752" count="1" type="stmt"/>
      <line num="754" count="1" type="stmt"/>
      <line num="756" count="1" type="cond" truecount="0" falsecount="1"/>
      <line num="757" count="1" type="cond" truecount="3" falsecount="1"/>
      <line num="758" count="0" type="stmt"/>
      <line num="760" count="1" type="stmt"/>
      <line num="761" count="1" type="stmt"/>
      <line num="766" count="1" type="stmt"/>
      <line num="768" count="0" type="stmt"/>
      <line num="769" count="0" type="stmt"/>
      <line num="776" count="3" type="stmt"/>
      <line num="777" count="0" type="stmt"/>
      <line num="779" count="0" type="cond" truecount="0" falsecount="2"/>
      <line num="780" count="0" type="stmt"/>
      <line num="781" count="0" type="cond" truecount="0" falsecount="2"/>
      <line num="782" count="0" type="cond" truecount="0" falsecount="2"/>
      <line num="783" count="0" type="stmt"/>
      <line num="784" count="0" type="stmt"/>
      <line num="785" count="0" type="cond" truecount="0" falsecount="4"/>
      <line num="787" count="0" type="stmt"/>
      <line num="791" count="0" type="stmt"/>
      <line num="792" count="0" type="cond" truecount="0" falsecount="2"/>
      <line num="795" count="0" type="stmt"/>
      <line num="796" count="0" type="stmt"/>
      <line num="797" count="0" type="cond" truecount="0" falsecount="2"/>
      <line num="798" count="0" type="stmt"/>
      <line num="799" count="0" type="stmt"/>
      <line num="800" count="0" type="stmt"/>
      <line num="801" count="0" type="cond" truecount="0" falsecount="2"/>
      <line num="804" count="0" type="stmt"/>
      <line num="805" count="0" type="cond" truecount="0" falsecount="2"/>
      <line num="806" count="0" type="stmt"/>
      <line num="807" count="0" type="stmt"/>
      <line num="809" count="0" type="cond" truecount="0" falsecount="2"/>
      <line num="810" count="0" type="stmt"/>
      <line num="811" count="0" type="stmt"/>
      <line num="813" count="0" type="cond" truecount="0" falsecount="2"/>
      <line num="814" count="0" type="stmt"/>
      <line num="815" count="0" type="stmt"/>
      <line num="817" count="0" type="cond" truecount="0" falsecount="2"/>
      <line num="818" count="0" type="stmt"/>
      <line num="819" count="0" type="stmt"/>
      <line num="822" count="0" type="stmt"/>
      <line num="823" count="0" type="cond" truecount="0" falsecount="6"/>
      <line num="824" count="0" type="cond" truecount="0" falsecount="2"/>
      <line num="825" count="0" type="cond" truecount="0" falsecount="4"/>
      <line num="826" count="0" type="stmt"/>
      <line num="830" count="0" type="stmt"/>
      <line num="831" count="0" type="stmt"/>
      <line num="833" count="0" type="stmt"/>
      <line num="834" count="0" type="stmt"/>
      <line num="835" count="0" type="stmt"/>
      <line num="836" count="0" type="stmt"/>
      <line num="837" count="0" type="stmt"/>
      <line num="838" count="0" type="stmt"/>
      <line num="840" count="0" type="stmt"/>
      <line num="841" count="0" type="cond" truecount="0" falsecount="2"/>
      <line num="842" count="0" type="cond" truecount="0" falsecount="2"/>
      <line num="843" count="0" type="cond" truecount="0" falsecount="2"/>
      <line num="844" count="0" type="cond" truecount="0" falsecount="2"/>
      <line num="845" count="0" type="stmt"/>
      <line num="851" count="0" type="stmt"/>
      <line num="852" count="0" type="stmt"/>
      <line num="853" count="0" type="stmt"/>
      <line num="854" count="0" type="cond" truecount="0" falsecount="2"/>
      <line num="855" count="0" type="stmt"/>
      <line num="856" count="0" type="stmt"/>
      <line num="857" count="0" type="stmt"/>
      <line num="858" count="0" type="stmt"/>
      <line num="859" count="0" type="cond" truecount="0" falsecount="2"/>
      <line num="860" count="0" type="stmt"/>
      <line num="861" count="0" type="stmt"/>
      <line num="862" count="0" type="cond" truecount="0" falsecount="4"/>
      <line num="865" count="0" type="stmt"/>
      <line num="866" count="0" type="stmt"/>
      <line num="867" count="0" type="stmt"/>
      <line num="868" count="0" type="cond" truecount="0" falsecount="2"/>
      <line num="869" count="0" type="stmt"/>
      <line num="870" count="0" type="stmt"/>
      <line num="871" count="0" type="stmt"/>
      <line num="874" count="0" type="cond" truecount="0" falsecount="2"/>
      <line num="875" count="0" type="stmt"/>
      <line num="876" count="0" type="stmt"/>
      <line num="877" count="0" type="stmt"/>
      <line num="878" count="0" type="stmt"/>
      <line num="881" count="0" type="stmt"/>
      <line num="883" count="0" type="stmt"/>
      <line num="884" count="0" type="stmt"/>
      <line num="889" count="3" type="stmt"/>
      <line num="890" count="0" type="stmt"/>
      <line num="892" count="0" type="cond" truecount="0" falsecount="2"/>
      <line num="893" count="0" type="stmt"/>
      <line num="894" count="0" type="cond" truecount="0" falsecount="2"/>
      <line num="895" count="0" type="cond" truecount="0" falsecount="2"/>
      <line num="896" count="0" type="stmt"/>
      <line num="897" count="0" type="stmt"/>
      <line num="898" count="0" type="cond" truecount="0" falsecount="4"/>
      <line num="900" count="0" type="stmt"/>
      <line num="904" count="0" type="stmt"/>
      <line num="905" count="0" type="stmt"/>
      <line num="906" count="0" type="stmt"/>
      <line num="907" count="0" type="stmt"/>
      <line num="909" count="0" type="stmt"/>
      <line num="911" count="0" type="cond" truecount="0" falsecount="4"/>
      <line num="912" count="0" type="stmt"/>
      <line num="917" count="3" type="stmt"/>
      <line num="919" count="0" type="cond" truecount="0" falsecount="2"/>
      <line num="920" count="0" type="stmt"/>
      <line num="923" count="0" type="cond" truecount="0" falsecount="2"/>
      <line num="924" count="0" type="stmt"/>
      <line num="925" count="0" type="cond" truecount="0" falsecount="2"/>
      <line num="926" count="0" type="cond" truecount="0" falsecount="2"/>
      <line num="927" count="0" type="stmt"/>
      <line num="928" count="0" type="stmt"/>
      <line num="929" count="0" type="cond" truecount="0" falsecount="4"/>
      <line num="931" count="0" type="stmt"/>
      <line num="935" count="0" type="stmt"/>
      <line num="936" count="0" type="stmt"/>
      <line num="937" count="0" type="stmt"/>
      <line num="938" count="0" type="stmt"/>
      <line num="939" count="0" type="cond" truecount="0" falsecount="2"/>
      <line num="940" count="0" type="cond" truecount="0" falsecount="4"/>
      <line num="941" count="0" type="cond" truecount="0" falsecount="2"/>
      <line num="943" count="0" type="stmt"/>
      <line num="946" count="0" type="cond" truecount="0" falsecount="4"/>
      <line num="947" count="0" type="stmt"/>
      <line num="952" count="3" type="stmt"/>
      <line num="953" count="0" type="cond" truecount="0" falsecount="2"/>
      <line num="954" count="0" type="cond" truecount="0" falsecount="1"/>
      <line num="955" count="0" type="cond" truecount="0" falsecount="2"/>
      <line num="958" count="0" type="stmt"/>
      <line num="959" count="0" type="cond" truecount="0" falsecount="2"/>
      <line num="960" count="0" type="stmt"/>
      <line num="961" count="0" type="stmt"/>
      <line num="962" count="0" type="cond" truecount="0" falsecount="2"/>
      <line num="963" count="0" type="stmt"/>
      <line num="964" count="0" type="stmt"/>
      <line num="965" count="0" type="stmt"/>
      <line num="966" count="0" type="stmt"/>
      <line num="967" count="0" type="cond" truecount="0" falsecount="2"/>
      <line num="970" count="0" type="stmt"/>
      <line num="974" count="0" type="stmt"/>
      <line num="977" count="0" type="cond" truecount="0" falsecount="3"/>
      <line num="978" count="0" type="cond" truecount="0" falsecount="2"/>
      <line num="979" count="0" type="stmt"/>
      <line num="980" count="0" type="stmt"/>
      <line num="983" count="0" type="stmt"/>
      <line num="984" count="0" type="stmt"/>
      <line num="985" count="0" type="stmt"/>
      <line num="986" count="0" type="cond" truecount="0" falsecount="2"/>
      <line num="991" count="0" type="stmt"/>
      <line num="1003" count="0" type="stmt"/>
      <line num="1005" count="0" type="stmt"/>
      <line num="1006" count="0" type="stmt"/>
      <line num="1011" count="3" type="stmt"/>
      <line num="1012" count="0" type="stmt"/>
      <line num="1013" count="0" type="cond" truecount="0" falsecount="2"/>
      <line num="1014" count="0" type="cond" truecount="0" falsecount="2"/>
      <line num="1015" count="0" type="stmt"/>
      <line num="1016" count="0" type="stmt"/>
      <line num="1017" count="0" type="cond" truecount="0" falsecount="2"/>
      <line num="1018" count="0" type="stmt"/>
      <line num="1019" count="0" type="stmt"/>
      <line num="1020" count="0" type="cond" truecount="0" falsecount="2"/>
      <line num="1021" count="0" type="stmt"/>
      <line num="1022" count="0" type="stmt"/>
      <line num="1023" count="0" type="cond" truecount="0" falsecount="2"/>
      <line num="1024" count="0" type="cond" truecount="0" falsecount="2"/>
      <line num="1025" count="0" type="stmt"/>
      <line num="1028" count="0" type="cond" truecount="0" falsecount="2"/>
      <line num="1031" count="0" type="stmt"/>
      <line num="1033" count="0" type="cond" truecount="0" falsecount="2"/>
      <line num="1034" count="0" type="stmt"/>
      <line num="1039" count="3" type="stmt"/>
      <line num="1040" count="0" type="cond" truecount="0" falsecount="2"/>
      <line num="1041" count="0" type="stmt"/>
      <line num="1043" count="0" type="stmt"/>
      <line num="1044" count="0" type="cond" truecount="0" falsecount="3"/>
      <line num="1045" count="0" type="cond" truecount="0" falsecount="2"/>
      <line num="1046" count="0" type="stmt"/>
      <line num="1047" count="0" type="stmt"/>
      <line num="1050" count="0" type="stmt"/>
      <line num="1052" count="0" type="stmt"/>
      <line num="1053" count="0" type="stmt"/>
      <line num="1058" count="0" type="stmt"/>
      <line num="1059" count="0" type="cond" truecount="0" falsecount="2"/>
      <line num="1060" count="0" type="stmt"/>
      <line num="1061" count="0" type="stmt"/>
      <line num="1062" count="0" type="stmt"/>
      <line num="1065" count="0" type="cond" truecount="0" falsecount="2"/>
      <line num="1066" count="0" type="stmt"/>
      <line num="1067" count="0" type="cond" truecount="0" falsecount="2"/>
      <line num="1068" count="0" type="cond" truecount="0" falsecount="2"/>
      <line num="1069" count="0" type="cond" truecount="0" falsecount="2"/>
      <line num="1073" count="0" type="cond" truecount="0" falsecount="4"/>
      <line num="1074" count="0" type="cond" truecount="0" falsecount="2"/>
      <line num="1075" count="0" type="cond" truecount="0" falsecount="4"/>
      <line num="1077" count="0" type="cond" truecount="0" falsecount="4"/>
      <line num="1078" count="0" type="cond" truecount="0" falsecount="4"/>
      <line num="1081" count="0" type="stmt"/>
      <line num="1082" count="0" type="cond" truecount="0" falsecount="6"/>
      <line num="1083" count="0" type="stmt"/>
      <line num="1084" count="0" type="cond" truecount="0" falsecount="4"/>
      <line num="1085" count="0" type="cond" truecount="0" falsecount="6"/>
      <line num="1086" count="0" type="cond" truecount="0" falsecount="6"/>
      <line num="1093" count="0" type="cond" truecount="0" falsecount="4"/>
      <line num="1096" count="0" type="cond" truecount="0" falsecount="8"/>
      <line num="1097" count="0" type="stmt"/>
      <line num="1101" count="0" type="cond" truecount="0" falsecount="12"/>
      <line num="1102" count="0" type="cond" truecount="0" falsecount="4"/>
      <line num="1103" count="0" type="cond" truecount="0" falsecount="2"/>
      <line num="1105" count="0" type="cond" truecount="0" falsecount="2"/>
      <line num="1106" count="0" type="stmt"/>
      <line num="1109" count="0" type="stmt"/>
      <line num="1110" count="0" type="stmt"/>
      <line num="1111" count="0" type="stmt"/>
      <line num="1113" count="0" type="stmt"/>
      <line num="1134" count="0" type="stmt"/>
      <line num="1145" count="0" type="stmt"/>
      <line num="1146" count="0" type="cond" truecount="0" falsecount="2"/>
      <line num="1147" count="0" type="stmt"/>
      <line num="1150" count="0" type="stmt"/>
      <line num="1151" count="0" type="cond" truecount="0" falsecount="4"/>
      <line num="1153" count="0" type="stmt"/>
      <line num="1158" count="0" type="stmt"/>
      <line num="1160" count="0" type="stmt"/>
      <line num="1161" count="0" type="cond" truecount="0" falsecount="4"/>
      <line num="1162" count="0" type="cond" truecount="0" falsecount="2"/>
      <line num="1165" count="0" type="cond" truecount="0" falsecount="9"/>
      <line num="1167" count="0" type="stmt"/>
      <line num="1168" count="0" type="stmt"/>
      <line num="1169" count="0" type="stmt"/>
      <line num="1170" count="0" type="cond" truecount="0" falsecount="2"/>
      <line num="1171" count="0" type="cond" truecount="0" falsecount="8"/>
      <line num="1172" count="0" type="cond" truecount="0" falsecount="6"/>
      <line num="1173" count="0" type="cond" truecount="0" falsecount="2"/>
      <line num="1174" count="0" type="stmt"/>
      <line num="1175" count="0" type="cond" truecount="0" falsecount="2"/>
      <line num="1177" count="0" type="cond" truecount="0" falsecount="2"/>
      <line num="1178" count="0" type="cond" truecount="0" falsecount="2"/>
      <line num="1179" count="0" type="stmt"/>
      <line num="1180" count="0" type="cond" truecount="0" falsecount="2"/>
      <line num="1181" count="0" type="stmt"/>
      <line num="1182" count="0" type="cond" truecount="0" falsecount="5"/>
      <line num="1184" count="0" type="cond" truecount="0" falsecount="2"/>
      <line num="1185" count="0" type="stmt"/>
      <line num="1186" count="0" type="stmt"/>
      <line num="1187" count="0" type="cond" truecount="0" falsecount="7"/>
      <line num="1192" count="0" type="stmt"/>
      <line num="1193" count="0" type="stmt"/>
      <line num="1196" count="0" type="stmt"/>
      <line num="1197" count="0" type="cond" truecount="0" falsecount="2"/>
      <line num="1198" count="0" type="stmt"/>
      <line num="1199" count="0" type="cond" truecount="0" falsecount="2"/>
      <line num="1200" count="0" type="cond" truecount="0" falsecount="2"/>
      <line num="1201" count="0" type="cond" truecount="0" falsecount="2"/>
      <line num="1202" count="0" type="cond" truecount="0" falsecount="2"/>
      <line num="1203" count="0" type="stmt"/>
      <line num="1204" count="0" type="cond" truecount="0" falsecount="2"/>
      <line num="1205" count="0" type="cond" truecount="0" falsecount="8"/>
      <line num="1206" count="0" type="stmt"/>
      <line num="1209" count="0" type="stmt"/>
      <line num="1210" count="0" type="stmt"/>
      <line num="1211" count="0" type="cond" truecount="0" falsecount="2"/>
      <line num="1212" count="0" type="stmt"/>
      <line num="1213" count="0" type="cond" truecount="0" falsecount="2"/>
      <line num="1214" count="0" type="cond" truecount="0" falsecount="2"/>
      <line num="1215" count="0" type="cond" truecount="0" falsecount="2"/>
      <line num="1217" count="0" type="cond" truecount="0" falsecount="4"/>
      <line num="1218" count="0" type="stmt"/>
      <line num="1226" count="0" type="stmt"/>
      <line num="1227" count="0" type="cond" truecount="0" falsecount="2"/>
      <line num="1228" count="0" type="stmt"/>
      <line num="1229" count="0" type="stmt"/>
      <line num="1230" count="0" type="cond" truecount="0" falsecount="2"/>
      <line num="1231" count="0" type="stmt"/>
      <line num="1236" count="0" type="stmt"/>
      <line num="1237" count="0" type="cond" truecount="0" falsecount="4"/>
      <line num="1238" count="0" type="cond" truecount="0" falsecount="7"/>
      <line num="1239" count="0" type="cond" truecount="0" falsecount="8"/>
      <line num="1240" count="0" type="cond" truecount="0" falsecount="3"/>
      <line num="1241" count="0" type="cond" truecount="0" falsecount="3"/>
      <line num="1242" count="0" type="cond" truecount="0" falsecount="5"/>
      <line num="1243" count="0" type="cond" truecount="0" falsecount="24"/>
      <line num="1246" count="0" type="cond" truecount="0" falsecount="4"/>
      <line num="1249" count="0" type="stmt"/>
      <line num="1251" count="0" type="stmt"/>
      <line num="1254" count="0" type="stmt"/>
      <line num="1255" count="0" type="stmt"/>
      <line num="1256" count="0" type="cond" truecount="0" falsecount="2"/>
      <line num="1257" count="0" type="stmt"/>
      <line num="1258" count="0" type="cond" truecount="0" falsecount="2"/>
      <line num="1259" count="0" type="cond" truecount="0" falsecount="2"/>
      <line num="1260" count="0" type="cond" truecount="0" falsecount="2"/>
      <line num="1262" count="0" type="cond" truecount="0" falsecount="2"/>
      <line num="1263" count="0" type="cond" truecount="0" falsecount="4"/>
      <line num="1264" count="0" type="stmt"/>
      <line num="1269" count="0" type="cond" truecount="0" falsecount="2"/>
      <line num="1270" count="0" type="stmt"/>
      <line num="1277" count="0" type="stmt"/>
      <line num="1279" count="0" type="stmt"/>
      <line num="1283" count="0" type="stmt"/>
      <line num="1284" count="0" type="stmt"/>
      <line num="1285" count="0" type="cond" truecount="0" falsecount="2"/>
      <line num="1286" count="0" type="stmt"/>
      <line num="1287" count="0" type="cond" truecount="0" falsecount="2"/>
      <line num="1288" count="0" type="cond" truecount="0" falsecount="2"/>
      <line num="1289" count="0" type="cond" truecount="0" falsecount="2"/>
      <line num="1290" count="0" type="cond" truecount="0" falsecount="2"/>
      <line num="1291" count="0" type="stmt"/>
      <line num="1292" count="0" type="cond" truecount="0" falsecount="3"/>
      <line num="1293" count="0" type="cond" truecount="0" falsecount="2"/>
      <line num="1294" count="0" type="stmt"/>
      <line num="1295" count="0" type="cond" truecount="0" falsecount="2"/>
      <line num="1296" count="0" type="cond" truecount="0" falsecount="4"/>
      <line num="1298" count="0" type="cond" truecount="0" falsecount="4"/>
      <line num="1299" count="0" type="stmt"/>
      <line num="1304" count="0" type="cond" truecount="0" falsecount="2"/>
      <line num="1305" count="0" type="stmt"/>
      <line num="1312" count="0" type="cond" truecount="0" falsecount="2"/>
      <line num="1314" count="0" type="stmt"/>
      <line num="1317" count="0" type="stmt"/>
      <line num="1318" count="0" type="stmt"/>
      <line num="1319" count="0" type="stmt"/>
      <line num="1320" count="0" type="stmt"/>
      <line num="1321" count="0" type="cond" truecount="0" falsecount="2"/>
      <line num="1322" count="0" type="cond" truecount="0" falsecount="2"/>
      <line num="1323" count="0" type="cond" truecount="0" falsecount="4"/>
      <line num="1324" count="0" type="stmt"/>
      <line num="1325" count="0" type="cond" truecount="0" falsecount="2"/>
      <line num="1327" count="0" type="cond" truecount="0" falsecount="2"/>
      <line num="1328" count="0" type="cond" truecount="0" falsecount="2"/>
      <line num="1329" count="0" type="stmt"/>
      <line num="1330" count="0" type="cond" truecount="0" falsecount="4"/>
      <line num="1331" count="0" type="cond" truecount="0" falsecount="2"/>
      <line num="1332" count="0" type="stmt"/>
      <line num="1333" count="0" type="cond" truecount="0" falsecount="5"/>
      <line num="1334" count="0" type="cond" truecount="0" falsecount="5"/>
      <line num="1335" count="0" type="stmt"/>
      <line num="1336" count="0" type="cond" truecount="0" falsecount="5"/>
      <line num="1338" count="0" type="cond" truecount="0" falsecount="2"/>
      <line num="1339" count="0" type="stmt"/>
      <line num="1340" count="0" type="cond" truecount="0" falsecount="5"/>
      <line num="1344" count="0" type="cond" truecount="0" falsecount="4"/>
      <line num="1346" count="0" type="cond" truecount="0" falsecount="2"/>
      <line num="1348" count="0" type="stmt"/>
      <line num="1351" count="0" type="stmt"/>
      <line num="1352" count="0" type="stmt"/>
      <line num="1353" count="0" type="stmt"/>
      <line num="1354" count="0" type="stmt"/>
      <line num="1355" count="0" type="cond" truecount="0" falsecount="2"/>
      <line num="1356" count="0" type="stmt"/>
      <line num="1357" count="0" type="cond" truecount="0" falsecount="2"/>
      <line num="1358" count="0" type="cond" truecount="0" falsecount="8"/>
      <line num="1360" count="0" type="cond" truecount="0" falsecount="2"/>
      <line num="1362" count="0" type="stmt"/>
      <line num="1365" count="0" type="stmt"/>
      <line num="1366" count="0" type="stmt"/>
      <line num="1367" count="0" type="stmt"/>
      <line num="1368" count="0" type="cond" truecount="0" falsecount="2"/>
      <line num="1369" count="0" type="cond" truecount="0" falsecount="2"/>
      <line num="1370" count="0" type="cond" truecount="0" falsecount="2"/>
      <line num="1371" count="0" type="cond" truecount="0" falsecount="4"/>
      <line num="1372" count="0" type="stmt"/>
      <line num="1379" count="0" type="stmt"/>
      <line num="1386" count="0" type="stmt"/>
      <line num="1388" count="0" type="stmt"/>
      <line num="1392" count="0" type="cond" truecount="0" falsecount="4"/>
      <line num="1393" count="0" type="stmt"/>
      <line num="1397" count="0" type="stmt"/>
      <line num="1400" count="0" type="stmt"/>
      <line num="1405" count="3" type="stmt"/>
      <line num="1408" count="3" type="cond" truecount="1" falsecount="1"/>
      <line num="1409" count="0" type="cond" truecount="0" falsecount="2"/>
      <line num="1410" count="0" type="stmt"/>
      <line num="1411" count="0" type="stmt"/>
    </file>
    <file name="logoUpload.js" path="C:\VS Projects\Portfolio Builder\portfolio-builder\backend\server\logoUpload.js">
      <metrics statements="21" coveredstatements="9" conditionals="6" coveredconditionals="0" methods="3" coveredmethods="0"/>
      <line num="1" count="3" type="stmt"/>
      <line num="2" count="3" type="stmt"/>
      <line num="3" count="3" type="stmt"/>
      <line num="4" count="3" type="stmt"/>
      <line num="6" count="3" type="stmt"/>
      <line num="8" count="3" type="stmt"/>
      <line num="10" count="0" type="stmt"/>
      <line num="11" count="0" type="cond" truecount="0" falsecount="2"/>
      <line num="12" count="0" type="stmt"/>
      <line num="14" count="0" type="stmt"/>
      <line num="18" count="0" type="stmt"/>
      <line num="19" count="0" type="cond" truecount="0" falsecount="2"/>
      <line num="20" count="0" type="stmt"/>
      <line num="24" count="3" type="stmt"/>
      <line num="26" count="3" type="stmt"/>
      <line num="27" count="0" type="cond" truecount="0" falsecount="2"/>
      <line num="28" count="0" type="stmt"/>
      <line num="30" count="0" type="stmt"/>
      <line num="31" count="0" type="stmt"/>
      <line num="32" count="0" type="stmt"/>
      <line num="35" count="3" type="stmt"/>
    </file>
  </project>
</coverage>
