{"C:\\VS Projects\\Portfolio Builder\\portfolio-builder\\backend\\server\\index.js": {"path":"C:\\VS Projects\\Portfolio Builder\\portfolio-builder\\backend\\server\\index.js","statementMap":{"0":{"start":{"line":5,"column":16},"end":{"line":5,"column":34}},"1":{"start":{"line":6,"column":13},"end":{"line":6,"column":28}},"2":{"start":{"line":7,"column":19},"end":{"line":7,"column":42}},"3":{"start":{"line":8,"column":12},"end":{"line":8,"column":35}},"4":{"start":{"line":9,"column":15},"end":{"line":9,"column":34}},"5":{"start":{"line":10,"column":15},"end":{"line":10,"column":32}},"6":{"start":{"line":11,"column":17},"end":{"line":11,"column":30}},"7":{"start":{"line":12,"column":19},"end":{"line":12,"column":40}},"8":{"start":{"line":13,"column":18},"end":{"line":13,"column":47}},"9":{"start":{"line":14,"column":15},"end":{"line":14,"column":34}},"10":{"start":{"line":15,"column":44},"end":{"line":15,"column":79}},"11":{"start":{"line":16,"column":13},"end":{"line":16,"column":28}},"12":{"start":{"line":18,"column":12},"end":{"line":18,"column":21}},"13":{"start":{"line":19,"column":0},"end":{"line":19,"column":16}},"14":{"start":{"line":20,"column":0},"end":{"line":20,"column":48}},"15":{"start":{"line":22,"column":0},"end":{"line":22,"column":77}},"16":{"start":{"line":22,"column":52},"end":{"line":22,"column":70}},"17":{"start":{"line":25,"column":20},"end":{"line":25,"column":45}},"18":{"start":{"line":26,"column":0},"end":{"line":26,"column":29}},"19":{"start":{"line":28,"column":23},"end":{"line":28,"column":51}},"20":{"start":{"line":29,"column":0},"end":{"line":29,"column":41}},"21":{"start":{"line":32,"column":25},"end":{"line":32,"column":55}},"22":{"start":{"line":33,"column":0},"end":{"line":33,"column":45}},"23":{"start":{"line":36,"column":24},"end":{"line":36,"column":53}},"24":{"start":{"line":37,"column":0},"end":{"line":37,"column":43}},"25":{"start":{"line":42,"column":21},"end":{"line":42,"column":47}},"26":{"start":{"line":43,"column":0},"end":{"line":43,"column":37}},"27":{"start":{"line":46,"column":23},"end":{"line":46,"column":51}},"28":{"start":{"line":47,"column":0},"end":{"line":47,"column":41}},"29":{"start":{"line":50,"column":23},"end":{"line":50,"column":51}},"30":{"start":{"line":51,"column":0},"end":{"line":51,"column":37}},"31":{"start":{"line":56,"column":20},"end":{"line":56,"column":45}},"32":{"start":{"line":57,"column":0},"end":{"line":57,"column":31}},"33":{"start":{"line":60,"column":0},"end":{"line":60,"column":64}},"34":{"start":{"line":63,"column":0},"end":{"line":68,"column":1}},"35":{"start":{"line":64,"column":14},"end":{"line":64,"column":38}},"36":{"start":{"line":65,"column":1},"end":{"line":67,"column":4}},"37":{"start":{"line":66,"column":2},"end":{"line":66,"column":48}}},"fnMap":{"0":{"name":"(anonymous_0)","decl":{"start":{"line":22,"column":31},"end":{"line":22,"column":32}},"loc":{"start":{"line":22,"column":50},"end":{"line":22,"column":72}},"line":22},"1":{"name":"(anonymous_1)","decl":{"start":{"line":65,"column":18},"end":{"line":65,"column":19}},"loc":{"start":{"line":65,"column":24},"end":{"line":67,"column":2}},"line":65}},"branchMap":{"0":{"loc":{"start":{"line":63,"column":0},"end":{"line":68,"column":1}},"type":"if","locations":[{"start":{"line":63,"column":0},"end":{"line":68,"column":1}},{"start":{},"end":{}}],"line":63},"1":{"loc":{"start":{"line":64,"column":14},"end":{"line":64,"column":38}},"type":"binary-expr","locations":[{"start":{"line":64,"column":14},"end":{"line":64,"column":30}},{"start":{"line":64,"column":34},"end":{"line":64,"column":38}}],"line":64}},"s":{"0":3,"1":3,"2":3,"3":3,"4":3,"5":3,"6":3,"7":3,"8":3,"9":3,"10":3,"11":3,"12":3,"13":3,"14":3,"15":3,"16":6,"17":3,"18":3,"19":3,"20":3,"21":3,"22":3,"23":3,"24":3,"25":3,"26":3,"27":3,"28":3,"29":3,"30":3,"31":3,"32":3,"33":3,"34":3,"35":0,"36":0,"37":0},"f":{"0":6,"1":0},"b":{"0":[0,3],"1":[0,0]},"_coverageSchema":"1a1c01bbd47fc00a2c39e90264f33305004495a9","hash":"2814346a19d1b36ccf2463f13aa3df5fcff9229f"}
,"C:\\VS Projects\\Portfolio Builder\\portfolio-builder\\backend\\server\\logoUpload.js": {"path":"C:\\VS Projects\\Portfolio Builder\\portfolio-builder\\backend\\server\\logoUpload.js","statementMap":{"0":{"start":{"line":1,"column":16},"end":{"line":1,"column":34}},"1":{"start":{"line":2,"column":15},"end":{"line":2,"column":32}},"2":{"start":{"line":3,"column":13},"end":{"line":3,"column":28}},"3":{"start":{"line":4,"column":11},"end":{"line":4,"column":24}},"4":{"start":{"line":6,"column":15},"end":{"line":6,"column":31}},"5":{"start":{"line":8,"column":16},"end":{"line":22,"column":2}},"6":{"start":{"line":10,"column":16},"end":{"line":10,"column":62}},"7":{"start":{"line":11,"column":4},"end":{"line":13,"column":5}},"8":{"start":{"line":12,"column":6},"end":{"line":12,"column":45}},"9":{"start":{"line":14,"column":4},"end":{"line":14,"column":18}},"10":{"start":{"line":18,"column":19},"end":{"line":18,"column":37}},"11":{"start":{"line":19,"column":4},"end":{"line":19,"column":40}},"12":{"start":{"line":19,"column":19},"end":{"line":19,"column":40}},"13":{"start":{"line":20,"column":4},"end":{"line":20,"column":67}},"14":{"start":{"line":24,"column":15},"end":{"line":24,"column":34}},"15":{"start":{"line":26,"column":0},"end":{"line":33,"column":3}},"16":{"start":{"line":27,"column":2},"end":{"line":29,"column":3}},"17":{"start":{"line":28,"column":4},"end":{"line":28,"column":63}},"18":{"start":{"line":30,"column":19},"end":{"line":30,"column":37}},"19":{"start":{"line":31,"column":19},"end":{"line":31,"column":96}},"20":{"start":{"line":32,"column":2},"end":{"line":32,"column":34}},"21":{"start":{"line":35,"column":0},"end":{"line":35,"column":24}}},"fnMap":{"0":{"name":"(anonymous_0)","decl":{"start":{"line":9,"column":15},"end":{"line":9,"column":16}},"loc":{"start":{"line":9,"column":40},"end":{"line":15,"column":3}},"line":9},"1":{"name":"(anonymous_1)","decl":{"start":{"line":16,"column":12},"end":{"line":16,"column":13}},"loc":{"start":{"line":16,"column":37},"end":{"line":21,"column":3}},"line":16},"2":{"name":"(anonymous_2)","decl":{"start":{"line":26,"column":51},"end":{"line":26,"column":52}},"loc":{"start":{"line":26,"column":65},"end":{"line":33,"column":1}},"line":26}},"branchMap":{"0":{"loc":{"start":{"line":11,"column":4},"end":{"line":13,"column":5}},"type":"if","locations":[{"start":{"line":11,"column":4},"end":{"line":13,"column":5}},{"start":{},"end":{}}],"line":11},"1":{"loc":{"start":{"line":19,"column":4},"end":{"line":19,"column":40}},"type":"if","locations":[{"start":{"line":19,"column":4},"end":{"line":19,"column":40}},{"start":{},"end":{}}],"line":19},"2":{"loc":{"start":{"line":27,"column":2},"end":{"line":29,"column":3}},"type":"if","locations":[{"start":{"line":27,"column":2},"end":{"line":29,"column":3}},{"start":{},"end":{}}],"line":27}},"s":{"0":3,"1":3,"2":3,"3":3,"4":3,"5":3,"6":0,"7":0,"8":0,"9":0,"10":0,"11":0,"12":0,"13":0,"14":3,"15":3,"16":0,"17":0,"18":0,"19":0,"20":0,"21":3},"f":{"0":0,"1":0,"2":0},"b":{"0":[0,0],"1":[0,0],"2":[0,0]},"_coverageSchema":"1a1c01bbd47fc00a2c39e90264f33305004495a9","hash":"f2fd9e222ce8ec1e88bce6f9503a03a7622fed78"}
,"C:\\VS Projects\\Portfolio Builder\\portfolio-builder\\backend\\server\\mailer.js": {"path":"C:\\VS Projects\\Portfolio Builder\\portfolio-builder\\backend\\server\\mailer.js","statementMap":{"0":{"start":{"line":2,"column":19},"end":{"line":2,"column":40}},"1":{"start":{"line":4,"column":18},"end":{"line":4,"column":22}},"2":{"start":{"line":5,"column":0},"end":{"line":15,"column":1}},"3":{"start":{"line":6,"column":2},"end":{"line":11,"column":5}},"4":{"start":{"line":14,"column":2},"end":{"line":14,"column":21}},"5":{"start":{"line":17,"column":0},"end":{"line":23,"column":2}},"6":{"start":{"line":18,"column":2},"end":{"line":21,"column":3}},"7":{"start":{"line":19,"column":4},"end":{"line":19,"column":48}},"8":{"start":{"line":20,"column":4},"end":{"line":20,"column":26}},"9":{"start":{"line":22,"column":2},"end":{"line":22,"column":35}}},"fnMap":{"0":{"name":"(anonymous_0)","decl":{"start":{"line":17,"column":19},"end":{"line":17,"column":20}},"loc":{"start":{"line":17,"column":34},"end":{"line":23,"column":1}},"line":17}},"branchMap":{"0":{"loc":{"start":{"line":5,"column":0},"end":{"line":15,"column":1}},"type":"if","locations":[{"start":{"line":5,"column":0},"end":{"line":15,"column":1}},{"start":{"line":12,"column":7},"end":{"line":15,"column":1}}],"line":5},"1":{"loc":{"start":{"line":5,"column":4},"end":{"line":5,"column":50}},"type":"binary-expr","locations":[{"start":{"line":5,"column":4},"end":{"line":5,"column":25}},{"start":{"line":5,"column":29},"end":{"line":5,"column":50}}],"line":5},"2":{"loc":{"start":{"line":8,"column":10},"end":{"line":8,"column":75}},"type":"cond-expr","locations":[{"start":{"line":8,"column":34},"end":{"line":8,"column":69}},{"start":{"line":8,"column":72},"end":{"line":8,"column":75}}],"line":8},"3":{"loc":{"start":{"line":18,"column":2},"end":{"line":21,"column":3}},"type":"if","locations":[{"start":{"line":18,"column":2},"end":{"line":21,"column":3}},{"start":{},"end":{}}],"line":18}},"s":{"0":5,"1":5,"2":5,"3":1,"4":4,"5":5,"6":2,"7":1,"8":1,"9":1},"f":{"0":2},"b":{"0":[1,4],"1":[5,1],"2":[1,0],"3":[1,1]},"_coverageSchema":"1a1c01bbd47fc00a2c39e90264f33305004495a9","hash":"1851519cc63167b8196895dd9dceaece2f5e8b45"}
,"C:\\VS Projects\\Portfolio Builder\\portfolio-builder\\backend\\server\\config\\index.js": {"path":"C:\\VS Projects\\Portfolio Builder\\portfolio-builder\\backend\\server\\config\\index.js","statementMap":{"0":{"start":{"line":1,"column":13},"end":{"line":1,"column":28}},"1":{"start":{"line":3,"column":0},"end":{"line":3,"column":74}},"2":{"start":{"line":5,"column":0},"end":{"line":10,"column":2}}},"fnMap":{},"branchMap":{"0":{"loc":{"start":{"line":6,"column":14},"end":{"line":6,"column":57}},"type":"binary-expr","locations":[{"start":{"line":6,"column":14},"end":{"line":6,"column":36}},{"start":{"line":6,"column":40},"end":{"line":6,"column":57}}],"line":6},"1":{"loc":{"start":{"line":7,"column":21},"end":{"line":7,"column":105}},"type":"binary-expr","locations":[{"start":{"line":7,"column":21},"end":{"line":7,"column":50}},{"start":{"line":7,"column":54},"end":{"line":7,"column":78}},{"start":{"line":7,"column":82},"end":{"line":7,"column":105}}],"line":7}},"s":{"0":4,"1":4,"2":4},"f":{},"b":{"0":[4,4],"1":[4,4,4]},"_coverageSchema":"1a1c01bbd47fc00a2c39e90264f33305004495a9","hash":"9c953c1a04225ae622c15aa3317889d154c81081"}
,"C:\\VS Projects\\Portfolio Builder\\portfolio-builder\\backend\\server\\controllers\\adminController.js": {"path":"C:\\VS Projects\\Portfolio Builder\\portfolio-builder\\backend\\server\\controllers\\adminController.js","statementMap":{"0":{"start":{"line":1,"column":12},"end":{"line":1,"column":35}},"1":{"start":{"line":2,"column":13},"end":{"line":2,"column":29}},"2":{"start":{"line":3,"column":13},"end":{"line":3,"column":28}},"3":{"start":{"line":4,"column":15},"end":{"line":4,"column":35}},"4":{"start":{"line":6,"column":0},"end":{"line":31,"column":2}},"5":{"start":{"line":7,"column":2},"end":{"line":30,"column":3}},"6":{"start":{"line":9,"column":4},"end":{"line":19,"column":5}},"7":{"start":{"line":10,"column":19},"end":{"line":10,"column":47}},"8":{"start":{"line":11,"column":20},"end":{"line":11,"column":46}},"9":{"start":{"line":12,"column":6},"end":{"line":12,"column":73}},"10":{"start":{"line":12,"column":18},"end":{"line":12,"column":73}},"11":{"start":{"line":13,"column":6},"end":{"line":18,"column":7}},"12":{"start":{"line":14,"column":24},"end":{"line":14,"column":60}},"13":{"start":{"line":15,"column":8},"end":{"line":15,"column":102}},"14":{"start":{"line":15,"column":50},"end":{"line":15,"column":102}},"15":{"start":{"line":17,"column":8},"end":{"line":17,"column":64}},"16":{"start":{"line":21,"column":27},"end":{"line":21,"column":76}},"17":{"start":{"line":22,"column":23},"end":{"line":22,"column":102}},"18":{"start":{"line":23,"column":27},"end":{"line":23,"column":164}},"19":{"start":{"line":24,"column":23},"end":{"line":24,"column":168}},"20":{"start":{"line":26,"column":4},"end":{"line":26,"column":187}},"21":{"start":{"line":28,"column":4},"end":{"line":28,"column":93}},"22":{"start":{"line":29,"column":4},"end":{"line":29,"column":60}},"23":{"start":{"line":33,"column":0},"end":{"line":65,"column":2}},"24":{"start":{"line":35,"column":2},"end":{"line":37,"column":3}},"25":{"start":{"line":36,"column":4},"end":{"line":36,"column":76}},"26":{"start":{"line":39,"column":2},"end":{"line":49,"column":3}},"27":{"start":{"line":40,"column":17},"end":{"line":40,"column":45}},"28":{"start":{"line":41,"column":18},"end":{"line":41,"column":44}},"29":{"start":{"line":42,"column":4},"end":{"line":42,"column":71}},"30":{"start":{"line":42,"column":16},"end":{"line":42,"column":71}},"31":{"start":{"line":43,"column":4},"end":{"line":48,"column":5}},"32":{"start":{"line":44,"column":22},"end":{"line":44,"column":58}},"33":{"start":{"line":45,"column":6},"end":{"line":45,"column":100}},"34":{"start":{"line":45,"column":48},"end":{"line":45,"column":100}},"35":{"start":{"line":47,"column":6},"end":{"line":47,"column":62}},"36":{"start":{"line":51,"column":2},"end":{"line":64,"column":3}},"37":{"start":{"line":52,"column":21},"end":{"line":52,"column":45}},"38":{"start":{"line":53,"column":16},"end":{"line":53,"column":51}},"39":{"start":{"line":54,"column":4},"end":{"line":60,"column":7}},"40":{"start":{"line":55,"column":6},"end":{"line":58,"column":7}},"41":{"start":{"line":56,"column":8},"end":{"line":56,"column":93}},"42":{"start":{"line":57,"column":8},"end":{"line":57,"column":106}},"43":{"start":{"line":59,"column":6},"end":{"line":59,"column":47}},"44":{"start":{"line":62,"column":4},"end":{"line":62,"column":90}},"45":{"start":{"line":63,"column":4},"end":{"line":63,"column":66}}},"fnMap":{"0":{"name":"(anonymous_0)","decl":{"start":{"line":6,"column":19},"end":{"line":6,"column":20}},"loc":{"start":{"line":6,"column":39},"end":{"line":31,"column":1}},"line":6},"1":{"name":"(anonymous_1)","decl":{"start":{"line":33,"column":24},"end":{"line":33,"column":25}},"loc":{"start":{"line":33,"column":44},"end":{"line":65,"column":1}},"line":33},"2":{"name":"(anonymous_2)","decl":{"start":{"line":54,"column":80},"end":{"line":54,"column":81}},"loc":{"start":{"line":54,"column":105},"end":{"line":60,"column":5}},"line":54}},"branchMap":{"0":{"loc":{"start":{"line":9,"column":4},"end":{"line":19,"column":5}},"type":"if","locations":[{"start":{"line":9,"column":4},"end":{"line":19,"column":5}},{"start":{},"end":{}}],"line":9},"1":{"loc":{"start":{"line":11,"column":20},"end":{"line":11,"column":46}},"type":"binary-expr","locations":[{"start":{"line":11,"column":20},"end":{"line":11,"column":24}},{"start":{"line":11,"column":28},"end":{"line":11,"column":46}}],"line":11},"2":{"loc":{"start":{"line":12,"column":6},"end":{"line":12,"column":73}},"type":"if","locations":[{"start":{"line":12,"column":6},"end":{"line":12,"column":73}},{"start":{},"end":{}}],"line":12},"3":{"loc":{"start":{"line":15,"column":8},"end":{"line":15,"column":102}},"type":"if","locations":[{"start":{"line":15,"column":8},"end":{"line":15,"column":102}},{"start":{},"end":{}}],"line":15},"4":{"loc":{"start":{"line":15,"column":12},"end":{"line":15,"column":48}},"type":"binary-expr","locations":[{"start":{"line":15,"column":12},"end":{"line":15,"column":20}},{"start":{"line":15,"column":24},"end":{"line":15,"column":48}}],"line":15},"5":{"loc":{"start":{"line":28,"column":51},"end":{"line":28,"column":91}},"type":"binary-expr","locations":[{"start":{"line":28,"column":51},"end":{"line":28,"column":54}},{"start":{"line":28,"column":59},"end":{"line":28,"column":68}},{"start":{"line":28,"column":72},"end":{"line":28,"column":83}},{"start":{"line":28,"column":87},"end":{"line":28,"column":90}}],"line":28},"6":{"loc":{"start":{"line":35,"column":2},"end":{"line":37,"column":3}},"type":"if","locations":[{"start":{"line":35,"column":2},"end":{"line":37,"column":3}},{"start":{},"end":{}}],"line":35},"7":{"loc":{"start":{"line":39,"column":2},"end":{"line":49,"column":3}},"type":"if","locations":[{"start":{"line":39,"column":2},"end":{"line":49,"column":3}},{"start":{},"end":{}}],"line":39},"8":{"loc":{"start":{"line":41,"column":18},"end":{"line":41,"column":44}},"type":"binary-expr","locations":[{"start":{"line":41,"column":18},"end":{"line":41,"column":22}},{"start":{"line":41,"column":26},"end":{"line":41,"column":44}}],"line":41},"9":{"loc":{"start":{"line":42,"column":4},"end":{"line":42,"column":71}},"type":"if","locations":[{"start":{"line":42,"column":4},"end":{"line":42,"column":71}},{"start":{},"end":{}}],"line":42},"10":{"loc":{"start":{"line":45,"column":6},"end":{"line":45,"column":100}},"type":"if","locations":[{"start":{"line":45,"column":6},"end":{"line":45,"column":100}},{"start":{},"end":{}}],"line":45},"11":{"loc":{"start":{"line":45,"column":10},"end":{"line":45,"column":46}},"type":"binary-expr","locations":[{"start":{"line":45,"column":10},"end":{"line":45,"column":18}},{"start":{"line":45,"column":22},"end":{"line":45,"column":46}}],"line":45},"12":{"loc":{"start":{"line":55,"column":6},"end":{"line":58,"column":7}},"type":"if","locations":[{"start":{"line":55,"column":6},"end":{"line":58,"column":7}},{"start":{},"end":{}}],"line":55},"13":{"loc":{"start":{"line":56,"column":51},"end":{"line":56,"column":91}},"type":"binary-expr","locations":[{"start":{"line":56,"column":51},"end":{"line":56,"column":54}},{"start":{"line":56,"column":59},"end":{"line":56,"column":68}},{"start":{"line":56,"column":72},"end":{"line":56,"column":83}},{"start":{"line":56,"column":87},"end":{"line":56,"column":90}}],"line":56},"14":{"loc":{"start":{"line":57,"column":81},"end":{"line":57,"column":102}},"type":"binary-expr","locations":[{"start":{"line":57,"column":81},"end":{"line":57,"column":87}},{"start":{"line":57,"column":91},"end":{"line":57,"column":102}}],"line":57},"15":{"loc":{"start":{"line":62,"column":56},"end":{"line":62,"column":88}},"type":"binary-expr","locations":[{"start":{"line":62,"column":56},"end":{"line":62,"column":57}},{"start":{"line":62,"column":62},"end":{"line":62,"column":69}},{"start":{"line":62,"column":73},"end":{"line":62,"column":82}},{"start":{"line":62,"column":86},"end":{"line":62,"column":87}}],"line":62}},"s":{"0":3,"1":3,"2":3,"3":3,"4":3,"5":0,"6":0,"7":0,"8":0,"9":0,"10":0,"11":0,"12":0,"13":0,"14":0,"15":0,"16":0,"17":0,"18":0,"19":0,"20":0,"21":0,"22":0,"23":3,"24":0,"25":0,"26":0,"27":0,"28":0,"29":0,"30":0,"31":0,"32":0,"33":0,"34":0,"35":0,"36":0,"37":0,"38":0,"39":0,"40":0,"41":0,"42":0,"43":0,"44":0,"45":0},"f":{"0":0,"1":0,"2":0},"b":{"0":[0,0],"1":[0,0],"2":[0,0],"3":[0,0],"4":[0,0],"5":[0,0,0,0],"6":[0,0],"7":[0,0],"8":[0,0],"9":[0,0],"10":[0,0],"11":[0,0],"12":[0,0],"13":[0,0,0,0],"14":[0,0],"15":[0,0,0,0]},"_coverageSchema":"1a1c01bbd47fc00a2c39e90264f33305004495a9","hash":"e5c42182538ab2d4d0fdce55d36358ff28df47f9"}
,"C:\\VS Projects\\Portfolio Builder\\portfolio-builder\\backend\\server\\controllers\\checkoutController.js": {"path":"C:\\VS Projects\\Portfolio Builder\\portfolio-builder\\backend\\server\\controllers\\checkoutController.js","statementMap":{"0":{"start":{"line":1,"column":12},"end":{"line":1,"column":35}},"1":{"start":{"line":2,"column":13},"end":{"line":2,"column":29}},"2":{"start":{"line":3,"column":15},"end":{"line":3,"column":35}},"3":{"start":{"line":5,"column":0},"end":{"line":36,"column":2}},"4":{"start":{"line":6,"column":63},"end":{"line":6,"column":71}},"5":{"start":{"line":7,"column":2},"end":{"line":7,"column":79}},"6":{"start":{"line":7,"column":16},"end":{"line":7,"column":79}},"7":{"start":{"line":8,"column":23},"end":{"line":8,"column":58}},"8":{"start":{"line":9,"column":17},"end":{"line":9,"column":41}},"9":{"start":{"line":10,"column":2},"end":{"line":10,"column":82}},"10":{"start":{"line":10,"column":15},"end":{"line":10,"column":82}},"11":{"start":{"line":11,"column":21},"end":{"line":11,"column":49}},"12":{"start":{"line":12,"column":16},"end":{"line":12,"column":54}},"13":{"start":{"line":13,"column":15},"end":{"line":13,"column":19}},"14":{"start":{"line":14,"column":22},"end":{"line":14,"column":26}},"15":{"start":{"line":15,"column":2},"end":{"line":22,"column":3}},"16":{"start":{"line":16,"column":4},"end":{"line":21,"column":36}},"17":{"start":{"line":17,"column":22},"end":{"line":17,"column":58}},"18":{"start":{"line":18,"column":6},"end":{"line":18,"column":26}},"19":{"start":{"line":19,"column":16},"end":{"line":19,"column":83}},"20":{"start":{"line":20,"column":6},"end":{"line":20,"column":53}},"21":{"start":{"line":20,"column":21},"end":{"line":20,"column":53}},"22":{"start":{"line":21,"column":20},"end":{"line":21,"column":34}},"23":{"start":{"line":23,"column":2},"end":{"line":35,"column":3}},"24":{"start":{"line":24,"column":24},"end":{"line":24,"column":108}},"25":{"start":{"line":25,"column":23},"end":{"line":25,"column":76}},"26":{"start":{"line":26,"column":27},"end":{"line":26,"column":98}},"27":{"start":{"line":27,"column":26},"end":{"line":27,"column":64}},"28":{"start":{"line":28,"column":18},"end":{"line":28,"column":22}},"29":{"start":{"line":29,"column":4},"end":{"line":29,"column":197}},"30":{"start":{"line":29,"column":24},"end":{"line":29,"column":128}},"31":{"start":{"line":29,"column":130},"end":{"line":29,"column":182}},"32":{"start":{"line":29,"column":149},"end":{"line":29,"column":182}},"33":{"start":{"line":30,"column":18},"end":{"line":30,"column":434}},"34":{"start":{"line":31,"column":4},"end":{"line":31,"column":51}},"35":{"start":{"line":33,"column":4},"end":{"line":33,"column":59}},"36":{"start":{"line":34,"column":4},"end":{"line":34,"column":74}},"37":{"start":{"line":38,"column":0},"end":{"line":61,"column":2}},"38":{"start":{"line":39,"column":20},"end":{"line":39,"column":40}},"39":{"start":{"line":40,"column":2},"end":{"line":40,"column":80}},"40":{"start":{"line":40,"column":18},"end":{"line":40,"column":80}},"41":{"start":{"line":41,"column":23},"end":{"line":41,"column":58}},"42":{"start":{"line":42,"column":17},"end":{"line":42,"column":41}},"43":{"start":{"line":43,"column":2},"end":{"line":43,"column":81}},"44":{"start":{"line":43,"column":15},"end":{"line":43,"column":81}},"45":{"start":{"line":44,"column":2},"end":{"line":60,"column":3}},"46":{"start":{"line":45,"column":18},"end":{"line":45,"column":116}},"47":{"start":{"line":46,"column":21},"end":{"line":46,"column":43}},"48":{"start":{"line":47,"column":15},"end":{"line":47,"column":19}},"49":{"start":{"line":48,"column":16},"end":{"line":48,"column":20}},"50":{"start":{"line":49,"column":4},"end":{"line":55,"column":5}},"51":{"start":{"line":50,"column":6},"end":{"line":54,"column":96}},"52":{"start":{"line":51,"column":18},"end":{"line":51,"column":137}},"53":{"start":{"line":52,"column":8},"end":{"line":52,"column":33}},"54":{"start":{"line":53,"column":8},"end":{"line":53,"column":128}},"55":{"start":{"line":53,"column":18},"end":{"line":53,"column":128}},"56":{"start":{"line":54,"column":20},"end":{"line":54,"column":94}},"57":{"start":{"line":56,"column":4},"end":{"line":56,"column":39}},"58":{"start":{"line":58,"column":4},"end":{"line":58,"column":74}},"59":{"start":{"line":59,"column":4},"end":{"line":59,"column":63}}},"fnMap":{"0":{"name":"(anonymous_0)","decl":{"start":{"line":5,"column":24},"end":{"line":5,"column":25}},"loc":{"start":{"line":5,"column":44},"end":{"line":36,"column":1}},"line":5},"1":{"name":"(anonymous_1)","decl":{"start":{"line":38,"column":21},"end":{"line":38,"column":22}},"loc":{"start":{"line":38,"column":41},"end":{"line":61,"column":1}},"line":38}},"branchMap":{"0":{"loc":{"start":{"line":6,"column":19},"end":{"line":6,"column":35}},"type":"default-arg","locations":[{"start":{"line":6,"column":26},"end":{"line":6,"column":35}}],"line":6},"1":{"loc":{"start":{"line":7,"column":2},"end":{"line":7,"column":79}},"type":"if","locations":[{"start":{"line":7,"column":2},"end":{"line":7,"column":79}},{"start":{},"end":{}}],"line":7},"2":{"loc":{"start":{"line":10,"column":2},"end":{"line":10,"column":82}},"type":"if","locations":[{"start":{"line":10,"column":2},"end":{"line":10,"column":82}},{"start":{},"end":{}}],"line":10},"3":{"loc":{"start":{"line":12,"column":16},"end":{"line":12,"column":54}},"type":"binary-expr","locations":[{"start":{"line":12,"column":16},"end":{"line":12,"column":26}},{"start":{"line":12,"column":30},"end":{"line":12,"column":54}}],"line":12},"4":{"loc":{"start":{"line":15,"column":2},"end":{"line":22,"column":3}},"type":"if","locations":[{"start":{"line":15,"column":2},"end":{"line":22,"column":3}},{"start":{},"end":{}}],"line":15},"5":{"loc":{"start":{"line":20,"column":6},"end":{"line":20,"column":53}},"type":"if","locations":[{"start":{"line":20,"column":6},"end":{"line":20,"column":53}},{"start":{},"end":{}}],"line":20},"6":{"loc":{"start":{"line":24,"column":24},"end":{"line":24,"column":108}},"type":"binary-expr","locations":[{"start":{"line":24,"column":24},"end":{"line":24,"column":53}},{"start":{"line":24,"column":57},"end":{"line":24,"column":81}},{"start":{"line":24,"column":85},"end":{"line":24,"column":108}}],"line":24},"7":{"loc":{"start":{"line":25,"column":23},"end":{"line":25,"column":76}},"type":"cond-expr","locations":[{"start":{"line":25,"column":67},"end":{"line":25,"column":69}},{"start":{"line":25,"column":72},"end":{"line":25,"column":76}}],"line":25},"8":{"loc":{"start":{"line":29,"column":130},"end":{"line":29,"column":182}},"type":"if","locations":[{"start":{"line":29,"column":130},"end":{"line":29,"column":182}},{"start":{},"end":{}}],"line":29},"9":{"loc":{"start":{"line":30,"column":170},"end":{"line":30,"column":234}},"type":"binary-expr","locations":[{"start":{"line":30,"column":170},"end":{"line":30,"column":180}},{"start":{"line":30,"column":184},"end":{"line":30,"column":216}},{"start":{"line":30,"column":220},"end":{"line":30,"column":234}}],"line":30},"10":{"loc":{"start":{"line":30,"column":248},"end":{"line":30,"column":309}},"type":"binary-expr","locations":[{"start":{"line":30,"column":248},"end":{"line":30,"column":257}},{"start":{"line":30,"column":261},"end":{"line":30,"column":292}},{"start":{"line":30,"column":296},"end":{"line":30,"column":309}}],"line":30},"11":{"loc":{"start":{"line":30,"column":327},"end":{"line":30,"column":353}},"type":"binary-expr","locations":[{"start":{"line":30,"column":327},"end":{"line":30,"column":340}},{"start":{"line":30,"column":344},"end":{"line":30,"column":353}}],"line":30},"12":{"loc":{"start":{"line":30,"column":375},"end":{"line":30,"column":405}},"type":"cond-expr","locations":[{"start":{"line":30,"column":384},"end":{"line":30,"column":398}},{"start":{"line":30,"column":401},"end":{"line":30,"column":405}}],"line":30},"13":{"loc":{"start":{"line":40,"column":2},"end":{"line":40,"column":80}},"type":"if","locations":[{"start":{"line":40,"column":2},"end":{"line":40,"column":80}},{"start":{},"end":{}}],"line":40},"14":{"loc":{"start":{"line":43,"column":2},"end":{"line":43,"column":81}},"type":"if","locations":[{"start":{"line":43,"column":2},"end":{"line":43,"column":81}},{"start":{},"end":{}}],"line":43},"15":{"loc":{"start":{"line":46,"column":21},"end":{"line":46,"column":43}},"type":"binary-expr","locations":[{"start":{"line":46,"column":21},"end":{"line":46,"column":37}},{"start":{"line":46,"column":41},"end":{"line":46,"column":43}}],"line":46},"16":{"loc":{"start":{"line":49,"column":4},"end":{"line":55,"column":5}},"type":"if","locations":[{"start":{"line":49,"column":4},"end":{"line":55,"column":5}},{"start":{},"end":{}}],"line":49},"17":{"loc":{"start":{"line":52,"column":15},"end":{"line":52,"column":32}},"type":"binary-expr","locations":[{"start":{"line":52,"column":15},"end":{"line":52,"column":24}},{"start":{"line":52,"column":28},"end":{"line":52,"column":32}}],"line":52},"18":{"loc":{"start":{"line":53,"column":8},"end":{"line":53,"column":128}},"type":"if","locations":[{"start":{"line":53,"column":8},"end":{"line":53,"column":128}},{"start":{},"end":{}}],"line":53},"19":{"loc":{"start":{"line":54,"column":78},"end":{"line":54,"column":92}},"type":"binary-expr","locations":[{"start":{"line":54,"column":78},"end":{"line":54,"column":87}},{"start":{"line":54,"column":91},"end":{"line":54,"column":92}}],"line":54},"20":{"loc":{"start":{"line":58,"column":54},"end":{"line":58,"column":72}},"type":"binary-expr","locations":[{"start":{"line":58,"column":54},"end":{"line":58,"column":65}},{"start":{"line":58,"column":69},"end":{"line":58,"column":72}}],"line":58}},"s":{"0":4,"1":4,"2":4,"3":4,"4":2,"5":2,"6":1,"7":1,"8":1,"9":1,"10":0,"11":1,"12":1,"13":1,"14":1,"15":1,"16":1,"17":1,"18":1,"19":1,"20":1,"21":1,"22":0,"23":1,"24":1,"25":1,"26":1,"27":1,"28":1,"29":1,"30":1,"31":1,"32":1,"33":1,"34":1,"35":0,"36":0,"37":4,"38":2,"39":2,"40":1,"41":1,"42":1,"43":1,"44":0,"45":1,"46":1,"47":1,"48":1,"49":1,"50":1,"51":1,"52":1,"53":1,"54":1,"55":1,"56":0,"57":1,"58":0,"59":0},"f":{"0":2,"1":2},"b":{"0":[2],"1":[1,1],"2":[0,1],"3":[1,1],"4":[1,0],"5":[1,0],"6":[1,1,1],"7":[0,1],"8":[1,0],"9":[1,1,1],"10":[1,1,1],"11":[1,0],"12":[1,0],"13":[1,1],"14":[0,1],"15":[1,0],"16":[1,0],"17":[1,0],"18":[1,0],"19":[0,0],"20":[0,0]},"_coverageSchema":"1a1c01bbd47fc00a2c39e90264f33305004495a9","hash":"59a9d4a6a5a3d4fb73b3d9519db4ef510ee05963"}
,"C:\\VS Projects\\Portfolio Builder\\portfolio-builder\\backend\\server\\controllers\\paymentsController.js": {"path":"C:\\VS Projects\\Portfolio Builder\\portfolio-builder\\backend\\server\\controllers\\paymentsController.js","statementMap":{"0":{"start":{"line":1,"column":12},"end":{"line":1,"column":35}},"1":{"start":{"line":2,"column":13},"end":{"line":2,"column":29}},"2":{"start":{"line":3,"column":15},"end":{"line":3,"column":35}},"3":{"start":{"line":4,"column":21},"end":{"line":4,"column":56}},"4":{"start":{"line":6,"column":0},"end":{"line":39,"column":2}},"5":{"start":{"line":8,"column":21},"end":{"line":8,"column":49}},"6":{"start":{"line":9,"column":16},"end":{"line":9,"column":54}},"7":{"start":{"line":10,"column":2},"end":{"line":10,"column":75}},"8":{"start":{"line":10,"column":14},"end":{"line":10,"column":75}},"9":{"start":{"line":12,"column":2},"end":{"line":17,"column":3}},"10":{"start":{"line":13,"column":20},"end":{"line":13,"column":56}},"11":{"start":{"line":14,"column":4},"end":{"line":14,"column":24}},"12":{"start":{"line":16,"column":4},"end":{"line":16,"column":72}},"13":{"start":{"line":20,"column":17},"end":{"line":20,"column":41}},"14":{"start":{"line":21,"column":2},"end":{"line":21,"column":82}},"15":{"start":{"line":21,"column":15},"end":{"line":21,"column":82}},"16":{"start":{"line":23,"column":39},"end":{"line":23,"column":47}},"17":{"start":{"line":24,"column":2},"end":{"line":26,"column":3}},"18":{"start":{"line":25,"column":4},"end":{"line":25,"column":86}},"19":{"start":{"line":27,"column":2},"end":{"line":38,"column":3}},"20":{"start":{"line":28,"column":26},"end":{"line":28,"column":120}},"21":{"start":{"line":29,"column":4},"end":{"line":29,"column":82}},"22":{"start":{"line":31,"column":4},"end":{"line":31,"column":56}},"23":{"start":{"line":34,"column":4},"end":{"line":36,"column":5}},"24":{"start":{"line":35,"column":6},"end":{"line":35,"column":77}},"25":{"start":{"line":37,"column":4},"end":{"line":37,"column":64}},"26":{"start":{"line":41,"column":0},"end":{"line":84,"column":2}},"27":{"start":{"line":42,"column":2},"end":{"line":83,"column":3}},"28":{"start":{"line":44,"column":4},"end":{"line":54,"column":5}},"29":{"start":{"line":45,"column":19},"end":{"line":45,"column":47}},"30":{"start":{"line":46,"column":20},"end":{"line":46,"column":46}},"31":{"start":{"line":47,"column":6},"end":{"line":47,"column":73}},"32":{"start":{"line":47,"column":18},"end":{"line":47,"column":73}},"33":{"start":{"line":48,"column":6},"end":{"line":53,"column":7}},"34":{"start":{"line":49,"column":24},"end":{"line":49,"column":60}},"35":{"start":{"line":50,"column":8},"end":{"line":50,"column":102}},"36":{"start":{"line":50,"column":50},"end":{"line":50,"column":102}},"37":{"start":{"line":52,"column":8},"end":{"line":52,"column":64}},"38":{"start":{"line":56,"column":14},"end":{"line":56,"column":247}},"39":{"start":{"line":57,"column":17},"end":{"line":57,"column":29}},"40":{"start":{"line":59,"column":19},"end":{"line":59,"column":28}},"41":{"start":{"line":60,"column":23},"end":{"line":66,"column":5}},"42":{"start":{"line":61,"column":6},"end":{"line":61,"column":111}},"43":{"start":{"line":61,"column":28},"end":{"line":61,"column":111}},"44":{"start":{"line":62,"column":16},"end":{"line":62,"column":31}},"45":{"start":{"line":63,"column":6},"end":{"line":63,"column":28}},"46":{"start":{"line":64,"column":6},"end":{"line":64,"column":27}},"47":{"start":{"line":65,"column":6},"end":{"line":65,"column":157}},"48":{"start":{"line":65,"column":123},"end":{"line":65,"column":153}},"49":{"start":{"line":65,"column":135},"end":{"line":65,"column":153}},"50":{"start":{"line":68,"column":4},"end":{"line":76,"column":5}},"51":{"start":{"line":69,"column":6},"end":{"line":69,"column":112}},"52":{"start":{"line":69,"column":35},"end":{"line":69,"column":100}},"53":{"start":{"line":69,"column":101},"end":{"line":69,"column":110}},"54":{"start":{"line":70,"column":6},"end":{"line":70,"column":120}},"55":{"start":{"line":70,"column":40},"end":{"line":70,"column":108}},"56":{"start":{"line":70,"column":109},"end":{"line":70,"column":118}},"57":{"start":{"line":71,"column":6},"end":{"line":71,"column":96}},"58":{"start":{"line":71,"column":32},"end":{"line":71,"column":84}},"59":{"start":{"line":71,"column":85},"end":{"line":71,"column":94}},"60":{"start":{"line":72,"column":6},"end":{"line":72,"column":99}},"61":{"start":{"line":72,"column":33},"end":{"line":72,"column":87}},"62":{"start":{"line":72,"column":88},"end":{"line":72,"column":97}},"63":{"start":{"line":74,"column":16},"end":{"line":74,"column":124}},"64":{"start":{"line":75,"column":6},"end":{"line":75,"column":38}},"65":{"start":{"line":78,"column":16},"end":{"line":78,"column":148}},"66":{"start":{"line":78,"column":54},"end":{"line":78,"column":146}},"67":{"start":{"line":79,"column":4},"end":{"line":79,"column":18}},"68":{"start":{"line":81,"column":4},"end":{"line":81,"column":60}},"69":{"start":{"line":82,"column":4},"end":{"line":82,"column":72}}},"fnMap":{"0":{"name":"(anonymous_0)","decl":{"start":{"line":6,"column":30},"end":{"line":6,"column":31}},"loc":{"start":{"line":6,"column":50},"end":{"line":39,"column":1}},"line":6},"1":{"name":"(anonymous_1)","decl":{"start":{"line":41,"column":26},"end":{"line":41,"column":27}},"loc":{"start":{"line":41,"column":46},"end":{"line":84,"column":1}},"line":41},"2":{"name":"(anonymous_2)","decl":{"start":{"line":60,"column":23},"end":{"line":60,"column":24}},"loc":{"start":{"line":60,"column":45},"end":{"line":66,"column":5}},"line":60},"3":{"name":"(anonymous_3)","decl":{"start":{"line":65,"column":116},"end":{"line":65,"column":117}},"loc":{"start":{"line":65,"column":121},"end":{"line":65,"column":155}},"line":65},"4":{"name":"(anonymous_4)","decl":{"start":{"line":78,"column":48},"end":{"line":78,"column":49}},"loc":{"start":{"line":78,"column":54},"end":{"line":78,"column":146}},"line":78}},"branchMap":{"0":{"loc":{"start":{"line":9,"column":16},"end":{"line":9,"column":54}},"type":"binary-expr","locations":[{"start":{"line":9,"column":16},"end":{"line":9,"column":26}},{"start":{"line":9,"column":30},"end":{"line":9,"column":54}}],"line":9},"1":{"loc":{"start":{"line":10,"column":2},"end":{"line":10,"column":75}},"type":"if","locations":[{"start":{"line":10,"column":2},"end":{"line":10,"column":75}},{"start":{},"end":{}}],"line":10},"2":{"loc":{"start":{"line":21,"column":2},"end":{"line":21,"column":82}},"type":"if","locations":[{"start":{"line":21,"column":2},"end":{"line":21,"column":82}},{"start":{},"end":{}}],"line":21},"3":{"loc":{"start":{"line":23,"column":18},"end":{"line":23,"column":34}},"type":"default-arg","locations":[{"start":{"line":23,"column":29},"end":{"line":23,"column":34}}],"line":23},"4":{"loc":{"start":{"line":24,"column":2},"end":{"line":26,"column":3}},"type":"if","locations":[{"start":{"line":24,"column":2},"end":{"line":26,"column":3}},{"start":{},"end":{}}],"line":24},"5":{"loc":{"start":{"line":24,"column":6},"end":{"line":24,"column":43}},"type":"binary-expr","locations":[{"start":{"line":24,"column":6},"end":{"line":24,"column":13}},{"start":{"line":24,"column":17},"end":{"line":24,"column":43}}],"line":24},"6":{"loc":{"start":{"line":34,"column":4},"end":{"line":36,"column":5}},"type":"if","locations":[{"start":{"line":34,"column":4},"end":{"line":36,"column":5}},{"start":{},"end":{}}],"line":34},"7":{"loc":{"start":{"line":44,"column":4},"end":{"line":54,"column":5}},"type":"if","locations":[{"start":{"line":44,"column":4},"end":{"line":54,"column":5}},{"start":{},"end":{}}],"line":44},"8":{"loc":{"start":{"line":46,"column":20},"end":{"line":46,"column":46}},"type":"binary-expr","locations":[{"start":{"line":46,"column":20},"end":{"line":46,"column":24}},{"start":{"line":46,"column":28},"end":{"line":46,"column":46}}],"line":46},"9":{"loc":{"start":{"line":47,"column":6},"end":{"line":47,"column":73}},"type":"if","locations":[{"start":{"line":47,"column":6},"end":{"line":47,"column":73}},{"start":{},"end":{}}],"line":47},"10":{"loc":{"start":{"line":50,"column":8},"end":{"line":50,"column":102}},"type":"if","locations":[{"start":{"line":50,"column":8},"end":{"line":50,"column":102}},{"start":{},"end":{}}],"line":50},"11":{"loc":{"start":{"line":50,"column":12},"end":{"line":50,"column":48}},"type":"binary-expr","locations":[{"start":{"line":50,"column":12},"end":{"line":50,"column":20}},{"start":{"line":50,"column":24},"end":{"line":50,"column":48}}],"line":50},"12":{"loc":{"start":{"line":57,"column":17},"end":{"line":57,"column":29}},"type":"binary-expr","locations":[{"start":{"line":57,"column":17},"end":{"line":57,"column":23}},{"start":{"line":57,"column":27},"end":{"line":57,"column":29}}],"line":57},"13":{"loc":{"start":{"line":61,"column":6},"end":{"line":61,"column":111}},"type":"if","locations":[{"start":{"line":61,"column":6},"end":{"line":61,"column":111}},{"start":{},"end":{}}],"line":61},"14":{"loc":{"start":{"line":65,"column":123},"end":{"line":65,"column":153}},"type":"if","locations":[{"start":{"line":65,"column":123},"end":{"line":65,"column":153}},{"start":{},"end":{}}],"line":65},"15":{"loc":{"start":{"line":69,"column":6},"end":{"line":69,"column":112}},"type":"if","locations":[{"start":{"line":69,"column":6},"end":{"line":69,"column":112}},{"start":{},"end":{}}],"line":69},"16":{"loc":{"start":{"line":70,"column":6},"end":{"line":70,"column":120}},"type":"if","locations":[{"start":{"line":70,"column":6},"end":{"line":70,"column":120}},{"start":{},"end":{}}],"line":70},"17":{"loc":{"start":{"line":71,"column":6},"end":{"line":71,"column":96}},"type":"if","locations":[{"start":{"line":71,"column":6},"end":{"line":71,"column":96}},{"start":{},"end":{}}],"line":71},"18":{"loc":{"start":{"line":72,"column":6},"end":{"line":72,"column":99}},"type":"if","locations":[{"start":{"line":72,"column":6},"end":{"line":72,"column":99}},{"start":{},"end":{}}],"line":72},"19":{"loc":{"start":{"line":74,"column":29},"end":{"line":74,"column":48}},"type":"binary-expr","locations":[{"start":{"line":74,"column":29},"end":{"line":74,"column":38}},{"start":{"line":74,"column":42},"end":{"line":74,"column":48}}],"line":74}},"s":{"0":3,"1":3,"2":3,"3":3,"4":3,"5":3,"6":3,"7":3,"8":1,"9":2,"10":2,"11":1,"12":1,"13":1,"14":1,"15":0,"16":1,"17":1,"18":0,"19":1,"20":1,"21":1,"22":0,"23":0,"24":0,"25":0,"26":3,"27":0,"28":0,"29":0,"30":0,"31":0,"32":0,"33":0,"34":0,"35":0,"36":0,"37":0,"38":0,"39":0,"40":0,"41":0,"42":0,"43":0,"44":0,"45":0,"46":0,"47":0,"48":0,"49":0,"50":0,"51":0,"52":0,"53":0,"54":0,"55":0,"56":0,"57":0,"58":0,"59":0,"60":0,"61":0,"62":0,"63":0,"64":0,"65":0,"66":0,"67":0,"68":0,"69":0},"f":{"0":3,"1":0,"2":0,"3":0,"4":0},"b":{"0":[3,2],"1":[1,2],"2":[0,1],"3":[0],"4":[0,1],"5":[1,1],"6":[0,0],"7":[0,0],"8":[0,0],"9":[0,0],"10":[0,0],"11":[0,0],"12":[0,0],"13":[0,0],"14":[0,0],"15":[0,0],"16":[0,0],"17":[0,0],"18":[0,0],"19":[0,0]},"_coverageSchema":"1a1c01bbd47fc00a2c39e90264f33305004495a9","hash":"fb33e06747d3b38ee06ae65098c918afb0292dc4"}
,"C:\\VS Projects\\Portfolio Builder\\portfolio-builder\\backend\\server\\controllers\\portfoliosController.js": {"path":"C:\\VS Projects\\Portfolio Builder\\portfolio-builder\\backend\\server\\controllers\\portfoliosController.js","statementMap":{"0":{"start":{"line":1,"column":13},"end":{"line":1,"column":29}},"1":{"start":{"line":3,"column":0},"end":{"line":11,"column":2}},"2":{"start":{"line":4,"column":17},"end":{"line":4,"column":40}},"3":{"start":{"line":5,"column":2},"end":{"line":10,"column":3}},"4":{"start":{"line":6,"column":19},"end":{"line":6,"column":92}},"5":{"start":{"line":7,"column":4},"end":{"line":7,"column":26}},"6":{"start":{"line":9,"column":4},"end":{"line":9,"column":53}},"7":{"start":{"line":13,"column":0},"end":{"line":26,"column":2}},"8":{"start":{"line":14,"column":17},"end":{"line":14,"column":40}},"9":{"start":{"line":15,"column":22},"end":{"line":15,"column":35}},"10":{"start":{"line":16,"column":2},"end":{"line":25,"column":3}},"11":{"start":{"line":17,"column":19},"end":{"line":20,"column":5}},"12":{"start":{"line":21,"column":4},"end":{"line":21,"column":97}},"13":{"start":{"line":21,"column":34},"end":{"line":21,"column":97}},"14":{"start":{"line":22,"column":4},"end":{"line":22,"column":29}},"15":{"start":{"line":24,"column":4},"end":{"line":24,"column":53}},"16":{"start":{"line":28,"column":0},"end":{"line":41,"column":2}},"17":{"start":{"line":29,"column":17},"end":{"line":29,"column":40}},"18":{"start":{"line":30,"column":19},"end":{"line":30,"column":27}},"19":{"start":{"line":31,"column":2},"end":{"line":31,"column":80}},"20":{"start":{"line":31,"column":13},"end":{"line":31,"column":80}},"21":{"start":{"line":32,"column":2},"end":{"line":40,"column":3}},"22":{"start":{"line":33,"column":19},"end":{"line":36,"column":5}},"23":{"start":{"line":37,"column":4},"end":{"line":37,"column":41}},"24":{"start":{"line":39,"column":4},"end":{"line":39,"column":53}},"25":{"start":{"line":43,"column":0},"end":{"line":56,"column":2}},"26":{"start":{"line":44,"column":17},"end":{"line":44,"column":40}},"27":{"start":{"line":45,"column":22},"end":{"line":45,"column":35}},"28":{"start":{"line":46,"column":2},"end":{"line":55,"column":3}},"29":{"start":{"line":47,"column":19},"end":{"line":50,"column":5}},"30":{"start":{"line":51,"column":4},"end":{"line":51,"column":118}},"31":{"start":{"line":51,"column":34},"end":{"line":51,"column":118}},"32":{"start":{"line":52,"column":4},"end":{"line":52,"column":32}},"33":{"start":{"line":54,"column":4},"end":{"line":54,"column":53}}},"fnMap":{"0":{"name":"(anonymous_0)","decl":{"start":{"line":3,"column":25},"end":{"line":3,"column":26}},"loc":{"start":{"line":3,"column":45},"end":{"line":11,"column":1}},"line":3},"1":{"name":"(anonymous_1)","decl":{"start":{"line":13,"column":23},"end":{"line":13,"column":24}},"loc":{"start":{"line":13,"column":43},"end":{"line":26,"column":1}},"line":13},"2":{"name":"(anonymous_2)","decl":{"start":{"line":28,"column":26},"end":{"line":28,"column":27}},"loc":{"start":{"line":28,"column":46},"end":{"line":41,"column":1}},"line":28},"3":{"name":"(anonymous_3)","decl":{"start":{"line":43,"column":26},"end":{"line":43,"column":27}},"loc":{"start":{"line":43,"column":46},"end":{"line":56,"column":1}},"line":43}},"branchMap":{"0":{"loc":{"start":{"line":4,"column":17},"end":{"line":4,"column":40}},"type":"binary-expr","locations":[{"start":{"line":4,"column":17},"end":{"line":4,"column":25}},{"start":{"line":4,"column":29},"end":{"line":4,"column":40}}],"line":4},"1":{"loc":{"start":{"line":14,"column":17},"end":{"line":14,"column":40}},"type":"binary-expr","locations":[{"start":{"line":14,"column":17},"end":{"line":14,"column":25}},{"start":{"line":14,"column":29},"end":{"line":14,"column":40}}],"line":14},"2":{"loc":{"start":{"line":21,"column":4},"end":{"line":21,"column":97}},"type":"if","locations":[{"start":{"line":21,"column":4},"end":{"line":21,"column":97}},{"start":{},"end":{}}],"line":21},"3":{"loc":{"start":{"line":29,"column":17},"end":{"line":29,"column":40}},"type":"binary-expr","locations":[{"start":{"line":29,"column":17},"end":{"line":29,"column":25}},{"start":{"line":29,"column":29},"end":{"line":29,"column":40}}],"line":29},"4":{"loc":{"start":{"line":31,"column":2},"end":{"line":31,"column":80}},"type":"if","locations":[{"start":{"line":31,"column":2},"end":{"line":31,"column":80}},{"start":{},"end":{}}],"line":31},"5":{"loc":{"start":{"line":44,"column":17},"end":{"line":44,"column":40}},"type":"binary-expr","locations":[{"start":{"line":44,"column":17},"end":{"line":44,"column":25}},{"start":{"line":44,"column":29},"end":{"line":44,"column":40}}],"line":44},"6":{"loc":{"start":{"line":51,"column":4},"end":{"line":51,"column":118}},"type":"if","locations":[{"start":{"line":51,"column":4},"end":{"line":51,"column":118}},{"start":{},"end":{}}],"line":51}},"s":{"0":3,"1":3,"2":0,"3":0,"4":0,"5":0,"6":0,"7":3,"8":0,"9":0,"10":0,"11":0,"12":0,"13":0,"14":0,"15":0,"16":3,"17":0,"18":0,"19":0,"20":0,"21":0,"22":0,"23":0,"24":0,"25":3,"26":0,"27":0,"28":0,"29":0,"30":0,"31":0,"32":0,"33":0},"f":{"0":0,"1":0,"2":0,"3":0},"b":{"0":[0,0],"1":[0,0],"2":[0,0],"3":[0,0],"4":[0,0],"5":[0,0],"6":[0,0]},"_coverageSchema":"1a1c01bbd47fc00a2c39e90264f33305004495a9","hash":"d6c19938071bd8b9ec6068d1cb8e7cc1490f6fa9"}
,"C:\\VS Projects\\Portfolio Builder\\portfolio-builder\\backend\\server\\controllers\\stripeController.js": {"path":"C:\\VS Projects\\Portfolio Builder\\portfolio-builder\\backend\\server\\controllers\\stripeController.js","statementMap":{"0":{"start":{"line":1,"column":13},"end":{"line":1,"column":29}},"1":{"start":{"line":2,"column":21},"end":{"line":2,"column":56}},"2":{"start":{"line":3,"column":0},"end":{"line":30,"column":2}},"3":{"start":{"line":4,"column":17},"end":{"line":4,"column":41}},"4":{"start":{"line":5,"column":2},"end":{"line":8,"column":3}},"5":{"start":{"line":6,"column":4},"end":{"line":6,"column":54}},"6":{"start":{"line":7,"column":4},"end":{"line":7,"column":71}},"7":{"start":{"line":9,"column":2},"end":{"line":29,"column":3}},"8":{"start":{"line":10,"column":19},"end":{"line":10,"column":99}},"9":{"start":{"line":11,"column":19},"end":{"line":18,"column":7}},"10":{"start":{"line":11,"column":41},"end":{"line":18,"column":5}},"11":{"start":{"line":19,"column":30},"end":{"line":19,"column":32}},"12":{"start":{"line":20,"column":4},"end":{"line":20,"column":217}},"13":{"start":{"line":20,"column":41},"end":{"line":20,"column":217}},"14":{"start":{"line":21,"column":4},"end":{"line":21,"column":199}},"15":{"start":{"line":21,"column":35},"end":{"line":21,"column":199}},"16":{"start":{"line":22,"column":4},"end":{"line":22,"column":217}},"17":{"start":{"line":22,"column":41},"end":{"line":22,"column":217}},"18":{"start":{"line":23,"column":19},"end":{"line":23,"column":33}},"19":{"start":{"line":24,"column":4},"end":{"line":24,"column":95}},"20":{"start":{"line":24,"column":40},"end":{"line":24,"column":95}},"21":{"start":{"line":24,"column":62},"end":{"line":24,"column":76}},"22":{"start":{"line":24,"column":79},"end":{"line":24,"column":95}},"23":{"start":{"line":25,"column":4},"end":{"line":25,"column":21}},"24":{"start":{"line":27,"column":4},"end":{"line":27,"column":56}},"25":{"start":{"line":28,"column":4},"end":{"line":28,"column":62}},"26":{"start":{"line":32,"column":0},"end":{"line":76,"column":2}},"27":{"start":{"line":33,"column":17},"end":{"line":33,"column":41}},"28":{"start":{"line":34,"column":2},"end":{"line":34,"column":82}},"29":{"start":{"line":34,"column":15},"end":{"line":34,"column":82}},"30":{"start":{"line":35,"column":2},"end":{"line":75,"column":3}},"31":{"start":{"line":36,"column":18},"end":{"line":36,"column":20}},"32":{"start":{"line":37,"column":4},"end":{"line":40,"column":98}},"33":{"start":{"line":38,"column":16},"end":{"line":38,"column":101}},"34":{"start":{"line":39,"column":6},"end":{"line":39,"column":117}},"35":{"start":{"line":39,"column":30},"end":{"line":39,"column":113}},"36":{"start":{"line":39,"column":64},"end":{"line":39,"column":113}},"37":{"start":{"line":40,"column":22},"end":{"line":40,"column":96}},"38":{"start":{"line":41,"column":25},"end":{"line":41,"column":59}},"39":{"start":{"line":42,"column":19},"end":{"line":42,"column":54}},"40":{"start":{"line":42,"column":43},"end":{"line":42,"column":53}},"41":{"start":{"line":43,"column":4},"end":{"line":43,"column":39}},"42":{"start":{"line":43,"column":16},"end":{"line":43,"column":39}},"43":{"start":{"line":44,"column":19},"end":{"line":44,"column":99}},"44":{"start":{"line":45,"column":17},"end":{"line":45,"column":34}},"45":{"start":{"line":46,"column":22},"end":{"line":46,"column":70}},"46":{"start":{"line":46,"column":29},"end":{"line":46,"column":70}},"47":{"start":{"line":47,"column":23},"end":{"line":47,"column":67}},"48":{"start":{"line":48,"column":4},"end":{"line":60,"column":7}},"49":{"start":{"line":49,"column":19},"end":{"line":49,"column":34}},"50":{"start":{"line":50,"column":23},"end":{"line":50,"column":60}},"51":{"start":{"line":51,"column":19},"end":{"line":51,"column":58}},"52":{"start":{"line":52,"column":22},"end":{"line":52,"column":96}},"53":{"start":{"line":53,"column":17},"end":{"line":53,"column":21}},"54":{"start":{"line":54,"column":24},"end":{"line":54,"column":43}},"55":{"start":{"line":55,"column":20},"end":{"line":55,"column":22}},"56":{"start":{"line":56,"column":6},"end":{"line":56,"column":39}},"57":{"start":{"line":56,"column":19},"end":{"line":56,"column":39}},"58":{"start":{"line":57,"column":6},"end":{"line":57,"column":41}},"59":{"start":{"line":57,"column":20},"end":{"line":57,"column":41}},"60":{"start":{"line":58,"column":6},"end":{"line":58,"column":33}},"61":{"start":{"line":58,"column":16},"end":{"line":58,"column":33}},"62":{"start":{"line":59,"column":6},"end":{"line":59,"column":150}},"63":{"start":{"line":59,"column":60},"end":{"line":59,"column":146}},"64":{"start":{"line":59,"column":80},"end":{"line":59,"column":95}},"65":{"start":{"line":59,"column":98},"end":{"line":59,"column":146}},"66":{"start":{"line":61,"column":19},"end":{"line":61,"column":283}},"67":{"start":{"line":61,"column":31},"end":{"line":61,"column":75}},"68":{"start":{"line":61,"column":63},"end":{"line":61,"column":75}},"69":{"start":{"line":61,"column":92},"end":{"line":61,"column":155}},"70":{"start":{"line":61,"column":107},"end":{"line":61,"column":154}},"71":{"start":{"line":61,"column":157},"end":{"line":61,"column":188}},"72":{"start":{"line":61,"column":170},"end":{"line":61,"column":188}},"73":{"start":{"line":61,"column":204},"end":{"line":61,"column":231}},"74":{"start":{"line":61,"column":219},"end":{"line":61,"column":230}},"75":{"start":{"line":61,"column":233},"end":{"line":61,"column":262}},"76":{"start":{"line":61,"column":245},"end":{"line":61,"column":262}},"77":{"start":{"line":61,"column":263},"end":{"line":61,"column":281}},"78":{"start":{"line":62,"column":22},"end":{"line":62,"column":165}},"79":{"start":{"line":63,"column":21},"end":{"line":63,"column":23}},"80":{"start":{"line":64,"column":4},"end":{"line":64,"column":137}},"81":{"start":{"line":64,"column":36},"end":{"line":64,"column":137}},"82":{"start":{"line":65,"column":4},"end":{"line":70,"column":96}},"83":{"start":{"line":66,"column":6},"end":{"line":69,"column":7}},"84":{"start":{"line":67,"column":24},"end":{"line":67,"column":37}},"85":{"start":{"line":67,"column":39},"end":{"line":67,"column":62}},"86":{"start":{"line":67,"column":53},"end":{"line":67,"column":62}},"87":{"start":{"line":67,"column":63},"end":{"line":67,"column":114}},"88":{"start":{"line":67,"column":105},"end":{"line":67,"column":114}},"89":{"start":{"line":68,"column":8},"end":{"line":68,"column":250}},"90":{"start":{"line":70,"column":22},"end":{"line":70,"column":94}},"91":{"start":{"line":71,"column":4},"end":{"line":71,"column":23}},"92":{"start":{"line":73,"column":4},"end":{"line":73,"column":52}},"93":{"start":{"line":74,"column":4},"end":{"line":74,"column":65}}},"fnMap":{"0":{"name":"(anonymous_0)","decl":{"start":{"line":3,"column":27},"end":{"line":3,"column":28}},"loc":{"start":{"line":3,"column":47},"end":{"line":30,"column":1}},"line":3},"1":{"name":"(anonymous_1)","decl":{"start":{"line":11,"column":35},"end":{"line":11,"column":36}},"loc":{"start":{"line":11,"column":41},"end":{"line":18,"column":5}},"line":11},"2":{"name":"(anonymous_2)","decl":{"start":{"line":24,"column":57},"end":{"line":24,"column":58}},"loc":{"start":{"line":24,"column":62},"end":{"line":24,"column":76}},"line":24},"3":{"name":"(anonymous_3)","decl":{"start":{"line":32,"column":29},"end":{"line":32,"column":30}},"loc":{"start":{"line":32,"column":49},"end":{"line":76,"column":1}},"line":32},"4":{"name":"(anonymous_4)","decl":{"start":{"line":39,"column":21},"end":{"line":39,"column":22}},"loc":{"start":{"line":39,"column":28},"end":{"line":39,"column":115}},"line":39},"5":{"name":"(anonymous_5)","decl":{"start":{"line":42,"column":38},"end":{"line":42,"column":39}},"loc":{"start":{"line":42,"column":43},"end":{"line":42,"column":53}},"line":42},"6":{"name":"(anonymous_6)","decl":{"start":{"line":46,"column":22},"end":{"line":46,"column":23}},"loc":{"start":{"line":46,"column":29},"end":{"line":46,"column":70}},"line":46},"7":{"name":"(anonymous_7)","decl":{"start":{"line":48,"column":17},"end":{"line":48,"column":18}},"loc":{"start":{"line":48,"column":24},"end":{"line":60,"column":5}},"line":48},"8":{"name":"(anonymous_8)","decl":{"start":{"line":59,"column":49},"end":{"line":59,"column":50}},"loc":{"start":{"line":59,"column":58},"end":{"line":59,"column":148}},"line":59},"9":{"name":"(anonymous_9)","decl":{"start":{"line":59,"column":75},"end":{"line":59,"column":76}},"loc":{"start":{"line":59,"column":80},"end":{"line":59,"column":95}},"line":59},"10":{"name":"(anonymous_10)","decl":{"start":{"line":61,"column":19},"end":{"line":61,"column":20}},"loc":{"start":{"line":61,"column":29},"end":{"line":61,"column":283}},"line":61},"11":{"name":"(anonymous_11)","decl":{"start":{"line":61,"column":102},"end":{"line":61,"column":103}},"loc":{"start":{"line":61,"column":107},"end":{"line":61,"column":154}},"line":61},"12":{"name":"(anonymous_12)","decl":{"start":{"line":61,"column":214},"end":{"line":61,"column":215}},"loc":{"start":{"line":61,"column":219},"end":{"line":61,"column":230}},"line":61}},"branchMap":{"0":{"loc":{"start":{"line":5,"column":2},"end":{"line":8,"column":3}},"type":"if","locations":[{"start":{"line":5,"column":2},"end":{"line":8,"column":3}},{"start":{},"end":{}}],"line":5},"1":{"loc":{"start":{"line":15,"column":17},"end":{"line":15,"column":36}},"type":"binary-expr","locations":[{"start":{"line":15,"column":17},"end":{"line":15,"column":28}},{"start":{"line":15,"column":32},"end":{"line":15,"column":36}}],"line":15},"2":{"loc":{"start":{"line":16,"column":16},"end":{"line":16,"column":34}},"type":"binary-expr","locations":[{"start":{"line":16,"column":16},"end":{"line":16,"column":26}},{"start":{"line":16,"column":30},"end":{"line":16,"column":34}}],"line":16},"3":{"loc":{"start":{"line":17,"column":15},"end":{"line":17,"column":112}},"type":"cond-expr","locations":[{"start":{"line":17,"column":27},"end":{"line":17,"column":105}},{"start":{"line":17,"column":108},"end":{"line":17,"column":112}}],"line":17},"4":{"loc":{"start":{"line":20,"column":4},"end":{"line":20,"column":217}},"type":"if","locations":[{"start":{"line":20,"column":4},"end":{"line":20,"column":217}},{"start":{},"end":{}}],"line":20},"5":{"loc":{"start":{"line":21,"column":4},"end":{"line":21,"column":199}},"type":"if","locations":[{"start":{"line":21,"column":4},"end":{"line":21,"column":199}},{"start":{},"end":{}}],"line":21},"6":{"loc":{"start":{"line":22,"column":4},"end":{"line":22,"column":217}},"type":"if","locations":[{"start":{"line":22,"column":4},"end":{"line":22,"column":217}},{"start":{},"end":{}}],"line":22},"7":{"loc":{"start":{"line":24,"column":40},"end":{"line":24,"column":95}},"type":"if","locations":[{"start":{"line":24,"column":40},"end":{"line":24,"column":95}},{"start":{},"end":{}}],"line":24},"8":{"loc":{"start":{"line":34,"column":2},"end":{"line":34,"column":82}},"type":"if","locations":[{"start":{"line":34,"column":2},"end":{"line":34,"column":82}},{"start":{},"end":{}}],"line":34},"9":{"loc":{"start":{"line":39,"column":30},"end":{"line":39,"column":113}},"type":"if","locations":[{"start":{"line":39,"column":30},"end":{"line":39,"column":113}},{"start":{},"end":{}}],"line":39},"10":{"loc":{"start":{"line":39,"column":34},"end":{"line":39,"column":62}},"type":"binary-expr","locations":[{"start":{"line":39,"column":34},"end":{"line":39,"column":46}},{"start":{"line":39,"column":50},"end":{"line":39,"column":62}}],"line":39},"11":{"loc":{"start":{"line":43,"column":4},"end":{"line":43,"column":39}},"type":"if","locations":[{"start":{"line":43,"column":4},"end":{"line":43,"column":39}},{"start":{},"end":{}}],"line":43},"12":{"loc":{"start":{"line":45,"column":17},"end":{"line":45,"column":34}},"type":"binary-expr","locations":[{"start":{"line":45,"column":17},"end":{"line":45,"column":28}},{"start":{"line":45,"column":32},"end":{"line":45,"column":34}}],"line":45},"13":{"loc":{"start":{"line":46,"column":30},"end":{"line":46,"column":37}},"type":"binary-expr","locations":[{"start":{"line":46,"column":30},"end":{"line":46,"column":31}},{"start":{"line":46,"column":35},"end":{"line":46,"column":37}}],"line":46},"14":{"loc":{"start":{"line":49,"column":19},"end":{"line":49,"column":34}},"type":"binary-expr","locations":[{"start":{"line":49,"column":19},"end":{"line":49,"column":28}},{"start":{"line":49,"column":32},"end":{"line":49,"column":34}}],"line":49},"15":{"loc":{"start":{"line":50,"column":23},"end":{"line":50,"column":60}},"type":"cond-expr","locations":[{"start":{"line":50,"column":35},"end":{"line":50,"column":55}},{"start":{"line":50,"column":58},"end":{"line":50,"column":60}}],"line":50},"16":{"loc":{"start":{"line":51,"column":19},"end":{"line":51,"column":58}},"type":"cond-expr","locations":[{"start":{"line":51,"column":32},"end":{"line":51,"column":53}},{"start":{"line":51,"column":56},"end":{"line":51,"column":58}}],"line":51},"17":{"loc":{"start":{"line":52,"column":22},"end":{"line":52,"column":96}},"type":"cond-expr","locations":[{"start":{"line":52,"column":60},"end":{"line":52,"column":89}},{"start":{"line":52,"column":92},"end":{"line":52,"column":96}}],"line":52},"18":{"loc":{"start":{"line":52,"column":22},"end":{"line":52,"column":57}},"type":"binary-expr","locations":[{"start":{"line":52,"column":22},"end":{"line":52,"column":35}},{"start":{"line":52,"column":39},"end":{"line":52,"column":57}}],"line":52},"19":{"loc":{"start":{"line":54,"column":24},"end":{"line":54,"column":43}},"type":"binary-expr","locations":[{"start":{"line":54,"column":24},"end":{"line":54,"column":35}},{"start":{"line":54,"column":39},"end":{"line":54,"column":43}}],"line":54},"20":{"loc":{"start":{"line":56,"column":6},"end":{"line":56,"column":39}},"type":"if","locations":[{"start":{"line":56,"column":6},"end":{"line":56,"column":39}},{"start":{},"end":{}}],"line":56},"21":{"loc":{"start":{"line":57,"column":6},"end":{"line":57,"column":41}},"type":"if","locations":[{"start":{"line":57,"column":6},"end":{"line":57,"column":41}},{"start":{},"end":{}}],"line":57},"22":{"loc":{"start":{"line":58,"column":6},"end":{"line":58,"column":33}},"type":"if","locations":[{"start":{"line":58,"column":6},"end":{"line":58,"column":33}},{"start":{},"end":{}}],"line":58},"23":{"loc":{"start":{"line":59,"column":60},"end":{"line":59,"column":146}},"type":"if","locations":[{"start":{"line":59,"column":60},"end":{"line":59,"column":146}},{"start":{},"end":{}}],"line":59},"24":{"loc":{"start":{"line":61,"column":31},"end":{"line":61,"column":75}},"type":"if","locations":[{"start":{"line":61,"column":31},"end":{"line":61,"column":75}},{"start":{},"end":{}}],"line":61},"25":{"loc":{"start":{"line":61,"column":35},"end":{"line":61,"column":61}},"type":"binary-expr","locations":[{"start":{"line":61,"column":35},"end":{"line":61,"column":40}},{"start":{"line":61,"column":44},"end":{"line":61,"column":61}}],"line":61},"26":{"loc":{"start":{"line":61,"column":107},"end":{"line":61,"column":154}},"type":"binary-expr","locations":[{"start":{"line":61,"column":107},"end":{"line":61,"column":118}},{"start":{"line":61,"column":122},"end":{"line":61,"column":154}}],"line":61},"27":{"loc":{"start":{"line":61,"column":157},"end":{"line":61,"column":188}},"type":"if","locations":[{"start":{"line":61,"column":157},"end":{"line":61,"column":188}},{"start":{},"end":{}}],"line":61},"28":{"loc":{"start":{"line":61,"column":233},"end":{"line":61,"column":262}},"type":"if","locations":[{"start":{"line":61,"column":233},"end":{"line":61,"column":262}},{"start":{},"end":{}}],"line":61},"29":{"loc":{"start":{"line":62,"column":36},"end":{"line":62,"column":73}},"type":"binary-expr","locations":[{"start":{"line":62,"column":36},"end":{"line":62,"column":65}},{"start":{"line":62,"column":69},"end":{"line":62,"column":73}}],"line":62},"30":{"loc":{"start":{"line":62,"column":81},"end":{"line":62,"column":112}},"type":"binary-expr","locations":[{"start":{"line":62,"column":81},"end":{"line":62,"column":104}},{"start":{"line":62,"column":108},"end":{"line":62,"column":112}}],"line":62},"31":{"loc":{"start":{"line":62,"column":126},"end":{"line":62,"column":163}},"type":"binary-expr","locations":[{"start":{"line":62,"column":126},"end":{"line":62,"column":155}},{"start":{"line":62,"column":159},"end":{"line":62,"column":163}}],"line":62},"32":{"loc":{"start":{"line":64,"column":52},"end":{"line":64,"column":136}},"type":"binary-expr","locations":[{"start":{"line":64,"column":52},"end":{"line":64,"column":62}},{"start":{"line":64,"column":66},"end":{"line":64,"column":80}},{"start":{"line":64,"column":84},"end":{"line":64,"column":128}},{"start":{"line":64,"column":132},"end":{"line":64,"column":136}}],"line":64},"33":{"loc":{"start":{"line":67,"column":39},"end":{"line":67,"column":62}},"type":"if","locations":[{"start":{"line":67,"column":39},"end":{"line":67,"column":62}},{"start":{},"end":{}}],"line":67},"34":{"loc":{"start":{"line":67,"column":63},"end":{"line":67,"column":114}},"type":"if","locations":[{"start":{"line":67,"column":63},"end":{"line":67,"column":114}},{"start":{},"end":{}}],"line":67},"35":{"loc":{"start":{"line":67,"column":67},"end":{"line":67,"column":103}},"type":"binary-expr","locations":[{"start":{"line":67,"column":67},"end":{"line":67,"column":77}},{"start":{"line":67,"column":81},"end":{"line":67,"column":103}}],"line":67}},"s":{"0":3,"1":3,"2":3,"3":0,"4":0,"5":0,"6":0,"7":0,"8":0,"9":0,"10":0,"11":0,"12":0,"13":0,"14":0,"15":0,"16":0,"17":0,"18":0,"19":0,"20":0,"21":0,"22":0,"23":0,"24":0,"25":0,"26":3,"27":0,"28":0,"29":0,"30":0,"31":0,"32":0,"33":0,"34":0,"35":0,"36":0,"37":0,"38":0,"39":0,"40":0,"41":0,"42":0,"43":0,"44":0,"45":0,"46":0,"47":0,"48":0,"49":0,"50":0,"51":0,"52":0,"53":0,"54":0,"55":0,"56":0,"57":0,"58":0,"59":0,"60":0,"61":0,"62":0,"63":0,"64":0,"65":0,"66":0,"67":0,"68":0,"69":0,"70":0,"71":0,"72":0,"73":0,"74":0,"75":0,"76":0,"77":0,"78":0,"79":0,"80":0,"81":0,"82":0,"83":0,"84":0,"85":0,"86":0,"87":0,"88":0,"89":0,"90":0,"91":0,"92":0,"93":0},"f":{"0":0,"1":0,"2":0,"3":0,"4":0,"5":0,"6":0,"7":0,"8":0,"9":0,"10":0,"11":0,"12":0},"b":{"0":[0,0],"1":[0,0],"2":[0,0],"3":[0,0],"4":[0,0],"5":[0,0],"6":[0,0],"7":[0,0],"8":[0,0],"9":[0,0],"10":[0,0],"11":[0,0],"12":[0,0],"13":[0,0],"14":[0,0],"15":[0,0],"16":[0,0],"17":[0,0],"18":[0,0],"19":[0,0],"20":[0,0],"21":[0,0],"22":[0,0],"23":[0,0],"24":[0,0],"25":[0,0],"26":[0,0],"27":[0,0],"28":[0,0],"29":[0,0],"30":[0,0],"31":[0,0],"32":[0,0,0,0],"33":[0,0],"34":[0,0],"35":[0,0]},"_coverageSchema":"1a1c01bbd47fc00a2c39e90264f33305004495a9","hash":"ae446fa10daa543ad27ef9b26dc49b3f6455632a"}
,"C:\\VS Projects\\Portfolio Builder\\portfolio-builder\\backend\\server\\controllers\\templatesController.js": {"path":"C:\\VS Projects\\Portfolio Builder\\portfolio-builder\\backend\\server\\controllers\\templatesController.js","statementMap":{"0":{"start":{"line":1,"column":13},"end":{"line":1,"column":29}},"1":{"start":{"line":3,"column":0},"end":{"line":25,"column":2}},"2":{"start":{"line":4,"column":2},"end":{"line":24,"column":3}},"3":{"start":{"line":5,"column":22},"end":{"line":5,"column":77}},"4":{"start":{"line":6,"column":24},"end":{"line":6,"column":53}},"5":{"start":{"line":6,"column":48},"end":{"line":6,"column":52}},"6":{"start":{"line":7,"column":21},"end":{"line":7,"column":23}},"7":{"start":{"line":8,"column":4},"end":{"line":14,"column":5}},"8":{"start":{"line":9,"column":25},"end":{"line":12,"column":7}},"9":{"start":{"line":13,"column":6},"end":{"line":13,"column":35}},"10":{"start":{"line":15,"column":33},"end":{"line":15,"column":35}},"11":{"start":{"line":16,"column":4},"end":{"line":19,"column":7}},"12":{"start":{"line":17,"column":6},"end":{"line":17,"column":89}},"13":{"start":{"line":17,"column":48},"end":{"line":17,"column":89}},"14":{"start":{"line":18,"column":6},"end":{"line":18,"column":50}},"15":{"start":{"line":20,"column":19},"end":{"line":20,"column":100}},"16":{"start":{"line":20,"column":44},"end":{"line":20,"column":98}},"17":{"start":{"line":21,"column":4},"end":{"line":21,"column":21}},"18":{"start":{"line":23,"column":4},"end":{"line":23,"column":65}}},"fnMap":{"0":{"name":"(anonymous_0)","decl":{"start":{"line":3,"column":24},"end":{"line":3,"column":25}},"loc":{"start":{"line":3,"column":44},"end":{"line":25,"column":1}},"line":3},"1":{"name":"(anonymous_1)","decl":{"start":{"line":6,"column":43},"end":{"line":6,"column":44}},"loc":{"start":{"line":6,"column":48},"end":{"line":6,"column":52}},"line":6},"2":{"name":"(anonymous_2)","decl":{"start":{"line":16,"column":23},"end":{"line":16,"column":24}},"loc":{"start":{"line":16,"column":28},"end":{"line":19,"column":5}},"line":16},"3":{"name":"(anonymous_3)","decl":{"start":{"line":20,"column":38},"end":{"line":20,"column":39}},"loc":{"start":{"line":20,"column":44},"end":{"line":20,"column":98}},"line":20}},"branchMap":{"0":{"loc":{"start":{"line":8,"column":4},"end":{"line":14,"column":5}},"type":"if","locations":[{"start":{"line":8,"column":4},"end":{"line":14,"column":5}},{"start":{},"end":{}}],"line":8},"1":{"loc":{"start":{"line":17,"column":6},"end":{"line":17,"column":89}},"type":"if","locations":[{"start":{"line":17,"column":6},"end":{"line":17,"column":89}},{"start":{},"end":{}}],"line":17},"2":{"loc":{"start":{"line":20,"column":64},"end":{"line":20,"column":96}},"type":"binary-expr","locations":[{"start":{"line":20,"column":64},"end":{"line":20,"column":90}},{"start":{"line":20,"column":94},"end":{"line":20,"column":96}}],"line":20}},"s":{"0":3,"1":3,"2":0,"3":0,"4":0,"5":0,"6":0,"7":0,"8":0,"9":0,"10":0,"11":0,"12":0,"13":0,"14":0,"15":0,"16":0,"17":0,"18":0},"f":{"0":0,"1":0,"2":0,"3":0},"b":{"0":[0,0],"1":[0,0],"2":[0,0]},"_coverageSchema":"1a1c01bbd47fc00a2c39e90264f33305004495a9","hash":"b02b7615f1a41ee3dd72a6447ddcefbc80771992"}
,"C:\\VS Projects\\Portfolio Builder\\portfolio-builder\\backend\\server\\controllers\\usersController.js": {"path":"C:\\VS Projects\\Portfolio Builder\\portfolio-builder\\backend\\server\\controllers\\usersController.js","statementMap":{"0":{"start":{"line":1,"column":12},"end":{"line":1,"column":35}},"1":{"start":{"line":2,"column":15},"end":{"line":2,"column":34}},"2":{"start":{"line":3,"column":15},"end":{"line":3,"column":32}},"3":{"start":{"line":4,"column":13},"end":{"line":4,"column":29}},"4":{"start":{"line":5,"column":15},"end":{"line":5,"column":35}},"5":{"start":{"line":6,"column":15},"end":{"line":6,"column":35}},"6":{"start":{"line":7,"column":26},"end":{"line":7,"column":56}},"7":{"start":{"line":9,"column":19},"end":{"line":9,"column":36}},"8":{"start":{"line":12,"column":0},"end":{"line":19,"column":2}},"9":{"start":{"line":13,"column":2},"end":{"line":18,"column":3}},"10":{"start":{"line":14,"column":19},"end":{"line":14,"column":58}},"11":{"start":{"line":15,"column":4},"end":{"line":15,"column":153}},"12":{"start":{"line":15,"column":35},"end":{"line":15,"column":149}},"13":{"start":{"line":17,"column":4},"end":{"line":17,"column":53}},"14":{"start":{"line":21,"column":0},"end":{"line":77,"column":2}},"15":{"start":{"line":22,"column":42},"end":{"line":22,"column":50}},"16":{"start":{"line":23,"column":2},"end":{"line":23,"column":98}},"17":{"start":{"line":23,"column":27},"end":{"line":23,"column":98}},"18":{"start":{"line":24,"column":2},"end":{"line":76,"column":3}},"19":{"start":{"line":25,"column":19},"end":{"line":25,"column":85}},"20":{"start":{"line":26,"column":4},"end":{"line":26,"column":92}},"21":{"start":{"line":26,"column":24},"end":{"line":26,"column":92}},"22":{"start":{"line":28,"column":18},"end":{"line":28,"column":41}},"23":{"start":{"line":29,"column":23},"end":{"line":29,"column":44}},"24":{"start":{"line":30,"column":22},"end":{"line":30,"column":45}},"25":{"start":{"line":31,"column":19},"end":{"line":31,"column":82}},"26":{"start":{"line":32,"column":4},"end":{"line":32,"column":58}},"27":{"start":{"line":32,"column":19},"end":{"line":32,"column":58}},"28":{"start":{"line":33,"column":4},"end":{"line":33,"column":99}},"29":{"start":{"line":35,"column":19},"end":{"line":35,"column":50}},"30":{"start":{"line":36,"column":19},"end":{"line":36,"column":253}},"31":{"start":{"line":37,"column":17},"end":{"line":37,"column":31}},"32":{"start":{"line":40,"column":4},"end":{"line":45,"column":102}},"33":{"start":{"line":41,"column":18},"end":{"line":41,"column":69}},"34":{"start":{"line":42,"column":20},"end":{"line":42,"column":24}},"35":{"start":{"line":43,"column":6},"end":{"line":43,"column":185}},"36":{"start":{"line":43,"column":23},"end":{"line":43,"column":123}},"37":{"start":{"line":43,"column":125},"end":{"line":43,"column":171}},"38":{"start":{"line":43,"column":141},"end":{"line":43,"column":171}},"39":{"start":{"line":44,"column":6},"end":{"line":44,"column":185}},"40":{"start":{"line":45,"column":23},"end":{"line":45,"column":100}},"41":{"start":{"line":48,"column":19},"end":{"line":48,"column":23}},"42":{"start":{"line":49,"column":4},"end":{"line":67,"column":119}},"43":{"start":{"line":50,"column":21},"end":{"line":50,"column":68}},"44":{"start":{"line":51,"column":18},"end":{"line":51,"column":61}},"45":{"start":{"line":52,"column":6},"end":{"line":66,"column":7}},"46":{"start":{"line":53,"column":22},"end":{"line":53,"column":26}},"47":{"start":{"line":54,"column":8},"end":{"line":54,"column":188}},"48":{"start":{"line":54,"column":25},"end":{"line":54,"column":125}},"49":{"start":{"line":54,"column":127},"end":{"line":54,"column":173}},"50":{"start":{"line":54,"column":143},"end":{"line":54,"column":173}},"51":{"start":{"line":55,"column":8},"end":{"line":65,"column":9}},"52":{"start":{"line":56,"column":21},"end":{"line":56,"column":30}},"53":{"start":{"line":57,"column":10},"end":{"line":57,"column":170}},"54":{"start":{"line":57,"column":33},"end":{"line":57,"column":95}},"55":{"start":{"line":57,"column":97},"end":{"line":57,"column":155}},"56":{"start":{"line":57,"column":133},"end":{"line":57,"column":155}},"57":{"start":{"line":58,"column":10},"end":{"line":64,"column":103}},"58":{"start":{"line":59,"column":32},"end":{"line":59,"column":116}},"59":{"start":{"line":60,"column":31},"end":{"line":60,"column":84}},"60":{"start":{"line":61,"column":28},"end":{"line":61,"column":385}},"61":{"start":{"line":62,"column":12},"end":{"line":62,"column":66}},"62":{"start":{"line":63,"column":12},"end":{"line":63,"column":88}},"63":{"start":{"line":64,"column":24},"end":{"line":64,"column":101}},"64":{"start":{"line":67,"column":20},"end":{"line":67,"column":117}},"65":{"start":{"line":69,"column":18},"end":{"line":69,"column":112}},"66":{"start":{"line":70,"column":17},"end":{"line":70,"column":166}},"67":{"start":{"line":71,"column":4},"end":{"line":71,"column":43}},"68":{"start":{"line":71,"column":18},"end":{"line":71,"column":43}},"69":{"start":{"line":72,"column":4},"end":{"line":72,"column":19}},"70":{"start":{"line":74,"column":4},"end":{"line":74,"column":47}},"71":{"start":{"line":75,"column":4},"end":{"line":75,"column":62}},"72":{"start":{"line":79,"column":0},"end":{"line":118,"column":2}},"73":{"start":{"line":80,"column":20},"end":{"line":80,"column":28}},"74":{"start":{"line":81,"column":2},"end":{"line":81,"column":72}},"75":{"start":{"line":81,"column":14},"end":{"line":81,"column":72}},"76":{"start":{"line":82,"column":2},"end":{"line":117,"column":3}},"77":{"start":{"line":83,"column":14},"end":{"line":83,"column":99}},"78":{"start":{"line":84,"column":4},"end":{"line":84,"column":67}},"79":{"start":{"line":84,"column":20},"end":{"line":84,"column":67}},"80":{"start":{"line":85,"column":17},"end":{"line":85,"column":26}},"81":{"start":{"line":86,"column":21},"end":{"line":86,"column":150}},"82":{"start":{"line":87,"column":18},"end":{"line":87,"column":61}},"83":{"start":{"line":88,"column":4},"end":{"line":88,"column":130}},"84":{"start":{"line":88,"column":20},"end":{"line":88,"column":130}},"85":{"start":{"line":90,"column":4},"end":{"line":97,"column":5}},"86":{"start":{"line":91,"column":6},"end":{"line":96,"column":7}},"87":{"start":{"line":92,"column":8},"end":{"line":92,"column":51}},"88":{"start":{"line":94,"column":24},"end":{"line":94,"column":54}},"89":{"start":{"line":95,"column":8},"end":{"line":95,"column":88}},"90":{"start":{"line":99,"column":18},"end":{"line":99,"column":56}},"91":{"start":{"line":100,"column":22},"end":{"line":100,"column":77}},"92":{"start":{"line":101,"column":22},"end":{"line":101,"column":59}},"93":{"start":{"line":102,"column":4},"end":{"line":102,"column":132}},"94":{"start":{"line":103,"column":21},"end":{"line":103,"column":140}},"95":{"start":{"line":104,"column":20},"end":{"line":104,"column":44}},"96":{"start":{"line":105,"column":17},"end":{"line":105,"column":225}},"97":{"start":{"line":106,"column":4},"end":{"line":113,"column":5}},"98":{"start":{"line":107,"column":6},"end":{"line":107,"column":118}},"99":{"start":{"line":108,"column":6},"end":{"line":108,"column":41}},"100":{"start":{"line":111,"column":6},"end":{"line":111,"column":84}},"101":{"start":{"line":112,"column":6},"end":{"line":112,"column":41}},"102":{"start":{"line":115,"column":4},"end":{"line":115,"column":57}},"103":{"start":{"line":116,"column":4},"end":{"line":116,"column":69}},"104":{"start":{"line":120,"column":0},"end":{"line":137,"column":2}},"105":{"start":{"line":121,"column":30},"end":{"line":121,"column":38}},"106":{"start":{"line":122,"column":2},"end":{"line":122,"column":102}},"107":{"start":{"line":122,"column":27},"end":{"line":122,"column":102}},"108":{"start":{"line":123,"column":2},"end":{"line":136,"column":3}},"109":{"start":{"line":124,"column":22},"end":{"line":124,"column":77}},"110":{"start":{"line":125,"column":14},"end":{"line":125,"column":115}},"111":{"start":{"line":126,"column":16},"end":{"line":126,"column":25}},"112":{"start":{"line":127,"column":4},"end":{"line":127,"column":82}},"113":{"start":{"line":127,"column":14},"end":{"line":127,"column":82}},"114":{"start":{"line":128,"column":4},"end":{"line":128,"column":104}},"115":{"start":{"line":128,"column":47},"end":{"line":128,"column":104}},"116":{"start":{"line":129,"column":19},"end":{"line":129,"column":50}},"117":{"start":{"line":130,"column":4},"end":{"line":130,"column":92}},"118":{"start":{"line":131,"column":4},"end":{"line":131,"column":76}},"119":{"start":{"line":132,"column":4},"end":{"line":132,"column":39}},"120":{"start":{"line":134,"column":4},"end":{"line":134,"column":57}},"121":{"start":{"line":135,"column":4},"end":{"line":135,"column":65}},"122":{"start":{"line":139,"column":0},"end":{"line":153,"column":2}},"123":{"start":{"line":140,"column":30},"end":{"line":140,"column":38}},"124":{"start":{"line":141,"column":2},"end":{"line":141,"column":98}},"125":{"start":{"line":141,"column":27},"end":{"line":141,"column":98}},"126":{"start":{"line":142,"column":2},"end":{"line":152,"column":3}},"127":{"start":{"line":143,"column":19},"end":{"line":143,"column":84}},"128":{"start":{"line":144,"column":17},"end":{"line":144,"column":31}},"129":{"start":{"line":145,"column":4},"end":{"line":145,"column":78}},"130":{"start":{"line":145,"column":15},"end":{"line":145,"column":78}},"131":{"start":{"line":146,"column":18},"end":{"line":146,"column":63}},"132":{"start":{"line":147,"column":4},"end":{"line":147,"column":79}},"133":{"start":{"line":147,"column":16},"end":{"line":147,"column":79}},"134":{"start":{"line":148,"column":18},"end":{"line":148,"column":112}},"135":{"start":{"line":149,"column":4},"end":{"line":149,"column":164}},"136":{"start":{"line":151,"column":4},"end":{"line":151,"column":53}},"137":{"start":{"line":155,"column":0},"end":{"line":168,"column":2}},"138":{"start":{"line":156,"column":21},"end":{"line":156,"column":49}},"139":{"start":{"line":157,"column":16},"end":{"line":157,"column":54}},"140":{"start":{"line":158,"column":2},"end":{"line":158,"column":75}},"141":{"start":{"line":158,"column":14},"end":{"line":158,"column":75}},"142":{"start":{"line":159,"column":2},"end":{"line":167,"column":3}},"143":{"start":{"line":160,"column":20},"end":{"line":160,"column":49}},"144":{"start":{"line":161,"column":19},"end":{"line":161,"column":86}},"145":{"start":{"line":162,"column":17},"end":{"line":162,"column":31}},"146":{"start":{"line":163,"column":4},"end":{"line":163,"column":73}},"147":{"start":{"line":163,"column":15},"end":{"line":163,"column":73}},"148":{"start":{"line":164,"column":4},"end":{"line":164,"column":157}},"149":{"start":{"line":166,"column":4},"end":{"line":166,"column":65}}},"fnMap":{"0":{"name":"(anonymous_0)","decl":{"start":{"line":12,"column":20},"end":{"line":12,"column":21}},"loc":{"start":{"line":12,"column":40},"end":{"line":19,"column":1}},"line":12},"1":{"name":"(anonymous_1)","decl":{"start":{"line":15,"column":29},"end":{"line":15,"column":30}},"loc":{"start":{"line":15,"column":35},"end":{"line":15,"column":149}},"line":15},"2":{"name":"(anonymous_2)","decl":{"start":{"line":21,"column":21},"end":{"line":21,"column":22}},"loc":{"start":{"line":21,"column":41},"end":{"line":77,"column":1}},"line":21},"3":{"name":"(anonymous_3)","decl":{"start":{"line":79,"column":31},"end":{"line":79,"column":32}},"loc":{"start":{"line":79,"column":51},"end":{"line":118,"column":1}},"line":79},"4":{"name":"(anonymous_4)","decl":{"start":{"line":120,"column":31},"end":{"line":120,"column":32}},"loc":{"start":{"line":120,"column":51},"end":{"line":137,"column":1}},"line":120},"5":{"name":"(anonymous_5)","decl":{"start":{"line":139,"column":16},"end":{"line":139,"column":17}},"loc":{"start":{"line":139,"column":36},"end":{"line":153,"column":1}},"line":139},"6":{"name":"(anonymous_6)","decl":{"start":{"line":155,"column":19},"end":{"line":155,"column":20}},"loc":{"start":{"line":155,"column":39},"end":{"line":168,"column":1}},"line":155}},"branchMap":{"0":{"loc":{"start":{"line":23,"column":2},"end":{"line":23,"column":98}},"type":"if","locations":[{"start":{"line":23,"column":2},"end":{"line":23,"column":98}},{"start":{},"end":{}}],"line":23},"1":{"loc":{"start":{"line":23,"column":6},"end":{"line":23,"column":25}},"type":"binary-expr","locations":[{"start":{"line":23,"column":6},"end":{"line":23,"column":12}},{"start":{"line":23,"column":16},"end":{"line":23,"column":25}}],"line":23
[...]
column":7},"end":{"line":10,"column":1}}],"line":2},"1":{"loc":{"start":{"line":14,"column":20},"end":{"line":14,"column":63}},"type":"binary-expr","locations":[{"start":{"line":14,"column":20},"end":{"line":14,"column":48}},{"start":{"line":14,"column":52},"end":{"line":14,"column":63}}],"line":14},"2":{"loc":{"start":{"line":15,"column":2},"end":{"line":15,"column":64}},"type":"if","locations":[{"start":{"line":15,"column":2},"end":{"line":15,"column":64}},{"start":{},"end":{}}],"line":15},"3":{"loc":{"start":{"line":16,"column":2},"end":{"line":16,"column":56}},"type":"if","locations":[{"start":{"line":16,"column":2},"end":{"line":16,"column":56}},{"start":{},"end":{}}],"line":16},"4":{"loc":{"start":{"line":20,"column":2},"end":{"line":26,"column":3}},"type":"if","locations":[{"start":{"line":20,"column":2},"end":{"line":26,"column":3}},{"start":{"line":23,"column":9},"end":{"line":26,"column":3}}],"line":20},"5":{"loc":{"start":{"line":28,"column":2},"end":{"line":28,"column":96}},"type":"if","locations":[{"start":{"line":28,"column":2},"end":{"line":28,"column":96}},{"start":{},"end":{}}],"line":28},"6":{"loc":{"start":{"line":30,"column":2},"end":{"line":30,"column":69}},"type":"if","locations":[{"start":{"line":30,"column":2},"end":{"line":30,"column":69}},{"start":{},"end":{}}],"line":30},"7":{"loc":{"start":{"line":32,"column":2},"end":{"line":36,"column":3}},"type":"if","locations":[{"start":{"line":32,"column":2},"end":{"line":36,"column":3}},{"start":{},"end":{}}],"line":32},"8":{"loc":{"start":{"line":32,"column":6},"end":{"line":32,"column":22}},"type":"binary-expr","locations":[{"start":{"line":32,"column":6},"end":{"line":32,"column":8}},{"start":{"line":32,"column":12},"end":{"line":32,"column":22}}],"line":32}},"s":{"0":7,"1":7,"2":7,"3":0,"4":0,"5":0,"6":4,"7":4,"8":4,"9":1,"10":3,"11":1,"12":2,"13":0,"14":0,"15":2,"16":2,"17":2,"18":0,"19":2,"20":2,"21":1,"22":1,"23":0,"24":1,"25":0,"26":0,"27":0,"28":1,"29":7},"f":{"0":4,"1":0},"b":{"0":[7,0],"1":[4,4],"2":[1,3],"3":[1,2],"4":[0,2],"5":[0,2],"6":[1,1],"7":[0,1],"8":[1,1]},"_coverageSchema":"1a1c01bbd47fc00a2c39e90264f33305004495a9","hash":"dd21863ab43807916e64829f5740a0ecfef4824f"}
,"C:\\VS Projects\\Portfolio Builder\\portfolio-builder\\backend\\server\\services\\stripeClient.js": {"path":"C:\\VS Projects\\Portfolio Builder\\portfolio-builder\\backend\\server\\services\\stripeClient.js","statementMap":{"0":{"start":{"line":2,"column":0},"end":{"line":20,"column":2}},"1":{"start":{"line":4,"column":4},"end":{"line":18,"column":5}},"2":{"start":{"line":5,"column":24},"end":{"line":5,"column":41}},"3":{"start":{"line":6,"column":19},"end":{"line":6,"column":23}},"4":{"start":{"line":7,"column":6},"end":{"line":14,"column":7}},"5":{"start":{"line":8,"column":8},"end":{"line":8,"column":99}},"6":{"start":{"line":8,"column":14},"end":{"line":8,"column":70}},"7":{"start":{"line":9,"column":8},"end":{"line":11,"column":9}},"8":{"start":{"line":10,"column":10},"end":{"line":10,"column":66}},"9":{"start":{"line":10,"column":16},"end":{"line":10,"column":37}},"10":{"start":{"line":12,"column":13},"end":{"line":14,"column":7}},"11":{"start":{"line":13,"column":8},"end":{"line":13,"column":27}},"12":{"start":{"line":15,"column":6},"end":{"line":15,"column":28}},"13":{"start":{"line":17,"column":6},"end":{"line":17,"column":18}}},"fnMap":{"0":{"name":"(anonymous_0)","decl":{"start":{"line":3,"column":2},"end":{"line":3,"column":3}},"loc":{"start":{"line":3,"column":14},"end":{"line":19,"column":3}},"line":3}},"branchMap":{"0":{"loc":{"start":{"line":7,"column":6},"end":{"line":14,"column":7}},"type":"if","locations":[{"start":{"line":7,"column":6},"end":{"line":14,"column":7}},{"start":{"line":12,"column":13},"end":{"line":14,"column":7}}],"line":7},"1":{"loc":{"start":{"line":8,"column":33},"end":{"line":8,"column":68}},"type":"binary-expr","locations":[{"start":{"line":8,"column":33},"end":{"line":8,"column":62}},{"start":{"line":8,"column":66},"end":{"line":8,"column":68}}],"line":8},"2":{"loc":{"start":{"line":9,"column":8},"end":{"line":11,"column":9}},"type":"if","locations":[{"start":{"line":9,"column":8},"end":{"line":11,"column":9}},{"start":{},"end":{}}],"line":9},"3":{"loc":{"start":{"line":12,"column":13},"end":{"line":14,"column":7}},"type":"if","locations":[{"start":{"line":12,"column":13},"end":{"line":14,"column":7}},{"start":{},"end":{}}],"line":12},"4":{"loc":{"start":{"line":12,"column":17},"end":{"line":12,"column":48}},"type":"binary-expr","locations":[{"start":{"line":12,"column":17},"end":{"line":12,"column":26}},{"start":{"line":12,"column":30},"end":{"line":12,"column":48}}],"line":12},"5":{"loc":{"start":{"line":15,"column":13},"end":{"line":15,"column":27}},"type":"binary-expr","locations":[{"start":{"line":15,"column":13},"end":{"line":15,"column":19}},{"start":{"line":15,"column":23},"end":{"line":15,"column":27}}],"line":15}},"s":{"0":2,"1":0,"2":0,"3":0,"4":0,"5":0,"6":0,"7":0,"8":0,"9":0,"10":0,"11":0,"12":0,"13":0},"f":{"0":0},"b":{"0":[0,0],"1":[0,0],"2":[0,0],"3":[0,0],"4":[0,0],"5":[0,0]},"_coverageSchema":"1a1c01bbd47fc00a2c39e90264f33305004495a9","hash":"2d9fd41f900d5326ab2b5abc0ebc102d95e30ed1"}
,"C:\\VS Projects\\Portfolio Builder\\portfolio-builder\\backend\\server\\services\\stripeHelpers.js": {"path":"C:\\VS Projects\\Portfolio Builder\\portfolio-builder\\backend\\server\\services\\stripeHelpers.js","statementMap":{"0":{"start":{"line":1,"column":13},"end":{"line":1,"column":29}},"1":{"start":{"line":3,"column":25},"end":{"line":28,"column":1}},"2":{"start":{"line":4,"column":2},"end":{"line":4,"column":97}},"3":{"start":{"line":4,"column":12},"end":{"line":4,"column":97}},"4":{"start":{"line":6,"column":2},"end":{"line":6,"column":57}},"5":{"start":{"line":6,"column":35},"end":{"line":6,"column":57}},"6":{"start":{"line":7,"column":24},"end":{"line":7,"column":28}},"7":{"start":{"line":7,"column":41},"end":{"line":7,"column":45}},"8":{"start":{"line":7,"column":59},"end":{"line":7,"column":63}},"9":{"start":{"line":9,"column":2},"end":{"line":25,"column":3}},"10":{"start":{"line":10,"column":4},"end":{"line":10,"column":29}},"11":{"start":{"line":11,"column":4},"end":{"line":11,"column":106}},"12":{"start":{"line":12,"column":4},"end":{"line":12,"column":36}},"13":{"start":{"line":13,"column":9},"end":{"line":25,"column":3}},"14":{"start":{"line":14,"column":4},"end":{"line":14,"column":49}},"15":{"start":{"line":15,"column":4},"end":{"line":15,"column":22}},"16":{"start":{"line":16,"column":4},"end":{"line":16,"column":36}},"17":{"start":{"line":17,"column":9},"end":{"line":25,"column":3}},"18":{"start":{"line":18,"column":4},"end":{"line":18,"column":49}},"19":{"start":{"line":19,"column":4},"end":{"line":19,"column":53}},"20":{"start":{"line":20,"column":4},"end":{"line":20,"column":23}},"21":{"start":{"line":21,"column":9},"end":{"line":25,"column":3}},"22":{"start":{"line":22,"column":4},"end":{"line":22,"column":41}},"23":{"start":{"line":23,"column":4},"end":{"line":23,"column":34}},"24":{"start":{"line":24,"column":4},"end":{"line":24,"column":36}},"25":{"start":{"line":26,"column":22},"end":{"line":26,"column":70}},"26":{"start":{"line":27,"column":2},"end":{"line":27,"column":63}},"27":{"start":{"line":30,"column":22},"end":{"line":66,"column":1}},"28":{"start":{"line":32,"column":2},"end":{"line":65,"column":3}},"29":{"start":{"line":34,"column":4},"end":{"line":34,"column":41}},"30":{"start":{"line":34,"column":22},"end":{"line":34,"column":41}},"31":{"start":{"line":36,"column":25},"end":{"line":36,"column":27}},"32":{"start":{"line":37,"column":19},"end":{"line":37,"column":21}},"33":{"start":{"line":38,"column":4},"end":{"line":38,"column":96}},"34":{"start":{"line":38,"column":20},"end":{"line":38,"column":42}},"35":{"start":{"line":38,"column":43},"end":{"line":38,"column":94}},"36":{"start":{"line":39,"column":4},"end":{"line":39,"column":137}},"37":{"start":{"line":39,"column":33},"end":{"line":39,"column":68}},"38":{"start":{"line":39,"column":69},"end":{"line":39,"column":135}},"39":{"start":{"line":40,"column":4},"end":{"line":40,"column":115}},"40":{"start":{"line":40,"column":26},"end":{"line":40,"column":54}},"41":{"start":{"line":40,"column":55},"end":{"line":40,"column":113}},"42":{"start":{"line":41,"column":4},"end":{"line":41,"column":118}},"43":{"start":{"line":41,"column":27},"end":{"line":41,"column":56}},"44":{"start":{"line":41,"column":57},"end":{"line":41,"column":116}},"45":{"start":{"line":43,"column":19},"end":{"line":43,"column":23}},"46":{"start":{"line":44,"column":4},"end":{"line":48,"column":5}},"47":{"start":{"line":45,"column":16},"end":{"line":45,"column":83}},"48":{"start":{"line":46,"column":16},"end":{"line":46,"column":43}},"49":{"start":{"line":47,"column":6},"end":{"line":47,"column":27}},"50":{"start":{"line":50,"column":4},"end":{"line":55,"column":5}},"51":{"start":{"line":52,"column":24},"end":{"line":52,"column":183}},"52":{"start":{"line":53,"column":6},"end":{"line":53,"column":215}},"53":{"start":{"line":54,"column":6},"end":{"line":54,"column":25}},"54":{"start":{"line":58,"column":25},"end":{"line":58,"column":258}},"55":{"start":{"line":59,"column":22},"end":{"line":59,"column":334}},"56":{"start":{"line":60,"column":16},"end":{"line":60,"column":57}},"57":{"start":{"line":61,"column":4},"end":{"line":61,"column":41}},"58":{"start":{"line":63,"column":4},"end":{"line":63,"column":48}},"59":{"start":{"line":64,"column":4},"end":{"line":64,"column":14}},"60":{"start":{"line":68,"column":0},"end":{"line":68,"column":53}}},"fnMap":{"0":{"name":"(anonymous_0)","decl":{"start":{"line":3,"column":25},"end":{"line":3,"column":26}},"loc":{"start":{"line":3,"column":34},"end":{"line":28,"column":1}},"line":3},"1":{"name":"(anonymous_1)","decl":{"start":{"line":30,"column":22},"end":{"line":30,"column":23}},"loc":{"start":{"line":30,"column":288},"end":{"line":66,"column":1}},"line":30}},"branchMap":{"0":{"loc":{"start":{"line":4,"column":2},"end":{"line":4,"column":97}},"type":"if","locations":[{"start":{"line":4,"column":2},"end":{"line":4,"column":97}},{"start":{},"end":{}}],"line":4},"1":{"loc":{"start":{"line":6,"column":2},"end":{"line":6,"column":57}},"type":"if","locations":[{"start":{"line":6,"column":2},"end":{"line":6,"column":57}},{"start":{},"end":{}}],"line":6},"2":{"loc":{"start":{"line":6,"column":6},"end":{"line":6,"column":33}},"type":"binary-expr","locations":[{"start":{"line":6,"column":6},"end":{"line":6,"column":14}},{"start":{"line":6,"column":18},"end":{"line":6,"column":33}}],"line":6},"3":{"loc":{"start":{"line":9,"column":2},"end":{"line":25,"column":3}},"type":"if","locations":[{"start":{"line":9,"column":2},"end":{"line":25,"column":3}},{"start":{"line":13,"column":9},"end":{"line":25,"column":3}}],"line":9},"4":{"loc":{"start":{"line":11,"column":15},"end":{"line":11,"column":105}},"type":"binary-expr","locations":[{"start":{"line":11,"column":16},"end":{"line":11,"column":27}},{"start":{"line":11,"column":31},"end":{"line":11,"column":47}},{"start":{"line":11,"column":51},"end":{"line":11,"column":70}},{"start":{"line":11,"column":74},"end":{"line":11,"column":96}},{"start":{"line":11,"column":101},"end":{"line":11,"column":105}}],"line":11},"5":{"loc":{"start":{"line":12,"column":16},"end":{"line":12,"column":35}},"type":"binary-expr","locations":[{"start":{"line":12,"column":16},"end":{"line":12,"column":27}},{"start":{"line":12,"column":31},"end":{"line":12,"column":35}}],"line":12},"6":{"loc":{"start":{"line":13,"column":9},"end":{"line":25,"column":3}},"type":"if","locations":[{"start":{"line":13,"column":9},"end":{"line":25,"column":3}},{"start":{"line":17,"column":9},"end":{"line":25,"column":3}}],"line":13},"7":{"loc":{"start":{"line":14,"column":22},"end":{"line":14,"column":48}},"type":"binary-expr","locations":[{"start":{"line":14,"column":22},"end":{"line":14,"column":40}},{"start":{"line":14,"column":44},"end":{"line":14,"column":48}}],"line":14},"8":{"loc":{"start":{"line":16,"column":16},"end":{"line":16,"column":35}},"type":"binary-expr","locations":[{"start":{"line":16,"column":16},"end":{"line":16,"column":27}},{"start":{"line":16,"column":31},"end":{"line":16,"column":35}}],"line":16},"9":{"loc":{"start":{"line":17,"column":9},"end":{"line":25,"column":3}},"type":"if","locations":[{"start":{"line":17,"column":9},"end":{"line":25,"column":3}},{"start":{"line":21,"column":9},"end":{"line":25,"column":3}}],"line":17},"10":{"loc":{"start":{"line":18,"column":22},"end":{"line":18,"column":48}},"type":"binary-expr","locations":[{"start":{"line":18,"column":22},"end":{"line":18,"column":40}},{"start":{"line":18,"column":44},"end":{"line":18,"column":48}}],"line":18},"11":{"loc":{"start":{"line":19,"column":15},"end":{"line":19,"column":52}},"type":"binary-expr","locations":[{"start":{"line":19,"column":16},"end":{"line":19,"column":26}},{"start":{"line":19,"column":30},"end":{"line":19,"column":43}},{"start":{"line":19,"column":48},"end":{"line":19,"column":52}}],"line":19},"12":{"loc":{"start":{"line":21,"column":9},"end":{"line":25,"column":3}},"type":"if","locations":[{"start":{"line":21,"column":9},"end":{"line":25,"column":3}},{"start":{},"end":{}}],"line":21},"13":{"loc":{"start":{"line":23,"column":15},"end":{"line":23,"column":33}},"type":"binary-expr","locations":[{"start":{"line":23,"column":15},"end":{"line":23,"column":25}},{"start":{"line":23,"column":29},"end":{"line":23,"column":33}}],"line":23},"14":{"loc":{"start":{"line":24,"column":16},"end":{"line":24,"column":35}},"type":"binary-expr","locations":[{"start":{"line":24,"column":16},"end":{"line":24,"column":27}},{"start":{"line":24,"column":31},"end":{"line":24,"column":35}}],"line":24},"15":{"loc":{"start":{"line":26,"column":22},"end":{"line":26,"column":70}},"type":"binary-expr","locations":[{"start":{"line":26,"column":22},"end":{"line":26,"column":37}},{"start":{"line":26,"column":41},"end":{"line":26,"column":49}},{"start":{"line":26,"column":53},"end":{"line":26,"column":62}},{"start":{"line":26,"column":66},"end":{"line":26,"column":70}}],"line":26},"16":{"loc":{"start":{"line":30,"column":54},"end":{"line":30,"column":82}},"type":"default-arg","locations":[{"start":{"line":30,"column":78},"end":{"line":30,"column":82}}],"line":30},"17":{"loc":{"start":{"line":30,"column":84},"end":{"line":30,"column":105}},"type":"default-arg","locations":[{"start":{"line":30,"column":101},"end":{"line":30,"column":105}}],"line":30},"18":{"loc":{"start":{"line":30,"column":107},"end":{"line":30,"column":129}},"type":"default-arg","locations":[{"start":{"line":30,"column":125},"end":{"line":30,"column":129}}],"line":30},"19":{"loc":{"start":{"line":30,"column":131},"end":{"line":30,"column":144}},"type":"default-arg","locations":[{"start":{"line":30,"column":140},"end":{"line":30,"column":144}}],"line":30},"20":{"loc":{"start":{"line":30,"column":146},"end":{"line":30,"column":156}},"type":"default-arg","locations":[{"start":{"line":30,"column":155},"end":{"line":30,"column":156}}],"line":30},"21":{"loc":{"start":{"line":30,"column":158},"end":{"line":30,"column":174}},"type":"default-arg","locations":[{"start":{"line":30,"column":169},"end":{"line":30,"column":174}}],"line":30},"22":{"loc":{"start":{"line":30,"column":176},"end":{"line":30,"column":189}},"type":"default-arg","locations":[{"start":{"line":30,"column":185},"end":{"line":30,"column":189}}],"line":30},"23":{"loc":{"start":{"line":30,"column":191},"end":{"line":30,"column":211}},"type":"default-arg","locations":[{"start":{"line":30,"column":207},"end":{"line":30,"column":211}}],"line":30},"24":{"loc":{"start":{"line":30,"column":213},"end":{"line":30,"column":232}},"type":"default-arg","locations":[{"start":{"line":30,"column":228},"end":{"line":30,"column":232}}],"line":30},"25":{"loc":{"start":{"line":30,"column":234},"end":{"line":30,"column":252}},"type":"default-arg","locations":[{"start":{"line":30,"column":248},"end":{"line":30,"column":252}}],"line":30},"26":{"loc":{"start":{"line":30,"column":254},"end":{"line":30,"column":269}},"type":"default-arg","locations":[{"start":{"line":30,"column":265},"end":{"line":30,"column":269}}],"line":30},"27":{"loc":{"start":{"line":30,"column":271},"end":{"line":30,"column":281}},"type":"default-arg","locations":[{"start":{"line":30,"column":277},"end":{"line":30,"column":281}}],"line":30},"28":{"loc":{"start":{"line":34,"column":4},"end":{"line":34,"column":41}},"type":"if","locations":[{"start":{"line":34,"column":4},"end":{"line":34,"column":41}},{"start":{},"end":{}}],"line":34},"29":{"loc":{"start":{"line":38,"column":4},"end":{"line":38,"column":96}},"type":"if","locations":[{"start":{"line":38,"column":4},"end":{"line":38,"column":96}},{"start":{},"end":{}}],"line":38},"30":{"loc":{"start":{"line":39,"column":4},"end":{"line":39,"column":137}},"type":"if","locations":[{"start":{"line":39,"column":4},"end":{"line":39,"column":137}},{"start":{},"end":{}}],"line":39},"31":{"loc":{"start":{"line":40,"column":4},"end":{"line":40,"column":115}},"type":"if","locations":[{"start":{"line":40,"column":4},"end":{"line":40,"column":115}},{"start":{},"end":{}}],"line":40},"32":{"loc":{"start":{"line":41,"column":4},"end":{"line":41,"column":118}},"type":"if","locations":[{"start":{"line":41,"column":4},"end":{"line":41,"column":118}},{"start":{},"end":{}}],"line":41},"33":{"loc":{"start":{"line":44,"column":4},"end":{"line":48,"column":5}},"type":"if","locations":[{"start":{"line":44,"column":4},"end":{"line":48,"column":5}},{"start":{},"end":{}}],"line":44},"34":{"loc":{"start":{"line":50,"column":4},"end":{"line":55,"column":5}},"type":"if","locations":[{"start":{"line":50,"column":4},"end":{"line":55,"column":5}},{"start":{},"end":{}}],"line":50},"35":{"loc":{"start":{"line":52,"column":93},"end":{"line":52,"column":135}},"type":"cond-expr","locations":[{"start":{"line":52,"column":104},"end":{"line":52,"column":128}},{"start":{"line":52,"column":131},"end":{"line":52,"column":135}}],"line":52},"36":{"loc":{"start":{"line":52,"column":137},"end":{"line":52,"column":169}},"type":"cond-expr","locations":[{"start":{"line":52,"column":143},"end":{"line":52,"column":162}},{"start":{"line":52,"column":165},"end":{"line":52,"column":169}}],"line":52},"37":{"loc":{"start":{"line":58,"column":181},"end":{"line":58,"column":223}},"type":"cond-expr","locations":[{"start":{"line":58,"column":192},"end":{"line":58,"column":216}},{"start":{"line":58,"column":219},"end":{"line":58,"column":223}}],"line":58},"38":{"loc":{"start":{"line":58,"column":225},"end":{"line":58,"column":257}},"type":"cond-expr","locations":[{"start":{"line":58,"column":231},"end":{"line":58,"column":250}},{"start":{"line":58,"column":253},"end":{"line":58,"column":257}}],"line":58},"39":{"loc":{"start":{"line":61,"column":11},"end":{"line":61,"column":40}},"type":"binary-expr","locations":[{"start":{"line":61,"column":11},"end":{"line":61,"column":22}},{"start":{"line":61,"column":26},"end":{"line":61,"column":40}}],"line":61}},"s":{"0":10,"1":10,"2":9,"3":1,"4":8,"5":2,"6":8,"7":8,"8":8,"9":8,"10":1,"11":1,"12":1,"13":7,"14":3,"15":3,"16":3,"17":4,"18":3,"19":3,"20":3,"21":1,"22":1,"23":1,"24":1,"25":8,"26":8,"27":10,"28":3,"29":3,"30":1,"31":3,"32":3,"33":3,"34":3,"35":3,"36":3,"37":0,"38":0,"39":3,"40":0,"41":0,"42":3,"43":0,"44":0,"45":3,"46":3,"47":3,"48":3,"49":2,"50":2,"51":1,"52":1,"53":1,"54":1,"55":1,"56":1,"57":1,"58":1,"59":1,"60":10},"f":{"0":9,"1":3},"b":{"0":[1,8],"1":[2,6],"2":[8,2],"3":[1,7],"4":[1,1,1,1,0],"5":[1,0],"6":[3,4],"7":[3,1],"8":[3,2],"9":[3,1],"10":[3,1],"11":[3,1,2],"12":[1,0],"13":[1,1],"14":[1,1],"15":[8,2,1,0],"16":[3],"17":[3],"18":[3],"19":[3],"20":[1],"21":[3],"22":[3],"23":[3],"24":[3],"25":[3],"26":[3],"27":[3],"28":[1,2],"29":[3,0],"30":[0,3],"31":[0,3],"32":[0,3],"33":[3,0],"34":[1,1],"35":[0,1],"36":[0,1],"37":[0,1],"38":[0,1],"39":[1,1]},"_coverageSchema":"1a1c01bbd47fc00a2c39e90264f33305004495a9","hash":"9bc6264c4baba2a56385ae321ce4e4b1052e3be9"}
}
