{"C:\\VS Projects\\Portfolio Builder\\portfolio-builder\\backend\\server\\index.js": {"path":"C:\\VS Projects\\Portfolio Builder\\portfolio-builder\\backend\\server\\index.js","statementMap":{"0":{"start":{"line":5,"column":16},"end":{"line":5,"column":34}},"1":{"start":{"line":6,"column":13},"end":{"line":6,"column":28}},"2":{"start":{"line":7,"column":19},"end":{"line":7,"column":42}},"3":{"start":{"line":8,"column":12},"end":{"line":8,"column":35}},"4":{"start":{"line":9,"column":15},"end":{"line":9,"column":34}},"5":{"start":{"line":10,"column":15},"end":{"line":10,"column":32}},"6":{"start":{"line":11,"column":17},"end":{"line":11,"column":30}},"7":{"start":{"line":12,"column":19},"end":{"line":12,"column":40}},"8":{"start":{"line":13,"column":18},"end":{"line":13,"column":47}},"9":{"start":{"line":14,"column":13},"end":{"line":14,"column":28}},"10":{"start":{"line":15,"column":15},"end":{"line":15,"column":32}},"11":{"start":{"line":17,"column":19},"end":{"line":17,"column":56}},"12":{"start":{"line":18,"column":0},"end":{"line":18,"column":36}},"13":{"start":{"line":20,"column":12},"end":{"line":20,"column":21}},"14":{"start":{"line":21,"column":0},"end":{"line":21,"column":16}},"15":{"start":{"line":23,"column":0},"end":{"line":28,"column":4}},"16":{"start":{"line":26,"column":4},"end":{"line":26,"column":22}},"17":{"start":{"line":29,"column":0},"end":{"line":29,"column":28}},"18":{"start":{"line":31,"column":19},"end":{"line":31,"column":62}},"19":{"start":{"line":32,"column":13},"end":{"line":32,"column":69}},"20":{"start":{"line":35,"column":13},"end":{"line":35,"column":17}},"21":{"start":{"line":36,"column":0},"end":{"line":48,"column":1}},"22":{"start":{"line":37,"column":2},"end":{"line":45,"column":5}},"23":{"start":{"line":47,"column":2},"end":{"line":47,"column":88}},"24":{"start":{"line":52,"column":0},"end":{"line":58,"column":1}},"25":{"start":{"line":53,"column":17},"end":{"line":53,"column":34}},"26":{"start":{"line":54,"column":2},"end":{"line":54,"column":55}},"27":{"start":{"line":56,"column":2},"end":{"line":56,"column":93}},"28":{"start":{"line":57,"column":2},"end":{"line":57,"column":16}},"29":{"start":{"line":62,"column":25},"end":{"line":104,"column":1}},"30":{"start":{"line":63,"column":2},"end":{"line":63,"column":97}},"31":{"start":{"line":63,"column":12},"end":{"line":63,"column":97}},"32":{"start":{"line":65,"column":2},"end":{"line":65,"column":57}},"33":{"start":{"line":65,"column":35},"end":{"line":65,"column":57}},"34":{"start":{"line":66,"column":24},"end":{"line":66,"column":28}},"35":{"start":{"line":67,"column":17},"end":{"line":67,"column":21}},"36":{"start":{"line":68,"column":18},"end":{"line":68,"column":22}},"37":{"start":{"line":71,"column":2},"end":{"line":76,"column":3}},"38":{"start":{"line":72,"column":15},"end":{"line":72,"column":21}},"39":{"start":{"line":73,"column":4},"end":{"line":73,"column":51}},"40":{"start":{"line":73,"column":30},"end":{"line":73,"column":51}},"41":{"start":{"line":74,"column":4},"end":{"line":74,"column":44}},"42":{"start":{"line":74,"column":30},"end":{"line":74,"column":44}},"43":{"start":{"line":75,"column":4},"end":{"line":75,"column":45}},"44":{"start":{"line":75,"column":30},"end":{"line":75,"column":45}},"45":{"start":{"line":79,"column":2},"end":{"line":82,"column":3}},"46":{"start":{"line":80,"column":4},"end":{"line":81,"column":98}},"47":{"start":{"line":80,"column":48},"end":{"line":80,"column":85}},"48":{"start":{"line":81,"column":9},"end":{"line":81,"column":98}},"49":{"start":{"line":81,"column":58},"end":{"line":81,"column":98}},"50":{"start":{"line":83,"column":2},"end":{"line":83,"column":53}},"51":{"start":{"line":83,"column":31},"end":{"line":83,"column":53}},"52":{"start":{"line":84,"column":2},"end":{"line":84,"column":57}},"53":{"start":{"line":84,"column":33},"end":{"line":84,"column":57}},"54":{"start":{"line":87,"column":2},"end":{"line":96,"column":3}},"55":{"start":{"line":88,"column":4},"end":{"line":93,"column":5}},"56":{"start":{"line":89,"column":16},"end":{"line":89,"column":35}},"57":{"start":{"line":90,"column":6},"end":{"line":90,"column":37}},"58":{"start":{"line":90,"column":21},"end":{"line":90,"column":37}},"59":{"start":{"line":91,"column":6},"end":{"line":91,"column":87}},"60":{"start":{"line":91,"column":33},"end":{"line":91,"column":87}},"61":{"start":{"line":92,"column":6},"end":{"line":92,"column":61}},"62":{"start":{"line":92,"column":26},"end":{"line":92,"column":61}},"63":{"start":{"line":99,"column":2},"end":{"line":99,"column":53}},"64":{"start":{"line":99,"column":31},"end":{"line":99,"column":53}},"65":{"start":{"line":102,"column":22},"end":{"line":102,"column":97}},"66":{"start":{"line":103,"column":2},"end":{"line":103,"column":63}},"67":{"start":{"line":107,"column":22},"end":{"line":161,"column":1}},"68":{"start":{"line":108,"column":2},"end":{"line":108,"column":51}},"69":{"start":{"line":108,"column":20},"end":{"line":108,"column":51}},"70":{"start":{"line":109,"column":2},"end":{"line":109,"column":27}},"71":{"start":{"line":109,"column":20},"end":{"line":109,"column":27}},"72":{"start":{"line":111,"column":2},"end":{"line":113,"column":3}},"73":{"start":{"line":112,"column":4},"end":{"line":112,"column":207}},"74":{"start":{"line":112,"column":10},"end":{"line":112,"column":164}},"75":{"start":{"line":115,"column":17},"end":{"line":115,"column":37}},"76":{"start":{"line":116,"column":2},"end":{"line":160,"column":3}},"77":{"start":{"line":117,"column":4},"end":{"line":117,"column":32}},"78":{"start":{"line":119,"column":4},"end":{"line":137,"column":179}},"79":{"start":{"line":140,"column":4},"end":{"line":149,"column":78}},"80":{"start":{"line":151,"column":4},"end":{"line":151,"column":33}},"81":{"start":{"line":152,"column":4},"end":{"line":154,"column":5}},"82":{"start":{"line":153,"column":6},"end":{"line":153,"column":171}},"83":{"start":{"line":153,"column":12},"end":{"line":153,"column":81}},"84":{"start":{"line":153,"column":82},"end":{"line":153,"column":158}},"85":{"start":{"line":156,"column":4},"end":{"line":156,"column":90}},"86":{"start":{"line":156,"column":10},"end":{"line":156,"column":41}},"87":{"start":{"line":157,"column":4},"end":{"line":157,"column":134}},"88":{"start":{"line":159,"column":4},"end":{"line":159,"column":21}},"89":{"start":{"line":165,"column":0},"end":{"line":180,"column":3}},"90":{"start":{"line":166,"column":2},"end":{"line":179,"column":3}},"91":{"start":{"line":167,"column":19},"end":{"line":167,"column":58}},"92":{"start":{"line":169,"column":4},"end":{"line":176,"column":9}},"93":{"start":{"line":169,"column":35},"end":{"line":176,"column":5}},"94":{"start":{"line":178,"column":4},"end":{"line":178,"column":53}},"95":{"start":{"line":183,"column":0},"end":{"line":285,"column":3}},"96":{"start":{"line":184,"column":42},"end":{"line":184,"column":50}},"97":{"start":{"line":185,"column":2},"end":{"line":185,"column":98}},"98":{"start":{"line":185,"column":27},"end":{"line":185,"column":98}},"99":{"start":{"line":186,"column":2},"end":{"line":284,"column":3}},"100":{"start":{"line":188,"column":19},"end":{"line":188,"column":85}},"101":{"start":{"line":189,"column":4},"end":{"line":189,"column":92}},"102":{"start":{"line":189,"column":24},"end":{"line":189,"column":92}},"103":{"start":{"line":191,"column":18},"end":{"line":191,"column":41}},"104":{"start":{"line":192,"column":23},"end":{"line":192,"column":44}},"105":{"start":{"line":193,"column":22},"end":{"line":193,"column":45}},"106":{"start":{"line":195,"column":19},"end":{"line":195,"column":82}},"107":{"start":{"line":196,"column":4},"end":{"line":198,"column":5}},"108":{"start":{"line":197,"column":6},"end":{"line":197,"column":45}},"109":{"start":{"line":200,"column":4},"end":{"line":200,"column":99}},"110":{"start":{"line":203,"column":19},"end":{"line":203,"column":50}},"111":{"start":{"line":204,"column":19},"end":{"line":208,"column":56}},"112":{"start":{"line":210,"column":17},"end":{"line":210,"column":31}},"113":{"start":{"line":212,"column":4},"end":{"line":227,"column":5}},"114":{"start":{"line":213,"column":18},"end":{"line":213,"column":69}},"115":{"start":{"line":214,"column":20},"end":{"line":214,"column":24}},"116":{"start":{"line":215,"column":6},"end":{"line":220,"column":7}},"117":{"start":{"line":216,"column":19},"end":{"line":216,"column":119}},"118":{"start":{"line":217,"column":8},"end":{"line":217,"column":54}},"119":{"start":{"line":217,"column":24},"end":{"line":217,"column":54}},"120":{"start":{"line":221,"column":6},"end":{"line":224,"column":45}},"121":{"start":{"line":226,"column":6},"end":{"line":226,"column":83}},"122":{"start":{"line":229,"column":19},"end":{"line":229,"column":23}},"123":{"start":{"line":230,"column":4},"end":{"line":274,"column":5}},"124":{"start":{"line":231,"column":18},"end":{"line":231,"column":61}},"125":{"start":{"line":232,"column":6},"end":{"line":271,"column":7}},"126":{"start":{"line":234,"column":22},"end":{"line":234,"column":26}},"127":{"start":{"line":235,"column":8},"end":{"line":240,"column":9}},"128":{"start":{"line":236,"column":21},"end":{"line":236,"column":121}},"129":{"start":{"line":237,"column":10},"end":{"line":237,"column":56}},"130":{"start":{"line":237,"column":26},"end":{"line":237,"column":56}},"131":{"start":{"line":242,"column":8},"end":{"line":270,"column":9}},"132":{"start":{"line":244,"column":21},"end":{"line":244,"column":30}},"133":{"start":{"line":245,"column":10},"end":{"line":250,"column":11}},"134":{"start":{"line":246,"column":29},"end":{"line":246,"column":91}},"135":{"start":{"line":247,"column":12},"end":{"line":247,"column":70}},"136":{"start":{"line":247,"column":48},"end":{"line":247,"column":70}},"137":{"start":{"line":252,"column":10},"end":{"line":269,"column":11}},"138":{"start":{"line":253,"column":32},"end":{"line":253,"column":116}},"139":{"start":{"line":255,"column":31},"end":{"line":255,"column":84}},"140":{"start":{"line":256,"column":28},"end":{"line":264,"column":14}},"141":{"start":{"line":265,"column":12},"end":{"line":265,"column":66}},"142":{"start":{"line":266,"column":12},"end":{"line":266,"column":88}},"143":{"start":{"line":268,"column":12},"end":{"line":268,"column":89}},"144":{"start":{"line":273,"column":6},"end":{"line":273,"column":103}},"145":{"start":{"line":277,"column":18},"end":{"line":277,"column":112}},"146":{"start":{"line":278,"column":17},"end":{"line":278,"column":166}},"147":{"start":{"line":279,"column":4},"end":{"line":279,"column":43}},"148":{"start":{"line":279,"column":18},"end":{"line":279,"column":43}},"149":{"start":{"line":280,"column":4},"end":{"line":280,"column":19}},"150":{"start":{"line":282,"column":4},"end":{"line":282,"column":47}},"151":{"start":{"line":283,"column":4},"end":{"line":283,"column":62}},"152":{"start":{"line":288,"column":23},"end":{"line":293,"column":2}},"153":{"start":{"line":296,"column":0},"end":{"line":375,"column":3}},"154":{"start":{"line":297,"column":20},"end":{"line":297,"column":28}},"155":{"start":{"line":298,"column":2},"end":{"line":298,"column":72}},"156":{"start":{"line":298,"column":14},"end":{"line":298,"column":72}},"157":{"start":{"line":299,"column":2},"end":{"line":374,"column":3}},"158":{"start":{"line":302,"column":14},"end":{"line":302,"column":99}},"159":{"start":{"line":303,"column":4},"end":{"line":303,"column":67}},"160":{"start":{"line":303,"column":20},"end":{"line":303,"column":67}},"161":{"start":{"line":304,"column":17},"end":{"line":304,"column":26}},"162":{"start":{"line":307,"column":21},"end":{"line":307,"column":150}},"163":{"start":{"line":308,"column":18},"end":{"line":308,"column":61}},"164":{"start":{"line":309,"column":4},"end":{"line":312,"column":5}},"165":{"start":{"line":311,"column":6},"end":{"line":311,"column":116}},"166":{"start":{"line":315,"column":26},"end":{"line":315,"column":52}},"167":{"start":{"line":316,"column":28},"end":{"line":316,"column":87}},"168":{"start":{"line":317,"column":4},"end":{"line":351,"column":5}},"169":{"start":{"line":318,"column":20},"end":{"line":318,"column":41}},"170":{"start":{"line":319,"column":6},"end":{"line":319,"column":84}},"171":{"start":{"line":319,"column":18},"end":{"line":319,"column":84}},"172":{"start":{"line":320,"column":21},"end":{"line":320,"column":26}},"173":{"start":{"line":321,"column":6},"end":{"line":349,"column":7}},"174":{"start":{"line":323,"column":8},"end":{"line":335,"column":9}},"175":{"start":{"line":324,"column":10},"end":{"line":328,"column":13}},"176":{"start":{"line":330,"column":10},"end":{"line":334,"column":13}},"177":{"start":{"line":336,"column":18},"end":{"line":336,"column":53}},"178":{"start":{"line":336,"column":48},"end":{"line":336,"column":52}},"179":{"start":{"line":337,"column":8},"end":{"line":340,"column":9}},"180":{"start":{"line":338,"column":10},"end":{"line":338,"column":97}},"181":{"start":{"line":339,"column":10},"end":{"line":339,"column":116}},"182":{"start":{"line":341,"column":8},"end":{"line":341,"column":38}},"183":{"start":{"line":342,"column":8},"end":{"line":345,"column":9}},"184":{"start":{"line":343,"column":10},"end":{"line":343,"column":57}},"185":{"start":{"line":344,"column":10},"end":{"line":344,"column":93}},"186":{"start":{"line":347,"column":8},"end":{"line":347,"column":68}},"187":{"start":{"line":348,"column":8},"end":{"line":348,"column":91}},"188":{"start":{"line":350,"column":6},"end":{"line":350,"column":92}},"189":{"start":{"line":350,"column":21},"end":{"line":350,"column":92}},"190":{"start":{"line":353,"column":16},"end":{"line":353,"column":54}},"191":{"start":{"line":354,"column":20},"end":{"line":354,"column":75}},"192":{"start":{"line":355,"column":20},"end":{"line":355,"column":57}},"193":{"start":{"line":357,"column":2},"end":{"line":357,"column":130}},"194":{"start":{"line":359,"column":19},"end":{"line":359,"column":138}},"195":{"start":{"line":360,"column":20},"end":{"line":360,"column":44}},"196":{"start":{"line":361,"column":17},"end":{"line":361,"column":225}},"197":{"start":{"line":363,"column":4},"end":{"line":366,"column":5}},"198":{"start":{"line":364,"column":6},"end":{"line":364,"column":118}},"199":{"start":{"line":365,"column":6},"end":{"line":365,"column":41}},"200":{"start":{"line":369,"column":2},"end":{"line":369,"column":80}},"201":{"start":{"line":370,"column":4},"end":{"line":370,"column":39}},"202":{"start":{"line":372,"column":4},"end":{"line":372,"column":57}},"203":{"start":{"line":373,"column":4},"end":{"line":373,"column":69}},"204":{"start":{"line":378,"column":0},"end":{"line":398,"column":3}},"205":{"start":{"line":379,"column":30},"end":{"line":379,"column":38}},"206":{"start":{"line":380,"column":2},"end":{"line":380,"column":102}},"207":{"start":{"line":380,"column":27},"end":{"line":380,"column":102}},"208":{"start":{"line":381,"column":2},"end":{"line":397,"column":3}},"209":{"start":{"line":383,"column":20},"end":{"line":383,"column":75}},"210":{"start":{"line":384,"column":12},"end":{"line":384,"column":113}},"211":{"start":{"line":385,"column":16},"end":{"line":385,"column":25}},"212":{"start":{"line":386,"column":4},"end":{"line":386,"column":82}},"213":{"start":{"line":386,"column":14},"end":{"line":386,"column":82}},"214":{"start":{"line":387,"column":4},"end":{"line":387,"column":104}},"215":{"start":{"line":387,"column":47},"end":{"line":387,"column":104}},"216":{"start":{"line":389,"column":19},"end":{"line":389,"column":50}},"217":{"start":{"line":390,"column":4},"end":{"line":390,"column":92}},"218":{"start":{"line":392,"column":4},"end":{"line":392,"column":76}},"219":{"start":{"line":393,"column":4},"end":{"line":393,"column":39}},"220":{"start":{"line":395,"column":4},"end":{"line":395,"column":57}},"221":{"start":{"line":396,"column":4},"end":{"line":396,"column":65}},"222":{"start":{"line":401,"column":0},"end":{"line":433,"column":3}},"223":{"start":{"line":402,"column":30},"end":{"line":402,"column":38}},"224":{"start":{"line":403,"column":2},"end":{"line":405,"column":3}},"225":{"start":{"line":404,"column":4},"end":{"line":404,"column":75}},"226":{"start":{"line":406,"column":2},"end":{"line":432,"column":3}},"227":{"start":{"line":407,"column":19},"end":{"line":407,"column":84}},"228":{"start":{"line":408,"column":17},"end":{"line":408,"column":31}},"229":{"start":{"line":409,"column":4},"end":{"line":411,"column":5}},"230":{"start":{"line":410,"column":6},"end":{"line":410,"column":69}},"231":{"start":{"line":413,"column":18},"end":{"line":413,"column":63}},"232":{"start":{"line":414,"column":4},"end":{"line":416,"column":5}},"233":{"start":{"line":415,"column":6},"end":{"line":415,"column":69}},"234":{"start":{"line":418,"column":18},"end":{"line":418,"column":112}},"235":{"start":{"line":419,"column":4},"end":{"line":429,"column":7}},"236":{"start":{"line":431,"column":4},"end":{"line":431,"column":53}},"237":{"start":{"line":436,"column":0},"end":{"line":462,"column":3}},"238":{"start":{"line":437,"column":21},"end":{"line":437,"column":49}},"239":{"start":{"line":438,"column":16},"end":{"line":438,"column":54}},"240":{"start":{"line":439,"column":2},"end":{"line":441,"column":3}},"241":{"start":{"line":440,"column":4},"end":{"line":440,"column":65}},"242":{"start":{"line":442,"column":2},"end":{"line":461,"column":3}},"243":{"start":{"line":443,"column":20},"end":{"line":443,"column":49}},"244":{"start":{"line":444,"column":19},"end":{"line":444,"column":86}},"245":{"start":{"line":445,"column":17},"end":{"line":445,"column":31}},"246":{"start":{"line":446,"column":4},"end":{"line":448,"column":5}},"247":{"start":{"line":447,"column":6},"end":{"line":447,"column":64}},"248":{"start":{"line":449,"column":4},"end":{"line":458,"column":7}},"249":{"start":{"line":460,"column":4},"end":{"line":460,"column":65}},"250":{"start":{"line":465,"column":0},"end":{"line":484,"column":3}},"251":{"start":{"line":466,"column":21},"end":{"line":466,"column":49}},"252":{"start":{"line":467,"column":16},"end":{"line":467,"column":54}},"253":{"start":{"line":468,"column":2},"end":{"line":470,"column":3}},"254":{"start":{"line":469,"column":4},"end":{"line":469,"column":65}},"255":{"start":{"line":472,"column":2},"end":{"line":477,"column":3}},"256":{"start":{"line":473,"column":20},"end":{"line":473,"column":49}},"257":{"start":{"line":474,"column":4},"end":{"line":474,"column":24}},"258":{"start":{"line":476,"column":4},"end":{"line":476,"column":72}},"259":{"start":{"line":478,"column":2},"end":{"line":483,"column":3}},"260":{"start":{"line":479,"column":19},"end":{"line":479,"column":92}},"261":{"start":{"line":480,"column":4},"end":{"line":480,"column":26}},"262":{"start":{"line":482,"column":4},"end":{"line":482,"column":53}},"263":{"start":{"line":487,"column":0},"end":{"line":513,"column":3}},"264":{"start":{"line":488,"column":21},"end":{"line":488,"column":49}},"265":{"start":{"line":489,"column":16},"end":{"line":489,"column":54}},"266":{"start":{"line":490,"column":2},"end":{"line":492,"column":3}},"267":{"start":{"line":491,"column":4},"end":{"line":491,"column":65}},"268":{"start":{"line":494,"column":2},"end":{"line":499,"column":3}},"269":{"start":{"line":495,"column":20},"end":{"line":495,"column":49}},"270":{"start":{"line":496,"column":4},"end":{"line":496,"column":24}},"271":{"start":{"line":498,"column":4},"end":{"line":498,"column":72}},"272":{"start":{"line":500,"column":22},"end":{"line":500,"column":35}},"273":{"start":{"line":501,"column":2},"end":{"line":512,"column":3}},"274":{"start":{"line":502,"column":19},"end":{"line":505,"column":5}},"275":{"start":{"line":506,"column":4},"end":{"line":508,"column":5}},"276":{"start":{"line":507,"column":6},"end":{"line":507,"column":69}},"277":{"start":{"line":509,"column":4},"end":{"line":509,"column":29}},"278":{"start":{"line":511,"column":4},"end":{"line":511,"column":53}},"279":{"start":{"line":516,"column":0},"end":{"line":542,"column":3}},"280":{"start":{"line":517,"column":21},"end":{"line":517,"column":49}},"281":{"start":{"line":518,"column":16},"end":{"line":518,"column":54}},"282":{"start":{"line":519,"column":2},"end":{"line":521,"column":3}},"283":{"start":{"line":520,"column":4},"end":{"line":520,"column":65}},"284":{"start":{"line":523,"column":2},"end":{"line":528,"column":3}},"285":{"start":{"line":524,"column":20},"end":{"line":524,"column":49}},"286":{"start":{"line":525,"column":4},"end":{"line":525,"column":24}},"287":{"start":{"line":527,"column":4},"end":{"line":527,"column":72}},"288":{"start":{"line":529,"column":19},"end":{"line":529,"column":27}},"289":{"start":{"line":530,"column":2},"end":{"line":532,"column":3}},"290":{"start":{"line":531,"column":4},"end":{"line":531,"column":71}},"291":{"start":{"line":533,"column":2},"end":{"line":541,"column":3}},"292":{"start":{"line":534,"column":19},"end":{"line":537,"column":5}},"293":{"start":{"line":538,"column":4},"end":{"line":538,"column":41}},"294":{"start":{"line":540,"column":4},"end":{"line":540,"column":53}},"295":{"start":{"line":545,"column":0},"end":{"line":572,"column":3}},"296":{"start":{"line":546,"column":21},"end":{"line":546,"column":49}},"297":{"start":{"line":547,"column":16},"end":{"line":547,"column":54}},"298":{"start":{"line":548,"column":2},"end":{"line":550,"column":3}},"299":{"start":{"line":549,"column":4},"end":{"line":549,"column":65}},"300":{"start":{"line":552,"column":2},"end":{"line":557,"column":3}},"301":{"start":{"line":553,"column":20},"end":{"line":553,"column":49}},"302":{"start":{"line":554,"column":4},"end":{"line":554,"column":24}},"303":{"start":{"line":556,"column":4},"end":{"line":556,"column":72}},"304":{"start":{"line":558,"column":22},"end":{"line":558,"column":35}},"305":{"start":{"line":559,"column":2},"end":{"line":571,"column":3}},"306":{"start":{"line":561,"column":19},"end":{"line":564,"column":5}},"307":{"start":{"line":565,"column":4},"end":{"line":567,"column":5}},"308":{"start":{"line":566,"column":6},"end":{"line":566,"column":90}},"309":{"start":{"line":568,"column":4},"end":{"line":568,"column":32}},"310":{"start":{"line":570,"column":4},"end":{"line":570,"column":53}},"311":{"start":{"line":575,"column":0},"end":{"line":602,"column":3}},"312":{"start":{"line":576,"column":2},"end":{"line":601,"column":3}},"313":{"start":{"line":577,"column":22},"end":{"line":577,"column":77}},"314":{"start":{"line":578,"column":24},"end":{"line":578,"column":53}},"315":{"start":{"line":578,"column":48},"end":{"line":578,"column":52}},"316":{"start":{"line":579,"column":21},"end":{"line":579,"column":23}},"317":{"start":{"line":580,"column":4},"end":{"line":586,"column":5}},"318":{"start":{"line":581,"column":25},"end":{"line":584,"column":7}},"319":{"start":{"line":585,"column":6},"end":{"line":585,"column":35}},"320":{"start":{"line":588,"column":33},"end":{"line":588,"column":35}},"321":{"start":{"line":589,"column":4},"end":{"line":592,"column":7}},"322":{"start":{"line":590,"column":6},"end":{"line":590,"column":89}},"323":{"start":{"line":590,"column":48},"end":{"line":590,"column":89}},"324":{"start":{"line":591,"column":6},"end":{"line":591,"column":50}},"325":{"start":{"line":594,"column":19},"end":{"line":597,"column":7}},"326":{"start":{"line":594,"column":44},"end":{"line":597,"column":5}},"327":{"start":{"line":598,"column":4},"end":{"line":598,"column":21}},"328":{"start":{"line":600,"column":4},"end":{"line":600,"column":65}},"329":{"start":{"line":605,"column":0},"end":{"line":649,"column":3}},"330":{"start":{"line":606,"column":2},"end":{"line":606,"column":82}},"331":{"start":{"line":606,"column":15},"end":{"line":606,"column":82}},"332":{"start":{"line":607,"column":2},"end":{"line":648,"column":3}},"333":{"start":{"line":608,"column":19},"end":{"line":608,"column":99}},"334":{"start":{"line":609,"column":19},"end":{"line":620,"column":7}},"335":{"start":{"line":609,"column":41},"end":{"line":620,"column":5}},"336":{"start":{"line":627,"column":30},"end":{"line":627,"column":32}},"337":{"start":{"line":628,"column":4},"end":{"line":630,"column":5}},"338":{"start":{"line":629,"column":6},"end":{"line":629,"column":182}},"339":{"start":{"line":631,"column":4},"end":{"line":633,"column":5}},"340":{"start":{"line":632,"column":6},"end":{"line":632,"column":170}},"341":{"start":{"line":634,"column":4},"end":{"line":636,"column":5}},"342":{"start":{"line":635,"column":6},"end":{"line":635,"column":182}},"343":{"start":{"line":639,"column":19},"end":{"line":639,"column":33}},"344":{"start":{"line":640,"column":4},"end":{"line":642,"column":5}},"345":{"start":{"line":641,"column":6},"end":{"line":641,"column":61}},"346":{"start":{"line":641,"column":28},"end":{"line":641,"column":42}},"347":{"start":{"line":641,"column":45},"end":{"line":641,"column":61}},"348":{"start":{"line":644,"column":4},"end":{"line":644,"column":21}},"349":{"start":{"line":646,"column":4},"end":{"line":646,"column":56}},"350":{"start":{"line":647,"column":4},"end":{"line":647,"column":62}},"351":{"start":{"line":652,"column":0},"end":{"line":741,"column":3}},"352":{"start":{"line":653,"column":2},"end":{"line":653,"column":82}},"353":{"start":{"line":653,"column":15},"end":{"line":653,"column":82}},"354":{"start":{"line":654,"column":2},"end":{"line":740,"column":3}},"355":{"start":{"line":657,"column":18},"end":{"line":657,"column":20}},"356":{"start":{"line":658,"column":4},"end":{"line":666,"column":5}},"357":{"start":{"line":659,"column":16},"end":{"line":659,"column":101}},"358":{"start":{"line":660,"column":6},"end":{"line":662,"column":9}},"359":{"start":{"line":661,"column":8},"end":{"line":661,"column":91}},"360":{"start":{"line":661,"column":42},"end":{"line":661,"column":91}},"361":{"start":{"line":665,"column":6},"end":{"line":665,"column":80}},"362":{"start":{"line":669,"column":25},"end":{"line":669,"column":61}},"363":{"start":{"line":670,"column":19},"end":{"line":670,"column":54}},"364":{"start":{"line":670,"column":43},"end":{"line":670,"column":53}},"365":{"start":{"line":671,"column":4},"end":{"line":671,"column":39}},"366":{"start":{"line":671,"column":16},"end":{"line":671,"column":39}},"367":{"start":{"line":674,"column":19},"end":{"line":674,"column":99}},"368":{"start":{"line":675,"column":17},"end":{"line":675,"column":34}},"369":{"start":{"line":677,"column":22},"end":{"line":677,"column":70}},"370":{"start":{"line":677,"column":29},"end":{"line":677,"column":70}},"371":{"start":{"line":678,"column":23},"end":{"line":678,"column":67}},"372":{"start":{"line":680,"column":4},"end":{"line":696,"column":7}},"373":{"start":{"line":681,"column":19},"end":{"line":681,"column":34}},"374":{"start":{"line":682,"column":23},"end":{"line":682,"column":60}},"375":{"start":{"line":683,"column":19},"end":{"line":683,"column":58}},"376":{"start":{"line":684,"column":22},"end":{"line":684,"column":96}},"377":{"start":{"line":685,"column":17},"end":{"line":685,"column":21}},"378":{"start":{"line":686,"column":24},"end":{"line":686,"column":43}},"379":{"start":{"line":688,"column":20},"end":{"line":688,"column":22}},"380":{"start":{"line":689,"column":6},"end":{"line":689,"column":39}},"381":{"start":{"line":689,"column":19},"end":{"line":689,"column":39}},"382":{"start":{"line":690,"column":6},"end":{"line":690,"column":41}},"383":{"start":{"line":690,"column":20},"end":{"line":690,"column":41}},"384":{"start":{"line":691,"column":6},"end":{"line":691,"column":33}},"385":{"start":{"line":691,"column":16},"end":{"line":691,"column":33}},"386":{"start":{"line":693,"column":6},"end":{"line":695,"column":9}},"387":{"start":{"line":694,"column":8},"end":{"line":694,"column":94}},"388":{"start":{"line":694,"column":28},"end":{"line":694,"column":43}},"389":{"start":{"line":694,"column":46},"end":{"line":694,"column":94}},"390":{"start":{"line":698,"column":19},"end":{"line":705,"column":5}},"391":{"start":{"line":699,"column":6},"end":{"line":699,"column":50}},"392":{"start":{"line":699,"column":38},"end":{"line":699,"column":50}},"393":{"start":{"line":700,"column":22},"end":{"line":700,"column":85}},"394":{"start":{"line":700,"column":37},"end":{"line":700,"column":84}},"395":{"start":{"line":701,"column":6},"end":{"line":701,"column":37}},"396":{"start":{"line":701,"column":19},"end":{"line":701,"column":37}},"397":{"start":{"line":702,"column":21},"end":{"line":702,"column":48}},"398":{"start":{"line":702,"column":36},"end":{"line":702,"column":47}},"399":{"start":{"line":703,"column":6},"end":{"line":703,"column":35}},"400":{"start":{"line":703,"column":18},"end":{"line":703,"column":35}},"401":{"start":{"line":704,"column":6},"end":{"line":704,"column":24}},"402":{"start":{"line":707,"column":22},"end":{"line":711,"column":5}},"403":{"start":{"line":714,"column":21},"end":{"line":714,"column":23}},"404":{"start":{"line":715,"column":4},"end":{"line":717,"column":5}},"405":{"start":{"line":716,"column":6},"end":{"line":716,"column":107}},"406":{"start":{"line":720,"column":4},"end":{"line":734,"column":5}},"407":{"start":{"line":721,"column":6},"end":{"line":731,"column":7}},"408":{"start":{"line":722,"column":24},"end":{"line":722,"column":37}},"409":{"start":{"line":723,"column":8},"end":{"line":723,"column":31}},"410":{"start":{"line":723,"column":22},"end":{"line":723,"column":31}},"411":{"start":{"line":725,"column":8},"end":{"line":725,"column":59}},"412":{"start":{"line":725,"column":50},"end":{"line":725,"column":59}},"413":{"start":{"line":726,"column":8},"end":{"line":730,"column":27}},"414":{"start":{"line":733,"column":6},"end":{"line":733,"column":78}},"415":{"start":{"line":736,"column":4},"end":{"line":736,"column":23}},"416":{"start":{"line":738,"column":4},"end":{"line":738,"column":52}},"417":{"start":{"line":739,"column":4},"end":{"line":739,"column":65}},"418":{"start":{"line":744,"column":0},"end":{"line":771,"column":3}},"419":{"start":{"line":745,"column":2},"end":{"line":745,"column":82}},"420":{"start":{"line":745,"column":15},"end":{"line":745,"column":82}},"421":{"start":{"line":746,"column":21},"end":{"line":746,"column":49}},"422":{"start":{"line":747,"column":16},"end":{"line":747,"column":54}},"423":{"start":{"line":748,"column":2},"end":{"line":748,"column":75}},"424":{"start":{"line":748,"column":14},"end":{"line":748,"column":75}},"425":{"start":{"line":750,"column":2},"end":{"line":755,"column":3}},"426":{"start":{"line":751,"column":20},"end":{"line":751,"column":49}},"427":{"start":{"line":752,"column":4},"end":{"line":752,"column":24}},"428":{"start":{"line":754,"column":4},"end":{"line":754,"column":72}},"429":{"start":{"line":756,"column":39},"end":{"line":756,"column":47}},"430":{"start":{"line":757,"column":2},"end":{"line":759,"column":3}},"431":{"start":{"line":758,"column":4},"end":{"line":758,"column":86}},"432":{"start":{"line":760,"column":2},"end":{"line":770,"column":3}},"433":{"start":{"line":761,"column":26},"end":{"line":765,"column":6}},"434":{"start":{"line":766,"column":4},"end":{"line":766,"column":82}},"435":{"start":{"line":768,"column":4},"end":{"line":768,"column":56}},"436":{"start":{"line":769,"column":4},"end":{"line":769,"column":64}},"437":{"start":{"line":776,"column":0},"end":{"line":886,"column":3}},"438":{"start":{"line":777,"column":2},"end":{"line":885,"column":3}},"439":{"start":{"line":779,"column":4},"end":{"line":789,"column":5}},"440":{"start":{"line":780,"column":19},"end":{"line":780,"column":47}},"441":{"start":{"line":781,"column":20},"end":{"line":781,"column":46}},"442":{"start":{"line":782,"column":6},"end":{"line":782,"column":73}},"443":{"start":{"line":782,"column":18},"end":{"line":782,"column":73}},"444":{"start":{"line":783,"column":6},"end":{"line":788,"column":7}},"445":{"start":{"line":784,"column":24},"end":{"line":784,"column":53}},"446":{"start":{"line":785,"column":8},"end":{"line":785,"column":102}},"447":{"start":{"line":785,"column":50},"end":{"line":785,"column":102}},"448":{"start":{"line":787,"column":8},"end":{"line":787,"column":64}},"449":{"start":{"line":791,"column":14},"end":{"line":791,"column":247}},"450":{"start":{"line":792,"column":17},"end":{"line":792,"column":29}},"451":{"start":{"line":795,"column":19},"end":{"line":795,"column":28}},"452":{"start":{"line":796,"column":23},"end":{"line":802,"column":5}},"453":{"start":{"line":797,"column":6},"end":{"line":797,"column":111}},"454":{"start":{"line":797,"column":28},"end":{"line":797,"column":111}},"455":{"start":{"line":798,"column":16},"end":{"line":798,"column":31}},"456":{"start":{"line":799,"column":6},"end":{"line":799,"column":28}},"457":{"start":{"line":800,"column":6},"end":{"line":800,"column":27}},"458":{"start":{"line":801,"column":6},"end":{"line":801,"column":157}},"459":{"start":{"line":801,"column":123},"end":{"line":801,"column":153}},"460":{"start":{"line":801,"column":135},"end":{"line":801,"column":153}},"461":{"start":{"line":804,"column":4},"end":{"line":827,"column":5}},"462":{"start":{"line":805,"column":6},"end":{"line":808,"column":7}},"463":{"start":{"line":806,"column":8},"end":{"line":806,"column":73}},"464":{"start":{"line":807,"column":8},"end":{"line":807,"column":17}},"465":{"start":{"line":809,"column":6},"end":{"line":812,"column":7}},"466":{"start":{"line":810,"column":8},"end":{"line":810,"column":76}},"467":{"start":{"line":811,"column":8},"end":{"line":811,"column":17}},"468":{"start":{"line":813,"column":6},"end":{"line":816,"column":7}},"469":{"start":{"line":814,"column":8},"end":{"line":814,"column":60}},"470":{"start":{"line":815,"column":8},"end":{"line":815,"column":17}},"471":{"start":{"line":817,"column":6},"end":{"line":820,"column":7}},"472":{"start":{"line":818,"column":8},"end":{"line":818,"column":62}},"473":{"start":{"line":819,"column":8},"end":{"line":819,"column":17}},"474":{"start":{"line":822,"column":21},"end":{"line":822,"column":25}},"475":{"start":{"line":823,"column":6},"end":{"line":823,"column":163}},"476":{"start":{"line":823,"column":12},"end":{"line":823,"column":131}},"477":{"start":{"line":823,"column":145},"end":{"line":823,"column":161}},"478":{"start":{"line":824,"column":17},"end":{"line":824,"column":99}},"479":{"start":{"line":825,"column":19},"end":{"line":825,"column":68}},"480":{"start":{"line":826,"column":6},"end":{"line":826,"column":39}},"481":{"start":{"line":830,"column":22},"end":{"line":830,"column":47}},"482":{"start":{"line":831,"column":16},"end":{"line":831,"column":25}},"483":{"start":{"line":833,"column":4},"end":{"line":848,"column":5}},"484":{"start":{"line":833,"column":15},"end":{"line":833,"column":16}},"485":{"start":{"line":834,"column":16},"end":{"line":834,"column":28}},"486":{"start":{"line":835,"column":19},"end":{"line":835,"column":36}},"487":{"start":{"line":836,"column":6},"end":{"line":847,"column":7}},"488":{"start":{"line":836,"column":17},"end":{"line":836,"column":20}},"489":{"start":{"line":837,"column":18},"end":{"line":837,"column":30}},"490":{"start":{"line":838,"column":21},"end":{"line":838,"column":38}},"491":{"start":{"line":840,"column":24},"end":{"line":840,"column":29}},"492":{"start":{"line":841,"column":8},"end":{"line":841,"column":81}},"493":{"start":{"line":841,"column":33},"end":{"line":841,"column":79}},"494":{"start":{"line":841,"column":53},"end":{"line":841,"column":70}},"495":{"start":{"line":841,"column":71},"end":{"line":841,"column":77}},"496":{"start":{"line":842,"column":8},"end":{"line":846,"column":9}},"497":{"start":{"line":843,"column":10},"end":{"line":843,"column":49}},"498":{"start":{"line":843,"column":27},"end":{"line":843,"column":49}},"499":{"start":{"line":844,"column":10},"end":{"line":844,"column":49}},"500":{"start":{"line":844,"column":27},"end":{"line":844,"column":49}},"501":{"start":{"line":845,"column":10},"end":{"line":845,"column":28}},"502":{"start":{"line":845,"column":29},"end":{"line":845,"column":47}},"503":{"start":{"line":851,"column":20},"end":{"line":851,"column":29}},"504":{"start":{"line":852,"column":19},"end":{"line":852,"column":21}},"505":{"start":{"line":853,"column":4},"end":{"line":879,"column":5}},"506":{"start":{"line":854,"column":6},"end":{"line":854,"column":39}},"507":{"start":{"line":854,"column":30},"end":{"line":854,"column":39}},"508":{"start":{"line":855,"column":20},"end":{"line":855,"column":27}},"509":{"start":{"line":856,"column":19},"end":{"line":856,"column":28}},"510":{"start":{"line":857,"column":6},"end":{"line":863,"column":7}},"511":{"start":{"line":858,"column":18},"end":{"line":858,"column":29}},"512":{"start":{"line":859,"column":8},"end":{"line":859,"column":37}},"513":{"start":{"line":859,"column":28},"end":{"line":859,"column":37}},"514":{"start":{"line":860,"column":8},"end":{"line":860,"column":23}},"515":{"start":{"line":860,"column":24},"end":{"line":860,"column":36}},"516":{"start":{"line":861,"column":26},"end":{"line":861,"column":36}},"517":{"start":{"line":862,"column":8},"end":{"line":862,"column":85}},"518":{"start":{"line":862,"column":23},"end":{"line":862,"column":85}},"519":{"start":{"line":862,"column":50},"end":{"line":862,"column":85}},"520":{"start":{"line":862,"column":71},"end":{"line":862,"column":85}},"521":{"start":{"line":865,"column":26},"end":{"line":865,"column":102}},"522":{"start":{"line":866,"column":6},"end":{"line":872,"column":7}},"523":{"start":{"line":867,"column":18},"end":{"line":867,"column":31}},"524":{"start":{"line":868,"column":8},"end":{"line":868,"column":25}},"525":{"start":{"line":868,"column":16},"end":{"line":868,"column":25}},"526":{"start":{"line":869,"column":8},"end":{"line":869,"column":59}},"527":{"start":{"line":869,"column":31},"end":{"line":869,"column":57}},"528":{"start":{"line":870,"column":8},"end":{"line":870,"column":65}},"529":{"start":{"line":870,"column":36},"end":{"line":870,"column":65}},"530":{"start":{"line":871,"column":8},"end":{"line":871,"column":56}},"531":{"start":{"line":871,"column":32},"end":{"line":871,"column":56}},"532":{"start":{"line":874,"column":27},"end":{"line":874,"column":83}},"533":{"start":{"line":874,"column":62},"end":{"line":874,"column":79}},"534":{"start":{"line":875,"column":20},"end":{"line":875,"column":47}},"535":{"start":{"line":876,"column":20},"end":{"line":876,"column":95}},"536":{"start":{"line":876,"column":67},"end":{"line":876,"column":76}},"537":{"start":{"line":877,"column":23},"end":{"line":877,"column":97}},"538":{"start":{"line":877,"column":70},"end":{"line":877,"column":78}},"539":{"start":{"line":878,"column":6},"end":{"line":878,"column":158}},"540":{"start":{"line":881,"column":4},"end":{"line":881,"column":62}},"541":{"start":{"line":883,"column":4},"end":{"line":883,"column":60}},"542":{"start":{"line":884,"column":4},"end":{"line":884,"column":72}},"543":{"start":{"line":889,"column":0},"end":{"line":914,"column":3}},"544":{"start":{"line":890,"column":2},"end":{"line":913,"column":3}},"545":{"start":{"line":892,"column":4},"end":{"line":902,"column":5}},"546":{"start":{"line":893,"column":19},"end":{"line":893,"column":47}},"547":{"start":{"line":894,"column":20},"end":{"line":894,"column":46}},"548":{"start":{"line":895,"column":6},"end":{"line":895,"column":73}},"549":{"start":{"line":895,"column":18},"end":{"line":895,"column":73}},"550":{"start":{"line":896,"column":6},"end":{"line":901,"column":7}},"551":{"start":{"line":897,"column":24},"end":{"line":897,"column":53}},"552":{"start":{"line":898,"column":8},"end":{"line":898,"column":102}},"553":{"start":{"line":898,"column":50},"end":{"line":898,"column":102}},"554":{"start":{"line":900,"column":8},"end":{"line":900,"column":64}},"555":{"start":{"line":904,"column":27},"end":{"line":904,"column":76}},"556":{"start":{"line":905,"column":23},"end":{"line":905,"column":102}},"557":{"start":{"line":906,"column":27},"end":{"line":906,"column":164}},"558":{"start":{"line":907,"column":23},"end":{"line":907,"column":168}},"559":{"start":{"line":909,"column":4},"end":{"line":909,"column":187}},"560":{"start":{"line":911,"column":4},"end":{"line":911,"column":93}},"561":{"start":{"line":912,"column":4},"end":{"line":912,"column":60}},"562":{"start":{"line":917,"column":0},"end":{"line":949,"column":3}},"563":{"start":{"line":919,"column":2},"end":{"line":921,"column":3}},"564":{"start":{"line":920,"column":4},"end":{"line":920,"column":76}},"565":{"start":{"line":923,"column":2},"end":{"line":933,"column":3}},"566":{"start":{"line":924,"column":17},"end":{"line":924,"column":45}},"567":{"start":{"line":925,"column":18},"end":{"line":925,"column":44}},"568":{"start":{"line":926,"column":4},"end":{"line":926,"column":71}},"569":{"start":{"line":926,"column":16},"end":{"line":926,"column":71}},"570":{"start":{"line":927,"column":4},"end":{"line":932,"column":5}},"571":{"start":{"line":928,"column":22},"end":{"line":928,"column":51}},"572":{"start":{"line":929,"column":6},"end":{"line":929,"column":100}},"573":{"start":{"line":929,"column":48},"end":{"line":929,"column":100}},"574":{"start":{"line":931,"column":6},"end":{"line":931,"column":62}},"575":{"start":{"line":935,"column":2},"end":{"line":948,"column":3}},"576":{"start":{"line":936,"column":21},"end":{"line":936,"column":45}},"577":{"start":{"line":937,"column":16},"end":{"line":937,"column":45}},"578":{"start":{"line":938,"column":4},"end":{"line":944,"column":7}},"579":{"start":{"line":939,"column":6},"end":{"line":942,"column":7}},"580":{"start":{"line":940,"column":8},"end":{"line":940,"column":93}},"581":{"start":{"line":941,"column":8},"end":{"line":941,"column":106}},"582":{"start":{"line":943,"column":6},"end":{"line":943,"column":47}},"583":{"start":{"line":946,"column":4},"end":{"line":946,"column":90}},"584":{"start":{"line":947,"column":4},"end":{"line":947,"column":66}},"585":{"start":{"line":952,"column":0},"end":{"line":1008,"column":3}},"586":{"start":{"line":953,"column":2},"end":{"line":953,"column":82}},"587":{"start":{"line":953,"column":15},"end":{"line":953,"column":82}},"588":{"start":{"line":954,"column":63},"end":{"line":954,"column":71}},"589":{"start":{"line":955,"column":2},"end":{"line":955,"column":79}},"590":{"start":{"line":955,"column":16},"end":{"line":955,"column":79}},"591":{"start":{"line":958,"column":21},"end":{"line":958,"column":49}},"592":{"start":{"line":959,"column":16},"end":{"line":959,"column":54}},"593":{"start":{"line":960,"column":15},"end":{"line":960,"column":19}},"594":{"start":{"line":961,"column":22},"end":{"line":961,"column":26}},"595":{"start":{"line":962,"column":2},"end":{"line":972,"column":3}},"596":{"start":{"line":963,"column":4},"end":{"line":971,"column":5}},"597":{"start":{"line":964,"column":22},"end":{"line":964,"column":51}},"598":{"start":{"line":965,"column":6},"end":{"line":965,"column":26}},"599":{"start":{"line":966,"column":16},"end":{"line":966,"column":83}},"600":{"start":{"line":967,"column":6},"end":{"line":967,"column":53}},"601":{"start":{"line":967,"column":21},"end":{"line":967,"column":53}},"602":{"start":{"line":970,"column":6},"end":{"line":970,"column":20}},"603":{"start":{"line":974,"column":2},"end":{"line":1007,"column":3}},"604":{"start":{"line":977,"column":24},"end":{"line":977,"column":108}},"605":{"start":{"line":978,"column":23},"end":{"line":978,"column":76}},"606":{"start":{"line":979,"column":27},"end":{"line":979,"column":98}},"607":{"start":{"line":980,"column":26},"end":{"line":980,"column":64}},"608":{"start":{"line":983,"column":18},"end":{"line":983,"column":22}},"609":{"start":{"line":984,"column":4},"end":{"line":989,"column":5}},"610":{"start":{"line":985,"column":20},"end":{"line":985,"column":124}},"611":{"start":{"line":986,"column":6},"end":{"line":986,"column":58}},"612":{"start":{"line":986,"column":25},"end":{"line":986,"column":58}},"613":{"start":{"line":991,"column":20},"end":{"line":1001,"column":6}},"614":{"start":{"line":1003,"column":4},"end":{"line":1003,"column":51}},"615":{"start":{"line":1005,"column":4},"end":{"line":1005,"column":59}},"616":{"start":{"line":1006,"column":4},"end":{"line":1006,"column":74}},"617":{"start":{"line":1011,"column":0},"end":{"line":1036,"column":3}},"618":{"start":{"line":1012,"column":20},"end":{"line":1012,"column":40}},"619":{"start":{"line":1013,"column":2},"end":{"line":1013,"column":80}},"620":{"start":{"line":1013,"column":18},"end":{"line":1013,"column":80}},"621":{"start":{"line":1014,"column":2},"end":{"line":1014,"column":81}},"622":{"start":{"line":1014,"column":15},"end":{"line":1014,"column":81}},"623":{"start":{"line":1015,"column":2},"end":{"line":1035,"column":3}},"624":{"start":{"line":1016,"column":20},"end":{"line":1016,"column":118}},"625":{"start":{"line":1017,"column":21},"end":{"line":1017,"column":43}},"626":{"start":{"line":1018,"column":15},"end":{"line":1018,"column":19}},"627":{"start":{"line":1019,"column":16},"end":{"line":1019,"column":20}},"628":{"start":{"line":1020,"column":4},"end":{"line":1030,"column":5}},"629":{"start":{"line":1021,"column":6},"end":{"line":1029,"column":7}},"630":{"start":{"line":1022,"column":18},"end":{"line":1022,"column":137}},"631":{"start":{"line":1023,"column":8},"end":{"line":1023,"column":33}},"632":{"start":{"line":1024,"column":8},"end":{"line":1026,"column":9}},"633":{"start":{"line":1025,"column":10},"end":{"line":1025,"column":113}},"634":{"start":{"line":1028,"column":8},"end":{"line":1028,"column":82}},"635":{"start":{"line":1031,"column":4},"end":{"line":1031,"column":39}},"636":{"start":{"line":1033,"column":4},"end":{"line":1033,"column":74}},"637":{"start":{"line":1034,"column":4},"end":{"line":1034,"column":63}},"638":{"start":{"line":1039,"column":0},"end":{"line":1401,"column":3}},"639":{"start":{"line":1040,"column":2},"end":{"line":1040,"column":71}},"640":{"start":{"line":1040,"column":15},"end":{"line":1040,"column":71}},"641":{"start":{"line":1041,"column":14},"end":{"line":1041,"column":45}},"642":{"start":{"line":1043,"column":2},"end":{"line":1054,"column":3}},"643":{"start":{"line":1044,"column":20},"end":{"line":1044,"column":73}},"644":{"start":{"line":1045,"column":4},"end":{"line":1048,"column":5}},"645":{"start":{"line":1046,"column":6},"end":{"line":1046,"column":84}},"646":{"start":{"line":1047,"column":6},"end":{"line":1047,"column":74}},"647":{"start":{"line":1050,"column":4},"end":{"line":1050,"column":92}},"648":{"start":{"line":1052,"column":4},"end":{"line":1052,"column":73}},"649":{"start":{"line":1053,"column":4},"end":{"line":1053,"column":65}},"650":{"start":{"line":1058,"column":27},"end":{"line":1098,"column":3}},"651":{"start":{"line":1059,"column":4},"end":{"line":1059,"column":99}},"652":{"start":{"line":1059,"column":14},"end":{"line":1059,"column":99}},"653":{"start":{"line":1060,"column":26},"end":{"line":1060,"column":30}},"654":{"start":{"line":1061,"column":19},"end":{"line":1061,"column":23}},"655":{"start":{"line":1062,"column":20},"end":{"line":1062,"column":24}},"656":{"start":{"line":1065,"column":4},"end":{"line":1070,"column":5}},"657":{"start":{"line":1066,"column":17},"end":{"line":1066,"column":23}},"658":{"start":{"line":1067,"column":6},"end":{"line":1067,"column":53}},"659":{"start":{"line":1067,"column":32},"end":{"line":1067,"column":53}},"660":{"start":{"line":1068,"column":6},"end":{"line":1068,"column":46}},"661":{"start":{"line":1068,"column":32},"end":{"line":1068,"column":46}},"662":{"start":{"line":1069,"column":6},"end":{"line":1069,"column":47}},"663":{"start":{"line":1069,"column":32},"end":{"line":1069,"column":47}},"664":{"start":{"line":1073,"column":4},"end":{"line":1076,"column":5}},"665":{"start":{"line":1074,"column":6},"end":{"line":1075,"column":100}},"666":{"start":{"line":1074,"column":50},"end":{"line":1074,"column":87}},"667":{"start":{"line":1075,"column":11},"end":{"line":1075,"column":100}},"668":{"start":{"line":1075,"column":60},"end":{"line":1075,"column":100}},"669":{"start":{"line":1077,"column":4},"end":{"line":1077,"column":55}},"670":{"start":{"line":1077,"column":33},"end":{"line":1077,"column":55}},"671":{"start":{"line":1078,"column":4},"end":{"line":1078,"column":59}},"672":{"start":{"line":1078,"column":35},"end":{"line":1078,"column":59}},"673":{"start":{"line":1081,"column":4},"end":{"line":1090,"column":5}},"674":{"start":{"line":1082,"column":6},"end":{"line":1087,"column":7}},"675":{"start":{"line":1083,"column":18},"end":{"line":1083,"column":37}},"676":{"start":{"line":1084,"column":8},"end":{"line":1084,"column":39}},"677":{"start":{"line":1084,"column":23},"end":{"line":1084,"column":39}},"678":{"start":{"line":1085,"column":8},"end":{"line":1085,"column":89}},"679":{"start":{"line":1085,"column":35},"end":{"line":1085,"column":89}},"680":{"start":{"line":1086,"column":8},"end":{"line":1086,"column":63}},"681":{"start":{"line":1086,"column":28},"end":{"line":1086,"column":63}},"682":{"start":{"line":1093,"column":4},"end":{"line":1093,"column":55}},"683":{"start":{"line":1093,"column":33},"end":{"line":1093,"column":55}},"684":{"start":{"line":1096,"column":22},"end":{"line":1096,"column":97}},"685":{"start":{"line":1097,"column":4},"end":{"line":1097,"column":65}},"686":{"start":{"line":1101,"column":24},"end":{"line":1155,"column":3}},"687":{"start":{"line":1102,"column":4},"end":{"line":1102,"column":53}},"688":{"start":{"line":1102,"column":22},"end":{"line":1102,"column":53}},"689":{"start":{"line":1103,"column":4},"end":{"line":1103,"column":29}},"690":{"start":{"line":1103,"column":22},"end":{"line":1103,"column":29}},"691":{"start":{"line":1105,"column":4},"end":{"line":1107,"column":5}},"692":{"start":{"line":1106,"column":6},"end":{"line":1106,"column":209}},"693":{"start":{"line":1106,"column":12},"end":{"line":1106,"column":166}},"694":{"start":{"line":1109,"column":19},"end":{"line":1109,"column":39}},"695":{"start":{"line":1110,"column":4},"end":{"line":1154,"column":5}},"696":{"start":{"line":1111,"column":6},"end":{"line":1111,"column":34}},"697":{"start":{"line":1113,"column":6},"end":{"line":1131,"column":181}},"698":{"start":{"line":1134,"column":6},"end":{"line":1143,"column":80}},"699":{"start":{"line":1145,"column":6},"end":{"line":1145,"column":35}},"700":{"start":{"line":1146,"column":6},"end":{"line":1148,"column":7}},"701":{"start":{"line":1147,"column":8},"end":{"line":1147,"column":173}},"702":{"start":{"line":1147,"column":14},"end":{"line":1147,"column":83}},"703":{"start":{"line":1147,"column":84},"end":{"line":1147,"column":160}},"704":{"start":{"line":1150,"column":6},"end":{"line":1150,"column":92}},"705":{"start":{"line":1150,"column":12},"end":{"line":1150,"column":43}},"706":{"start":{"line":1151,"column":6},"end":{"line":1151,"column":136}},"707":{"start":{"line":1153,"column":6},"end":{"line":1153,"column":23}},"708":{"start":{"line":1158,"column":2},"end":{"line":1398,"column":3}},"709":{"start":{"line":1160,"column":4},"end":{"line":1164,"column":47}},"710":{"start":{"line":1161,"column":6},"end":{"line":1163,"column":7}},"711":{"start":{"line":1162,"column":8},"end":{"line":1162,"column":83}},"712":{"start":{"line":1165,"column":4},"end":{"line":1395,"column":5}},"713":{"start":{"line":1167,"column":19},"end":{"line":1167,"column":36}},"714":{"start":{"line":1168,"column":8},"end":{"line":1168,"column":77}},"715":{"start":{"line":1169,"column":20},"end":{"line":1169,"column":38}},"716":{"start":{"line":1170,"column":25},"end":{"line":1170,"column":44}},"717":{"start":{"line":1171,"column":30},"end":{"line":1171,"column":248}},"718":{"start":{"line":1172,"column":29},"end":{"line":1172,"column":146}},"719":{"start":{"line":1173,"column":28},"end":{"line":1173,"column":50}},"720":{"start":{"line":1174,"column":14},"end":{"line":1174,"column":34}},"721":{"start":{"line":1175,"column":22},"end":{"line":1175,"column":46}},"722":{"start":{"line":1177,"column":20},"end":{"line":1177,"column":47}},"723":{"start":{"line":1178,"column":2},"end":{"line":1191,"column":3}},"724":{"start":{"line":1179,"column":4},"end":{"line":1190,"column":56}},"725":{"start":{"line":1180,"column":6},"end":{"line":1183,"column":7}},"726":{"start":{"line":1181,"column":21},"end":{"line":1181,"column":65}},"727":{"start":{"line":1182,"column":8},"end":{"line":1182,"column":105}},"728":{"start":{"line":1184,"column":6},"end":{"line":1189,"column":7}},"729":{"start":{"line":1185,"column":8},"end":{"line":1188,"column":59}},"730":{"start":{"line":1186,"column":27},"end":{"line":1186,"column":99}},"731":{"start":{"line":1187,"column":10},"end":{"line":1187,"column":124}},"732":{"start":{"line":1187,"column":61},"end":{"line":1187,"column":124}},"733":{"start":{"line":1192,"column":2},"end":{"line":1192,"column":301}},"734":{"start":{"line":1193,"column":8},"end":{"line":1193,"column":14}},"735":{"start":{"line":1196,"column":19},"end":{"line":1196,"column":36}},"736":{"start":{"line":1197,"column":8},"end":{"line":1197,"column":108}},"737":{"start":{"line":1198,"column":20},"end":{"line":1198,"column":38}},"738":{"start":{"line":1199,"column":25},"end":{"line":1199,"column":44}},"739":{"start":{"line":1200,"column":30},"end":{"line":1200,"column":55}},"740":{"start":{"line":1201,"column":29},"end":{"line":1201,"column":53}},"741":{"start":{"line":1202,"column":28},"end":{"line":1202,"column":50}},"742":{"start":{"line":1203,"column":14},"end":{"line":1203,"column":34}},"743":{"start":{"line":1204,"column":22},"end":{"line":1204,"column":46}},"744":{"start":{"line":1205,"column":2},"end":{"line":1205,"column":343}},"745":{"start":{"line":1206,"column":8},"end":{"line":1206,"column":14}},"746":{"start":{"line":1209,"column":24},"end":{"line":1209,"column":41}},"747":{"start":{"line":1210,"column":2},"end":{"line":1210,"column":57}},"748":{"start":{"line":1211,"column":2},"end":{"line":1211,"column":80}},"749":{"start":{"line":1211,"column":8},"end":{"line":1211,"column":67}},"750":{"start":{"line":1212,"column":8},"end":{"line":1250,"column":9}},"751":{"start":{"line":1213,"column":27},"end":{"line":1213,"column":49}},"752":{"start":{"line":1214,"column":25},"end":{"line":1214,"column":48}},"753":{"start":{"line":1215,"column":26},"end":{"line":1215,"column":47}},"754":{"start":{"line":1217,"column":10},"end":{"line":1223,"column":11}},"755":{"start":{"line":1218,"column":12},"end":{"line":1222,"column":74}},"756":{"start":{"line":1226,"column":10},"end":{"line":1247,"column":11}},"757":{"start":{"line":1227,"column":12},"end":{"line":1244,"column":13}},"758":{"start":{"line":1228,"column":23},"end":{"line":1228,"column":45}},"759":{"start":{"line":1229,"column":14},"end":{"line":1235,"column":15}},"760":{"start":{"line":1230,"column":16},"end":{"line":1232,"column":17}},"761":{"start":{"line":1231,"column":18},"end":{"line":1231,"column":94}},"762":{"start":{"line":1236,"column":26},"end":{"line":1236,"column":46}},"763":{"start":{"line":1237,"column":34},"end":{"line":1237,"column":92}},"764":{"start":{"line":1238,"column":31},"end":{"line":1238,"column":139}},"765":{"start":{"line":1239,"column":29},"end":{"line":1239,"column":143}},"766":{"start":{"line":1240,"column":31},"end":{"line":1240,"column":59}},"767":{"start":{"line":1241,"column":29},"end":{"line":1241,"column":61}},"768":{"start":{"line":1242,"column":37},"end":{"line":1242,"column":105}},"769":{"start":{"line":1243,"column":14},"end":{"line":1243,"column":517}},"770":{"start":{"line":1246,"column":12},"end":{"line":1246,"column":120}},"771":{"start":{"line":1249,"column":10},"end":{"line":1249,"column":102}},"772":{"start":{"line":1251,"column":8},"end":{"line":1251,"column":14}},"773":{"start":{"line":1254,"column":24},"end":{"line":1254,"column":41}},"774":{"start":{"line":1255,"column":2},"end":{"line":1255,"column":56}},"775":{"start":{"line":1256,"column":2},"end":{"line":1256,"column":164}},"776":{"start":{"line":1256,"column":8},"end":{"line":1256,"column":151}},"777":{"start":{"line":1257,"column":8},"end":{"line":1278,"column":9}},"778":{"start":{"line":1258,"column":27},"end":{"line":1258,"column":49}},"779":{"start":{"line":1259,"column":25},"end":{"line":1259,"column":48}},"780":{"start":{"line":1260,"column":26},"end":{"line":1260,"column":47}},"781":{"start":{"line":1262,"column":24},"end":{"line":1262,"column":52}},"782":{"start":{"line":1263,"column":10},"end":{"line":1275,"column":11}},"783":{"start":{"line":1264,"column":12},"end":{"line":1268,"column":51}},"784":{"start":{"line":1269,"column":17},"end":{"line":1275,"column":11}},"785":{"start":{"line":1270,"column":12},"end":{"line":1274,"column":34}},"786":{"start":{"line":1277,"column":10},"end":{"line":1277,"column":101}},"787":{"start":{"line":1279,"column":8},"end":{"line":1279,"column":14}},"788":{"start":{"line":1283,"column":24},"end":{"line":1283,"column":41}},"789":{"start":{"line":1284,"column":2},"end":{"line":1284,"column":43}},"790":{"start":{"line":1285,"column":2},"end":{"line":1285,"column":164}},"791":{"start":{"line":1285,"column":8},"end":{"line":1285,"column":151}},"792":{"start":{"line":1286,"column":8},"end":{"line":1313,"column":9}},"793":{"start":{"line":1287,"column":27},"end":{"line":1287,"column":49}},"794":{"start":{"line":1288,"column":25},"end":{"line":1288,"column":48}},"795":{"start":{"line":1289,"column":26},"end":{"line":1289,"column":47}},"796":{"start":{"line":1290,"column":24},"end":{"line":1290,"column":52}},"797":{"start":{"line":1291,"column":22},"end":{"line":1291,"column":45}},"798":{"start":{"line":1292,"column":25},"end":{"line":1292,"column":66}},"799":{"start":{"line":1293,"column":27},"end":{"line":1293,"column":52}},"800":{"start":{"line":1294,"column":22},"end":{"line":1294,"column":47}},"801":{"start":{"line":1295,"column":30},"end":{"line":1295,"column":59}},"802":{"start":{"line":1296,"column":10},"end":{"line":1296,"column":306}},"803":{"start":{"line":1298,"column":10},"end":{"line":1310,"column":11}},"804":{"start":{"line":1299,"column":12},"end":{"line":1303,"column":51}},"805":{"start":{"line":1304,"column":17},"end":{"line":1310,"column":11}},"806":{"start":{"line":1305,"column":12},"end":{"line":1309,"column":34}},"807":{"start":{"line":1312,"column":10},"end":{"line":1312,"column":74}},"808":{"start":{"line":1314,"column":8},"end":{"line":1314,"column":14}},"809":{"start":{"line":1317,"column":23},"end":{"line":1317,"column":40}},"810":{"start":{"line":1318,"column":8},"end":{"line":1318,"column":78}},"811":{"start":{"line":1319,"column":8},"end":{"line":1347,"column":9}},"812":{"start":{"line":1320,"column":22},"end":{"line":1320,"column":44}},"813":{"start":{"line":1321,"column":27},"end":{"line":1321,"column":50}},"814":{"start":{"line":1322,"column":31},"end":{"line":1322,"column":59}},"815":{"start":{"line":1323,"column":32},"end":{"line":1323,"column":134}},"816":{"start":{"line":1324,"column":22},"end":{"line":1324,"column":46}},"817":{"start":{"line":1325,"column":30},"end":{"line":1325,"column":58}},"818":{"start":{"line":1327,"column":32},"end":{"line":1327,"column":63}},"819":{"start":{"line":1328,"column":10},"end":{"line":1343,"column":11}},"820":{"start":{"line":1329,"column":12},"end":{"line":1342,"column":56}},"821":{"start":{"line":1330,"column":14},"end":{"line":1341,"column":15}},"822":{"start":{"line":1331,"column":29},"end":{"line":1331,"column":73}},"823":{"start":{"line":1332,"column":30},"end":{"line":1332,"column":72}},"824":{"start":{"line":1333,"column":16},"end":{"line":1333,"column":125}},"825":{"start":{"line":1334,"column":16},"end":{"line":1337,"column":17}},"826":{"start":{"line":1335,"column":31},"end":{"line":1335,"column":78}},"827":{"start":{"line":1336,"column":18},"end":{"line":1336,"column":123}},"828":{"start":{"line":1338,"column":21},"end":{"line":1341,"column":15}},"829":{"start":{"line":1339,"column":29},"end":{"line":1339,"column":77}},"830":{"start":{"line":1340,"column":16},"end":{"line":1340,"column":121}},"831":{"start":{"line":1344,"column":10},"end":{"line":1344,"column":372}},"832":{"start":{"line":1346,"column":10},"end":{"line":1346,"column":78}},"833":{"start":{"line":1348,"column":8},"end":{"line":1348,"column":14}},"834":{"start":{"line":1351,"column":23},"end":{"line":1351,"column":40}},"835":{"start":{"line":1352,"column":8},"end":{"line":1352,"column":51}},"836":{"start":{"line":1353,"column":8},"end":{"line":1361,"column":9}},"837":{"start":{"line":1354,"column":22},"end":{"line":1354,"column":44}},"838":{"start":{"line":1355,"column":27},"end":{"line":1355,"column":50}},"839":{"start":{"line":1356,"column":22},"end":{"line":1356,"column":46}},"840":{"start":{"line":1357,"column":30},"end":{"line":1357,"column":58}},"841":{"start":{"line":1358,"column":10},"end":{"line":1358,"column":355}},"842":{"start":{"line":1360,"column":10},"end":{"line":1360,"column":77}},"843":{"start":{"line":1362,"column":8},"end":{"line":1362,"column":14}},"844":{"start":{"line":1365,"column":20},"end":{"line":1365,"column":37}},"845":{"start":{"line":1366,"column":8},"end":{"line":1366,"column":62}},"846":{"start":{"line":1367,"column":8},"end":{"line":1387,"column":9}},"847":{"start":{"line":1368,"column":27},"end":{"line":1368,"column":45}},"848":{"start":{"line":1369,"column":25},"end":{"line":1369,"column":48}},"849":{"start":{"line":1370,"column":26},"end":{"line":1370,"column":47}},"850":{"start":{"line":1371,"column":10},"end":{"line":1384,"column":11}},"851":{"start":{"line":1372,"column":12},"end":{"line":1376,"column":52}},"852":{"start":{"line":1379,"column":12},"end":{"line":1383,"column":35}},"853":{"start":{"line":1386,"column":10},"end":{"line":1386,"column":105}},"854":{"start":{"line":1388,"column":8},"end":{"line":1388,"column":14}},"855":{"start":{"line":1392,"column":8},"end":{"line":1394,"column":9}},"856":{"start":{"line":1393,"column":10},"end":{"line":1393,"column":70}},"857":{"start":{"line":1397,"column":4},"end":{"line":1397,"column":62}},"858":{"start":{"line":1400,"column":2},"end":{"line":1400,"column":31}},"859":{"start":{"line":1405,"column":0},"end":{"line":1405,"column":64}},"860":{"start":{"line":1408,"column":0},"end":{"line":1413,"column":1}},"861":{"start":{"line":1409,"column":15},"end":{"line":1409,"column":39}},"862":{"start":{"line":1410,"column":2},"end":{"line":1412,"column":5}},"863":{"start":{"line":1411,"column":4},"end":{"line":1411,"column":50}}},"fnMap":{"0":{"name":"(anonymous_0)","decl":{"start":{"line":24,"column":10},"end":{"line":24,"column":11}},"loc":{"start":{"line":24,"column":29},"end":{"line":27,"column":3}},"line":24},"1":{"name":"(anonymous_1)","decl":{"start":{"line":62,"column":25},"end":{"line":62,"column":26}},"loc":{"start":{"line":62,"column":34},"end":{"line":104,"column":1}},"line":62},"2":{"name":"(anonymous_2)","decl":{"start":{"line":107,"column":22},"end":{"line":107,"column":23}},"loc":{"start":{"line":107,"column":288},"end":{"line":161,"column":1}},"line":107},"3":{"name":"(anonymous_3)","decl":{"start":{"line":165,"column":22},"end":{"line":165,"column":23}},"loc":{"start":{"line":165,"column":42},"end":{"line":180,"column":1}},"line":165},"4":{"name":"(anonymous_4)","decl":{"start":{"line":169,"column":29},"end":{"line":169,"column":30}},"loc":{"start":{"line":169,"column":35},"end":{"line":176,"column":5}},"line":169},"5":{"name":"(anonymous_5)","decl":{"start":{"line":183,"column":23},"end":{"line":183,"column":24}},"loc":{"start":{"line":183,"column":43},"end":{"line":285,"column":1}},"line":183},"6":{"name":"(anonymous_6)","decl":{"start":{"line":296,"column":56},"end":{"line":296,"column":57}},"loc":{"start":{"line":296,"column":76},"end":{"line":375,"column":1}},"line":296},"7":{"name":"(anonymous_7)","decl":{"start":{"line":336,"column":42},"end":{"line":336,"column":43}},"loc":{"start":{"line":336,"column":48},"end":{"line":336,"column":52}},"line":336},"8":{"name":"(anonymous_8)","decl":{"start":{"line":378,"column":40},"end":{"line":378,"column":41}},"loc":{"start":{"line":378,"column":60},"end":{"line":398,"column":1}},"line":378},"9":{"name":"(anonymous_9)","decl":{"start":{"line":401,"column":23},"end":{"line":401,"column":24}},"loc":{"start":{"line":401,"column":43},"end":{"line":433,"column":1}},"line":401},"10":{"name":"(anonymous_10)","decl":{"start":{"line":436,"column":26},"end":{"line":436,"column":27}},"loc":{"start":{"line":436,"column":46},"end":{"line":462,"column":1}},"line":436},"11":{"name":"(anonymous_11)","decl":{"start":{"line":465,"column":27},"end":{"line":465,"column":28}},"loc":{"start":{"line":465,"column":47},"end":{"line":484,"column":1}},"line":465},"12":{"name":"(anonymous_12)","decl":{"start":{"line":487,"column":31},"end":{"line":487,"column":32}},"loc":{"start":{"line":487,"column":51},"end":{"line":513,"column":1}},"line":487},"13":{"name":"(anonymous_13)","decl":{"start":{"line":516,"column":28},"end":{"line":516,"column":29}},"loc":{"start":{"line":516,"column":48},"end":{"line":542,"column":1}},"line":516},"14":{"name":"(anonymous_14)","decl":{"start":{"line":545,"column":34},"end":{"line":545,"column":35}},"loc":{"start":{"line":545,"column":54},"end":{"line":572,"column":1}},"line":545},"15":{"name":"(anonymous_15)","decl":{"start":{"line":575,"column":26},"end":{"line":575,"column":27}},"loc":{"start":{"line":575,"column":46},"end":{"line":602,"column":1}},"line":575},"16":{"name":"(anonymous_16)","decl":{"start":{"line":578,"column":43},"end":{"line":578,"column":44}},"loc":{"start":{"line":578,"column":48},"end":{"line":578,"column":52}},"line":578},"17":{"name":"(anonymous_17)","decl":{"start":{"line":589,"column":23},"end":{"line":589,"column":24}},"loc":{"start":{"line":589,"column":28},"end":{"line":592,"column":5}},"line":589},"18":{"name":"(anonymous_18)","decl":{"start":{"line":594,"column":38},"end":{"line":594,"column":39}},"loc":{"start":{"line":594,"column":44},"end":{"line":597,"column":5}},"line":594},"19":{"name":"(anonymous_19)","decl":{"start":{"line":605,"column":30},"end":{"line":605,"column":31}},"loc":{"start":{"line":605,"column":50},"end":{"line":649,"column":1}},"line":605},"20":{"name":"(anonymous_20)","decl":{"start":{"line":609,"column":35},"end":{"line":609,"column":36}},"loc":{"start":{"line":609,"column":41},"end":{"line":620,"column":5}},"line":609},"21":{"name":"(anonymous_21)","decl":{"start":{"line":641,"column":23},"end":{"line":641,"column":24}},"loc":{"start":{"line":641,"column":28},"end":{"line":641,"column":42}},"line":641},"22":{"name":"(anonymous_22)","decl":{"start":{"line":652,"column":33},"end":{"line":652,"column":34}},"loc":{"start":{"line":652,"column":53},"end":{"line":741,"column":1}},"line":652},"23":{"name":"(anonymous_23)","decl":{"start":{"line":660,"column":21},"end":{"line":660,"column":22}},"loc":{"start":{"line":660,"column":28},"end":{"line":662,"column":7}},"line":660},"24":{"name":"(anonymous_24)","decl":{"start":{"line":670,"column":38},"end":{"line":670,"column":39}},"loc":{"start":{"line":670,"column":43},"end":{"line":670,"column":53}},"line":670},"25":{"name":"(anonymous_25)","decl":{"start":{"line":677,"column":22},"end":{"line":677,"column":23}},"loc":{"start":{"line":677,"column":29},"end":{"line":677,"column":70}},"line":677},"26":{"name":"(anonymous_26)","decl":{"start":{"line":680,"column":17},"end":{"line":680,"column":18}},"loc":{"start":{"line":680,"column":24},"end":{"line":696,"column":5}},"line":680},"27":{"name":"(anonymous_27)","decl":{"start":{"line":693,"column":51},"end":{"line":693,"column":52}},"loc":{"start":{"line":693,"column":60},"end":{"line":695,"column":7}},"line":693},"28":{"name":"(anonymous_28)","decl":{"start":{"line":694,"column":23},"end":{"line":694,"column":24}},"loc":{"start":{"line":694,"column":28},"end":{"line":694,"column":43}},"line":694},"29":{"name":"(anonymous_29)","decl":{"start":{"line":698,"column":19},"end":{"line":698,"column":20}},"loc":{"start":{"line":698,"column":29},"end":{"line":705,"column":5}},"line":698},"30":{"name":"(anonymous_30)","decl":{"start":{"line":700,"column":32},"end":{"line":700,"column":33}},"loc":{"start":{"line":700,"column":37},"end":{"line":700,"column":84}},"line":700},"31":{"name":"(anonymous_31)","decl":{"start":{"line":702,"column":31},"end":{"line":702,"column":32}},"loc":{"start":{"line":702,"column":36},"end":{"line":702,"column":47}},"line":702},"32":{"name":"(anonymous_32)","decl":{"start":{"line":744,"column":48},"end":{"line":744,"column":49}},"loc":{"start":{"line":744,"column":68},"end":{"line":771,"column":1}},"line":744},"33":{"name":"(anonymous_33)","decl":{"start":{"line":776,"column":35},"end":{"line":776,"column":36}},"loc":{"start":{"line":776,"column":55},"end":{"line":886,"column":1}},"line":776},"34":{"name":"(anonymous_34)","decl":{"start":{"line":796,"column":23},"end":{"line":796,"column":24}},"loc":{"start":{"line":796,"column":45},"end":{"line":802,"column":5}},"line":796},"35":{"name":"(anonymous_35)","decl":{"start":{"line":801,"column":116},"end":{"line":801,"column":117}},"loc":{"start":{"line":801,"column":121},"end":{"line":801,"column":155}},"line":801},"36":{"name":"(anonymous_36)","decl":{"start":{"line":869,"column":26},"end":{"line":869,"column":27}},"loc":{"start":{"line":869,"column":31},"end":{"line":869,"column":57}},"line":869},"37":{"name":"(anonymous_37)","decl":{"start":{"line":874,"column":55},"end":{"line":874,"column":56}},"loc":{"start":{"line":874,"column":62},"end":{"line":874,"column":79}},"line":874},"38":{"name":"(anonymous_38)","decl":{"start":{"line":876,"column":64},"end":{"line":876,"column":65}},"loc":{"start":{"line":876,"column":67},"end":{"line":876,"column":76}},"line":876},"39":{"name":"(anonymous_39)","decl":{"start":{"line":877,"column":67},"end":{"line":877,"column":68}},"loc":{"start":{"line":877,"column":70},"end":{"line":877,"column":78}},"line":877},"40":{"name":"(anonymous_40)","decl":{"start":{"line":889,"column":34},"end":{"line":889,"column":35}},"loc":{"start":{"line":889,"column":54},"end":{"line":914,"column":1}},"line":889},"41":{"name":"(anonymous_41)","decl":{"start":{"line":917,"column":40},"end":{"line":917,"column":41}},"loc":{"start":{"line":917,"column":60},"end":{"line":949,"column":1}},"line":917},"42":{"name":"(anonymous_42)","decl":{"start":{"line":938,"column":80},"end":{"line":938,"column":81}},"loc":{"start":{"line":938,"column":105},"end":{"line":944,"column":5}},"line":938},"43":{"name":"(anonymous_43)","decl":{"start":{"line":952,"column":41},"end":{"line":952,"column":42}},"loc":{"start":{"line":952,"column":61},"end":{"line":1008,"column":1}},"line":952},"44":{"name":"(anonymous_44)","decl":{"start":{"line":1011,"column":33},"end":{"line":1011,"column":34}},"loc":{"start":{"line":1011,"column":53},"end":{"line":1036,"column":1}},"line":1011},"45":{"name":"(anonymous_45)","decl":{"start":{"line":1039,"column":29},"end":{"line":1039,"column":30}},"loc":{"start":{"line":1039,"column":49},"end":{"line":1401,"column":1}},"line":1039},"46":{"name":"(anonymous_46)","decl":{"start":{"line":1058,"column":27},"end":{"line":1058,"column":28}},"loc":{"start":{"line":1058,"column":36},"end":{"line":1098,"column":3}},"line":1058},"47":{"name":"(anonymous_47)","decl":{"start":{"line":1101,"column":24},"end":{"line":1101,"column":25}},"loc":{"start":{"line":1101,"column":290},"end":{"line":1155,"column":3}},"line":1101},"48":{"name":"(anonymous_48)","decl":{"start":{"line":1410,"column":19},"end":{"line":1410,"column":20}},"loc":{"start":{"line":1410,"column":25},"end":{"line":1412,"column":3}},"line":1410}},"branchMap":{"0":{"loc":{"start":{"line":31,"column":19},"end":{"line":31,"column":62}},"type":"binary-expr","locations":[{"start":{"line":31,"column":19},"end":{"line":31,"column":41}},{"start":{"line":31,"column":45},"end":{"line":31,"column":62}}],"line":31},"1":{"loc":{"start":{"line":36,"column":0},"end":{"line":48,"column":1}},"type":"if","locations":[{"start":{"line":36,"column":0},"end":{"line":48,"column":1}},{"start":{"line":46,"column":7},"end":{"line":48,"column":1}}],"line":36},"2":{"loc":{"start":{"line":36,"column":4},"end":{"line":36,"column":50}},"type":"binary-expr","locations":[{"start":{"line":36,"column":4},"end":{"line":36,"column":25}},{"start":{"line":36,"column":29},"end":{"line":36,"column":50}}],"line":36},"3":{"loc":{"start":{"line":39,"column":19},"end":{"line":39,"column":49}},"type":"binary-expr","locations":[{"start":{"line":39,"column":19},"end":{"line":39,"column":40}},{"start":{"line":39,"column":44},"end":{"line":39,"column":49}}],"line":39},"4":{"loc":{"start":{"line":54,"column":18},"end":{"line":54,"column":53}},"type":"binary-expr","locations":[{"start":{"line":54,"column":18},"end":{"line":54,"column":47}},{"start":{"line":54,"column":51},"end":{"line":54,"column":53}}],"line":54},"5":{"loc":{"start":{"line":63,"column":2},"end":{"line":63,"column":97}},"type":"if","locations":[{"start":{"line":63,"column":2},"end":{"line":63,"column":97}},{"start":{},"end":{}}],"line":63},"6":{"loc":{"start":{"line":65,"column":2},"end":{"line":65,"column":57}},"type":"if","locations":[{"start":{"line":65,"column":2},"end":{"line":65,"column":57}},{"start":{},"end":{}}],"line":65},"7":{"loc":{"start":{"line":65,"column":6},"end":{"line":65,"column":33}},"type":"binary-expr","locations":[{"start":{"line":65,"column":6},"end":{"line":65,"column":14}},{"start":{"line":65,"column":18},"end":{"line":65,"column":33}}],"line":65},"8":{"loc":{"start":{"line":71,"column":2},"end":{"line":76,"column":3}},"type":"if","locations":[{"start":{"line":71,"column":2},"end":{"line":76,"column":3}},{"start":{},"end":{}}],"line":71},"9":{"loc":{"start":{"line":73,"column":4},"end":{"line":73,"column":51}},"type":"if","locations":[{"start":{"line":73,"column":4},"end":{"line":73,"column":51}},{"start":{},"end":{}}],"line":73},"10":{"loc":{"start":{"line":74,"column":4},"end":{"line":74,"column":44}},"type":"if","locations":[{"start":{"line":74,"column":4},"end":{"line":74,"column":44}},{"start":{},"end":{}}],"line":74},"11":{"loc":{"start":{"line":75,"column":4},"end":{"line":75,"column":45}},"type":"if","locations":[{"start":{"line":75,"column":4},"end":{"line":75,"column":45}},{"start":{},"end":{}}],"line":75},"12":{"loc":{"start":{"line":79,"column":2},"end":{"line":82,"column":3}},"type":"if","locations":[{"start":{"line":79,"column":2},"end":{"line":82,"column":3}},{"start":{},"end":{}}],"line":79},"13":{"loc":{"start":{"line":79,"column":6},"end":{"line":79,"column":44}},"type":"binary-expr","locations":[{"start":{"line":79,"column":6},"end":{"line":79,"column":22}},{"start":{"line":79,"column":26},"end":{"line":79,"column":44}}],"line":79},"14":{"loc":{"start":{"line":80,"column":4},"end":{"line":81,"column":98}},"type":"if","locations":[{"start":{"line":80,"column":4},"end":{"line":81,"column":98}},{"start":{"line":81,"column":9},"end":{"line":81,"column":98}}],"line":80},"15":{"loc":{"start":{"line":81,"column":9},"end":{"line":81,"column":98}},"type":"if","locations":[{"start":{"line":81,"column":9},"end":{"line":81,"column":98}},{"start":{},"end":{}}],"line":81},"16":{"loc":{"start":{"line":81,"column":13},"end":{"line":81,"column":56}},"type":"binary-expr","locations":[{"start":{"line":81,"column":13},"end":{"line":81,"column":31}},{"start":{"line":81,"column":35},"end":{"line":81,"column":56}}],"line":81},"17":{"loc":{"start":{"line":83,"column":2},"end":{"line":83,"column":53}},"type":"if","locations":[{"start":{"line":83,"column":2},"end":{"line":83,"column":53}},{"start":{},"end":{}}],"line":83},"18":{"loc":{"start":{"line":83,"column":6},"end":{"line":83,"column":29}},"type":"binary-expr","locations":[{"start":{"line":83,"column":6},"end":{"line":83,"column":15}},{"start":{"line":83,"column":19},"end":{"line":83,"column":29}}],"line":83},"19":{"loc":{"start":{"line":84,"column":2},"end":{"line":84,"column":57}},"type":"if","locations":[{"start":{"line":84,"column":2},"end":{"line":84,"column":57}},{"start":{},"end":{}}],"line":84},"20":{"loc":{"start":{"line":84,"column":6},"end":{"line":84,"column":31}},"type":"binary-expr","locations":[{"start":{"line":84,"column":6},"end":{"line":84,"column":16}},{"start":{"line":84,"column":20},"end":{"line":84,"column":31}}],"line":84},"21":{"loc":{"start":{"line":88,"column":4},"end":{"line":93,"column":5}},"type":"if","locations":[{"start":{"line":88,"column":4},"end":{"line":93,"column":5}},{"start":{},"end":{}}],"line":88},"22":{"loc":{"start":{"line":88,"column":8},"end":{"line":88,"column":75}},"type":"binary-expr","locations":[{"start":{"line":88,"column":8},"end":{"line":88,"column":17}},{"start":{"line":88,"column":21},"end":{"line":88,"column":32}},{"start":{"line":88,"column":36},"end":{"line":88,"column":52}},{"start":{"line":88,"column":56},"end":{"line":88,"column":75}}],"line":88},"23":{"loc":{"start":{"line":90,"column":6},"end":{"line":90,"column":37}},"type":"if","locations":[{"start":{"line":90,"column":6},"end":{"line":90,"column":37}},{"start":{},"end":{}}],"line":90},"24":{"loc":{"start":{"line":90,"column":10},"end":{"line":90,"column":19}},"type":"binary-expr","locations":[{"start":{"line":90,"column":10},"end":{"line":90,"column":11}},{"start":{"line":90,"column":15},"end":{"line":90,"column":19}}],"line":90},"25":{"loc":{"start":{"line":91,"column":6},"end":{"line":91,"column":87}},"type":"if","locations":[{"start":{"line":91,"column":6},"end":{"line":91,"column":87}},{"start":{},"end":{}}],"line":91},"26":{"loc":{"start":{"line":91,"column":10},"end":{"line":91,"column":31}},"type":"binary-expr","locations":[{"start":{"line":91,"column":10},"end":{"line":91,"column":11}},{"start":{"line":91,"column":15},"end":{"line":91,"column":31}}],"line":91},"27":{"loc":{"start":{"line":91,"column":51},"end":{"line":91,"column":86}},"type":"binary-expr","locations":[{"start":{"line":91,"column":51},"end":{"line":91,"column":66}},{"start":{"line":91,"column":70},"end":{"line":91,"column":86}}],"line":91},"28":{"loc":{"start":{"line":92,"column":6},"end":{"line":92,"column":61}},"type":"if","locations":[{"start":{"line":92,"column":6},"end":{"line":92,"column":61}},{"start":{},"end":{}}],"line":92},"29":{"loc":{"start":{"line":92,"column":10},"end":{"line":92,"column":24}},"type":"binary-expr","locations":[{"start":{"line":92,"column":10},"end":{"line":92,"column":11}},{"start":{"line":92,"column":15},"end":{"line":92,"column":24}}],"line":92},"30":{"loc":{"start":{"line":92,"column":38},"end":{"line":92,"column":60}},"type":"binary-expr","locations":[{"start":{"line":92,"column":38},"end":{"line":92,"column":47}},{"start":{"line":92,"column":51},"end":{"line":92,"column":60}}],"line":92},"31":{"loc":{"start":{"line":99,"column":2},"end":{"line":99,"column":53}},"type":"if","locations":[{"start":{"line":99,"column":2},"end":{"line":99,"column":53}},{"start":{},"end":{}}],"line":99},"32":{"loc":{"start":{"line":99,"column":6},"end":{"line":99,"column":29}},"type":"binary-expr","locations":[{"start":{"line":99,"column":6},"end":{"line":99,"column":15}},{"start":{"line":99,"column":19},"end":{"line":99,"column":29}}],"line":99},"33":{"loc":{"start":{"line":102,"column":22},"end":{"line":102,"column":97}},"type":"binary-expr","locations":[{"start":{"line":102,"column":22},"end":{"line":102,"column":37}},{"start":{"line":102,"column":41},"end":{"line":102,"column":49}},{"start":{"line":102,"column":53},"end":{"line":102,"column":62}},{"start":{"line":102,"column":67},"end":{"line":102,"column":96}}],"line":102},"34":{"loc":{"start":{"line":102,"column":67},"end":{"line":102,"column":96}},"type":"cond-expr","locations":[{"start":{"line":102,"column":83},"end":{"line":102,"column":89}},{"start":{"line":102,"column":92},"end":{"line":102,"column":96}}],"line":102},"35":{"loc":{"start":{"line":102,"column":67},"end":{"line":102,"column":80}},"type":"binary-expr","locations":[{"start":{"line":102,"column":67},"end":{"line":102,"column":70}},{"start":{"line":102,"column":74},"end":{"line":102,"column":80}}],"line":102},"36":{"loc":{"start":{"line":107,"column":54},"end":{"line":107,"column":82}},"type":"default-arg","locations":[{"start":{"line":107,"column":78},"end":{"line":107,"column":82}}],"line":107},"37":{"loc":{"start":{"line":107,"column":84},"end":{"l
[...]
"column":255},"end":{"line":1344,"column":283}},"type":"binary-expr","locations":[{"start":{"line":1344,"column":255},"end":{"line":1344,"column":268}},{"start":{"line":1344,"column":272},"end":{"line":1344,"column":283}}],"line":1344},"371":{"loc":{"start":{"line":1344,"column":327},"end":{"line":1344,"column":353}},"type":"binary-expr","locations":[{"start":{"line":1344,"column":327},"end":{"line":1344,"column":345}},{"start":{"line":1344,"column":349},"end":{"line":1344,"column":353}}],"line":1344},"372":{"loc":{"start":{"line":1346,"column":62},"end":{"line":1346,"column":76}},"type":"binary-expr","locations":[{"start":{"line":1346,"column":62},"end":{"line":1346,"column":71}},{"start":{"line":1346,"column":75},"end":{"line":1346,"column":76}}],"line":1346},"373":{"loc":{"start":{"line":1355,"column":27},"end":{"line":1355,"column":50}},"type":"binary-expr","locations":[{"start":{"line":1355,"column":27},"end":{"line":1355,"column":42}},{"start":{"line":1355,"column":46},"end":{"line":1355,"column":50}}],"line":1355},"374":{"loc":{"start":{"line":1357,"column":30},"end":{"line":1357,"column":58}},"type":"binary-expr","locations":[{"start":{"line":1357,"column":30},"end":{"line":1357,"column":45}},{"start":{"line":1357,"column":49},"end":{"line":1357,"column":58}}],"line":1357},"375":{"loc":{"start":{"line":1358,"column":180},"end":{"line":1358,"column":211}},"type":"binary-expr","locations":[{"start":{"line":1358,"column":180},"end":{"line":1358,"column":203}},{"start":{"line":1358,"column":207},"end":{"line":1358,"column":211}}],"line":1358},"376":{"loc":{"start":{"line":1358,"column":221},"end":{"line":1358,"column":239}},"type":"binary-expr","locations":[{"start":{"line":1358,"column":221},"end":{"line":1358,"column":234}},{"start":{"line":1358,"column":238},"end":{"line":1358,"column":239}}],"line":1358},"377":{"loc":{"start":{"line":1358,"column":251},"end":{"line":1358,"column":275}},"type":"binary-expr","locations":[{"start":{"line":1358,"column":251},"end":{"line":1358,"column":266}},{"start":{"line":1358,"column":270},"end":{"line":1358,"column":275}}],"line":1358},"378":{"loc":{"start":{"line":1358,"column":310},"end":{"line":1358,"column":336}},"type":"binary-expr","locations":[{"start":{"line":1358,"column":310},"end":{"line":1358,"column":328}},{"start":{"line":1358,"column":332},"end":{"line":1358,"column":336}}],"line":1358},"379":{"loc":{"start":{"line":1360,"column":61},"end":{"line":1360,"column":75}},"type":"binary-expr","locations":[{"start":{"line":1360,"column":61},"end":{"line":1360,"column":70}},{"start":{"line":1360,"column":74},"end":{"line":1360,"column":75}}],"line":1360},"380":{"loc":{"start":{"line":1368,"column":27},"end":{"line":1368,"column":45}},"type":"binary-expr","locations":[{"start":{"line":1368,"column":27},"end":{"line":1368,"column":39}},{"start":{"line":1368,"column":43},"end":{"line":1368,"column":45}}],"line":1368},"381":{"loc":{"start":{"line":1369,"column":25},"end":{"line":1369,"column":48}},"type":"binary-expr","locations":[{"start":{"line":1369,"column":25},"end":{"line":1369,"column":40}},{"start":{"line":1369,"column":44},"end":{"line":1369,"column":48}}],"line":1369},"382":{"loc":{"start":{"line":1370,"column":26},"end":{"line":1370,"column":47}},"type":"binary-expr","locations":[{"start":{"line":1370,"column":26},"end":{"line":1370,"column":39}},{"start":{"line":1370,"column":43},"end":{"line":1370,"column":47}}],"line":1370},"383":{"loc":{"start":{"line":1371,"column":10},"end":{"line":1384,"column":11}},"type":"if","locations":[{"start":{"line":1371,"column":10},"end":{"line":1384,"column":11}},{"start":{"line":1377,"column":17},"end":{"line":1384,"column":11}}],"line":1371},"384":{"loc":{"start":{"line":1371,"column":14},"end":{"line":1371,"column":31}},"type":"binary-expr","locations":[{"start":{"line":1371,"column":14},"end":{"line":1371,"column":20}},{"start":{"line":1371,"column":24},"end":{"line":1371,"column":31}}],"line":1371},"385":{"loc":{"start":{"line":1392,"column":8},"end":{"line":1394,"column":9}},"type":"if","locations":[{"start":{"line":1392,"column":8},"end":{"line":1394,"column":9}},{"start":{},"end":{}}],"line":1392},"386":{"loc":{"start":{"line":1392,"column":12},"end":{"line":1392,"column":95}},"type":"binary-expr","locations":[{"start":{"line":1392,"column":12},"end":{"line":1392,"column":49}},{"start":{"line":1392,"column":53},"end":{"line":1392,"column":95}}],"line":1392},"387":{"loc":{"start":{"line":1408,"column":0},"end":{"line":1413,"column":1}},"type":"if","locations":[{"start":{"line":1408,"column":0},"end":{"line":1413,"column":1}},{"start":{},"end":{}}],"line":1408},"388":{"loc":{"start":{"line":1409,"column":15},"end":{"line":1409,"column":39}},"type":"binary-expr","locations":[{"start":{"line":1409,"column":15},"end":{"line":1409,"column":31}},{"start":{"line":1409,"column":35},"end":{"line":1409,"column":39}}],"line":1409}},"s":{"0":3,"1":3,"2":3,"3":3,"4":3,"5":3,"6":3,"7":3,"8":3,"9":3,"10":3,"11":3,"12":3,"13":3,"14":3,"15":3,"16":6,"17":3,"18":3,"19":3,"20":3,"21":3,"22":0,"23":3,"24":3,"25":3,"26":3,"27":0,"28":0,"29":3,"30":5,"31":0,"32":5,"33":1,"34":5,"35":5,"36":5,"37":5,"38":4,"39":4,"40":0,"41":4,"42":2,"43":4,"44":2,"45":5,"46":3,"47":3,"48":0,"49":0,"50":5,"51":0,"52":5,"53":0,"54":5,"55":5,"56":0,"57":0,"58":0,"59":0,"60":0,"61":0,"62":0,"63":5,"64":0,"65":5,"66":5,"67":3,"68":0,"69":0,"70":0,"71":0,"72":0,"73":0,"74":0,"75":0,"76":0,"77":0,"78":0,"79":0,"80":0,"81":0,"82":0,"83":0,"84":0,"85":0,"86":0,"87":0,"88":0,"89":3,"90":0,"91":0,"92":0,"93":0,"94":0,"95":3,"96":0,"97":0,"98":0,"99":0,"100":0,"101":0,"102":0,"103":0,"104":0,"105":0,"106":0,"107":0,"108":0,"109":0,"110":0,"111":0,"112":0,"113":0,"114":0,"115":0,"116":0,"117":0,"118":0,"119":0,"120":0,"121":0,"122":0,"123":0,"124":0,"125":0,"126":0,"127":0,"128":0,"129":0,"130":0,"131":0,"132":0,"133":0,"134":0,"135":0,"136":0,"137":0,"138":0,"139":0,"140":0,"141":0,"142":0,"143":0,"144":0,"145":0,"146":0,"147":0,"148":0,"149":0,"150":0,"151":0,"152":3,"153":3,"154":0,"155":0,"156":0,"157":0,"158":0,"159":0,"160":0,"161":0,"162":0,"163":0,"164":0,"165":0,"166":0,"167":0,"168":0,"169":0,"170":0,"171":0,"172":0,"173":0,"174":0,"175":0,"176":0,"177":0,"178":0,"179":0,"180":0,"181":0,"182":0,"183":0,"184":0,"185":0,"186":0,"187":0,"188":0,"189":0,"190":0,"191":0,"192":0,"193":0,"194":0,"195":0,"196":0,"197":0,"198":0,"199":0,"200":0,"201":0,"202":0,"203":0,"204":3,"205":0,"206":0,"207":0,"208":0,"209":0,"210":0,"211":0,"212":0,"213":0,"214":0,"215":0,"216":0,"217":0,"218":0,"219":0,"220":0,"221":0,"222":3,"223":3,"224":3,"225":1,"226":2,"227":2,"228":2,"229":2,"230":1,"231":1,"232":1,"233":0,"234":1,"235":1,"236":0,"237":3,"238":0,"239":0,"240":0,"241":0,"242":0,"243":0,"244":0,"245":0,"246":0,"247":0,"248":0,"249":0,"250":3,"251":0,"252":0,"253":0,"254":0,"255":0,"256":0,"257":0,"258":0,"259":0,"260":0,"261":0,"262":0,"263":3,"264":0,"265":0,"266":0,"267":0,"268":0,"269":0,"270":0,"271":0,"272":0,"273":0,"274":0,"275":0,"276":0,"277":0,"278":0,"279":3,"280":0,"281":0,"282":0,"283":0,"284":0,"285":0,"286":0,"287":0,"288":0,"289":0,"290":0,"291":0,"292":0,"293":0,"294":0,"295":3,"296":0,"297":0,"298":0,"299":0,"300":0,"301":0,"302":0,"303":0,"304":0,"305":0,"306":0,"307":0,"308":0,"309":0,"310":0,"311":3,"312":0,"313":0,"314":0,"315":0,"316":0,"317":0,"318":0,"319":0,"320":0,"321":0,"322":0,"323":0,"324":0,"325":0,"326":0,"327":0,"328":0,"329":3,"330":0,"331":0,"332":0,"333":0,"334":0,"335":0,"336":0,"337":0,"338":0,"339":0,"340":0,"341":0,"342":0,"343":0,"344":0,"345":0,"346":0,"347":0,"348":0,"349":0,"350":0,"351":3,"352":0,"353":0,"354":0,"355":0,"356":0,"357":0,"358":0,"359":0,"360":0,"361":0,"362":0,"363":0,"364":0,"365":0,"366":0,"367":0,"368":0,"369":0,"370":0,"371":0,"372":0,"373":0,"374":0,"375":0,"376":0,"377":0,"378":0,"379":0,"380":0,"381":0,"382":0,"383":0,"384":0,"385":0,"386":0,"387":0,"388":0,"389":0,"390":0,"391":0,"392":0,"393":0,"394":0,"395":0,"396":0,"397":0,"398":0,"399":0,"400":0,"401":0,"402":0,"403":0,"404":0,"405":0,"406":0,"407":0,"408":0,"409":0,"410":0,"411":0,"412":0,"413":0,"414":0,"415":0,"416":0,"417":0,"418":3,"419":3,"420":0,"421":3,"422":3,"423":3,"424":1,"425":2,"426":2,"427":1,"428":1,"429":1,"430":1,"431":0,"432":1,"433":1,"434":1,"435":0,"436":0,"437":3,"438":0,"439":0,"440":0,"441":0,"442":0,"443":0,"444":0,"445":0,"446":0,"447":0,"448":0,"449":0,"450":0,"451":0,"452":0,"453":0,"454":0,"455":0,"456":0,"457":0,"458":0,"459":0,"460":0,"461":0,"462":0,"463":0,"464":0,"465":0,"466":0,"467":0,"468":0,"469":0,"470":0,"471":0,"472":0,"473":0,"474":0,"475":0,"476":0,"477":0,"478":0,"479":0,"480":0,"481":0,"482":0,"483":0,"484":0,"485":0,"486":0,"487":0,"488":0,"489":0,"490":0,"491":0,"492":0,"493":0,"494":0,"495":0,"496":0,"497":0,"498":0,"499":0,"500":0,"501":0,"502":0,"503":0,"504":0,"505":0,"506":0,"507":0,"508":0,"509":0,"510":0,"511":0,"512":0,"513":0,"514":0,"515":0,"516":0,"517":0,"518":0,"519":0,"520":0,"521":0,"522":0,"523":0,"524":0,"525":0,"526":0,"527":0,"528":0,"529":0,"530":0,"531":0,"532":0,"533":0,"534":0,"535":0,"536":0,"537":0,"538":0,"539":0,"540":0,"541":0,"542":0,"543":3,"544":0,"545":0,"546":0,"547":0,"548":0,"549":0,"550":0,"551":0,"552":0,"553":0,"554":0,"555":0,"556":0,"557":0,"558":0,"559":0,"560":0,"561":0,"562":3,"563":0,"564":0,"565":0,"566":0,"567":0,"568":0,"569":0,"570":0,"571":0,"572":0,"573":0,"574":0,"575":0,"576":0,"577":0,"578":0,"579":0,"580":0,"581":0,"582":0,"583":0,"584":0,"585":3,"586":0,"587":0,"588":0,"589":0,"590":0,"591":0,"592":0,"593":0,"594":0,"595":0,"596":0,"597":0,"598":0,"599":0,"600":0,"601":0,"602":0,"603":0,"604":0,"605":0,"606":0,"607":0,"608":0,"609":0,"610":0,"611":0,"612":0,"613":0,"614":0,"615":0,"616":0,"617":3,"618":0,"619":0,"620":0,"621":0,"622":0,"623":0,"624":0,"625":0,"626":0,"627":0,"628":0,"629":0,"630":0,"631":0,"632":0,"633":0,"634":0,"635":0,"636":0,"637":0,"638":3,"639":0,"640":0,"641":0,"642":0,"643":0,"644":0,"645":0,"646":0,"647":0,"648":0,"649":0,"650":0,"651":0,"652":0,"653":0,"654":0,"655":0,"656":0,"657":0,"658":0,"659":0,"660":0,"661":0,"662":0,"663":0,"664":0,"665":0,"666":0,"667":0,"668":0,"669":0,"670":0,"671":0,"672":0,"673":0,"674":0,"675":0,"676":0,"677":0,"678":0,"679":0,"680":0,"681":0,"682":0,"683":0,"684":0,"685":0,"686":0,"687":0,"688":0,"689":0,"690":0,"691":0,"692":0,"693":0,"694":0,"695":0,"696":0,"697":0,"698":0,"699":0,"700":0,"701":0,"702":0,"703":0,"704":0,"705":0,"706":0,"707":0,"708":0,"709":0,"710":0,"711":0,"712":0,"713":0,"714":0,"715":0,"716":0,"717":0,"718":0,"719":0,"720":0,"721":0,"722":0,"723":0,"724":0,"725":0,"726":0,"727":0,"728":0,"729":0,"730":0,"731":0,"732":0,"733":0,"734":0,"735":0,"736":0,"737":0,"738":0,"739":0,"740":0,"741":0,"742":0,"743":0,"744":0,"745":0,"746":0,"747":0,"748":0,"749":0,"750":0,"751":0,"752":0,"753":0,"754":0,"755":0,"756":0,"757":0,"758":0,"759":0,"760":0,"761":0,"762":0,"763":0,"764":0,"765":0,"766":0,"767":0,"768":0,"769":0,"770":0,"771":0,"772":0,"773":0,"774":0,"775":0,"776":0,"777":0,"778":0,"779":0,"780":0,"781":0,"782":0,"783":0,"784":0,"785":0,"786":0,"787":0,"788":0,"789":0,"790":0,"791":0,"792":0,"793":0,"794":0,"795":0,"796":0,"797":0,"798":0,"799":0,"800":0,"801":0,"802":0,"803":0,"804":0,"805":0,"806":0,"807":0,"808":0,"809":0,"810":0,"811":0,"812":0,"813":0,"814":0,"815":0,"816":0,"817":0,"818":0,"819":0,"820":0,"821":0,"822":0,"823":0,"824":0,"825":0,"826":0,"827":0,"828":0,"829":0,"830":0,"831":0,"832":0,"833":0,"834":0,"835":0,"836":0,"837":0,"838":0,"839":0,"840":0,"841":0,"842":0,"843":0,"844":0,"845":0,"846":0,"847":0,"848":0,"849":0,"850":0,"851":0,"852":0,"853":0,"854":0,"855":0,"856":0,"857":0,"858":0,"859":3,"860":3,"861":0,"862":0,"863":0},"f":{"0":6,"1":5,"2":0,"3":0,"4":0,"5":0,"6":0,"7":0,"8":0,"9":3,"10":0,"11":0,"12":0,"13":0,"14":0,"15":0,"16":0,"17":0,"18":0,"19":0,"20":0,"21":0,"22":0,"23":0,"24":0,"25":0,"26":0,"27":0,"28":0,"29":0,"30":0,"31":0,"32":3,"33":0,"34":0,"35":0,"36":0,"37":0,"38":0,"39":0,"40":0,"41":0,"42":0,"43":0,"44":0,"45":0,"46":0,"47":0,"48":0},"b":{"0":[3,0],"1":[0,3],"2":[3,0],"3":[0,0],"4":[3,0],"5":[0,5],"6":[1,4],"7":[5,1],"8":[4,1],"9":[0,4],"10":[2,2],"11":[2,2],"12":[3,2],"13":[5,5],"14":[3,0],"15":[0,0],"16":[0,0],"17":[0,5],"18":[5,3],"19":[0,5],"20":[5,3],"21":[0,5],"22":[5,3,0,0],"23":[0,0],"24":[0,0],"25":[0,0],"26":[0,0],"27":[0,0],"28":[0,0],"29":[0,0],"30":[0,0],"31":[0,5],"32":[5,3],"33":[5,2,1,0],"34":[0,0],"35":[0,0],"36":[0],"37":[0],"38":[0],"39":[0],"40":[0],"41":[0],"42":[0],"43":[0],"44":[0],"45":[0],"46":[0],"47":[0],"48":[0,0],"49":[0,0],"50":[0,0],"51":[0,0],"52":[0,0],"53":[0,0,0,0],"54":[0,0],"55":[0,0],"56":[0,0],"57":[0,0],"58":[0,0],"59":[0,0],"60":[0,0],"61":[0,0],"62":[0,0],"63":[0,0],"64":[0,0],"65":[0,0],"66":[0,0],"67":[0,0],"68":[0,0],"69":[0,0],"70":[0,0],"71":[0,0],"72":[0,0],"73":[0,0],"74":[0,0,0],"75":[0,0],"76":[0,0],"77":[0,0],"78":[0,0],"79":[0,0],"80":[0,0],"81":[0,0],"82":[0,0],"83":[0,0],"84":[0,0],"85":[0,0],"86":[0,0],"87":[0,0],"88":[0,0],"89":[0,0],"90":[0,0],"91":[0,0],"92":[0,0],"93":[0,0],"94":[0,0,0],"95":[0,0],"96":[0,0],"97":[0,0],"98":[0,0],"99":[0,0],"100":[0,0],"101":[0,0],"102":[1,2],"103":[3,2],"104":[1,1],"105":[0,1],"106":[0,0],"107":[0,0],"108":[0,0],"109":[0,0],"110":[0,0],"111":[0,0],"112":[0,0],"113":[0,0],"114":[0,0],"115":[0,0],"116":[0,0],"117":[0,0],"118":[0,0],"119":[0,0],"120":[0,0],"121":[0,0],"122":[0,0],"123":[0,0],"124":[0,0],"125":[0,0],"126":[0,0],"127":[0,0],"128":[0,0],"129":[0,0],"130":[0,0],"131":[0,0],"132":[0,0],"133":[0,0],"134":[0,0],"135":[0,0],"136":[0,0],"137":[0,0],"138":[0,0],"139":[0,0],"140":[0,0],"141":[0,0],"142":[0,0],"143":[0,0],"144":[0,0],"145":[0,0],"146":[0,0],"147":[0,0],"148":[0,0],"149":[0,0],"150":[0,0],"151":[0,0],"152":[0,0],"153":[0,0],"154":[0,0],"155":[0,0,0,0],"156":[0,0],"157":[0,0],"158":[0,0],"159":[0,3],"160":[3,2],"161":[1,2],"162":[0],"163":[0,1],"164":[1,1],"165":[0,0],"166":[0,0],"167":[0,0],"168":[0,0],"169":[0,0],"170":[0,0],"171":[0,0],"172":[0,0],"173":[0,0],"174":[0,0],"175":[0,0],"176":[0,0],"177":[0,0,0,0,0,0],"178":[0,0],"179":[0,0],"180":[0,0],"181":[0,0],"182":[0,0],"183":[0,0],"184":[0,0],"185":[0,0],"186":[0,0],"187":[0,0],"188":[0,0],"189":[0,0],"190":[0,0],"191":[0,0],"192":[0,0],"193":[0,0],"194":[0,0],"195":[0,0],"196":[0,0,0,0],"197":[0,0],"198":[0,0],"199":[0,0],"200":[0,0],"201":[0,0],"202":[0,0],"203":[0,0],"204":[0,0,0,0],"205":[0,0],"206":[0,0,0,0],"207":[0,0],"208":[0],"209":[0,0],"210":[0,0],"211":[0,0],"212":[0,0],"213":[0,0,0],"214":[0,0],"215":[0,0],"216":[0,0,0],"217":[0,0,0],"218":[0,0],"219":[0,0],"220":[0,0],"221":[0,0],"222":[0,0],"223":[0,0],"224":[0,0],"225":[0,0],"226":[0,0],"227":[0,0],"228":[0,0],"229":[0,0,0],"230":[0,0],"231":[0,0],"232":[0,0],"233":[0,0],"234":[0,0],"235":[0,0],"236":[0,0],"237":[0,0],"238":[0,0],"239":[0,0],"240":[0,0],"241":[0,0],"242":[0,0],"243":[0,0],"244":[0,0],"245":[0,0],"246":[0,0,0,0],"247":[0,0],"248":[0,0],"249":[0,0],"250":[0,0],"251":[0,0],"252":[0,0],"253":[0,0],"254":[0,0],"255":[0,0],"256":[0,0],"257":[0,0,0,0],"258":[0,0],"259":[0,0],"260":[0],"261":[0],"262":[0],"263":[0],"264":[0],"265":[0],"266":[0],"267":[0],"268":[0],"269":[0],"270":[0],"271":[0],"272":[0,0],"273":[0,0],"274":[0,0],"275":[0,0],"276":[0,0],"277":[0,0,0,0],"278":[0,0],"279":[0,0],"280":[0,0],"281":[0,0,0,0,0,0,0,0,0],"282":[0,0],"283":[0,0,0,0,0,0,0,0],"284":[0,0,0,0,0,0],"285":[0,0],"286":[0,0],"287":[0,0],"288":[0,0],"289":[0,0],"290":[0,0],"291":[0,0,0],"292":[0,0],"293":[0,0],"294":[0,0,0],"295":[0,0],"296":[0,0],"297":[0,0],"298":[0,0],"299":[0,0],"300":[0,0],"301":[0,0],"302":[0,0],"303":[0,0],"304":[0,0],"305":[0,0],"306":[0,0],"307":[0,0],"308":[0,0],"309":[0,0],"310":[0,0],"311":[0,0],"312":[0,0],"313":[0,0],"314":[0,0],"315":[0,0,0,0],"316":[0,0,0,0,0,0,0],"317":[0,0,0,0,0,0,0,0],"318":[0,0,0],"319":[0,0,0],"320":[0,0,0,0,0],"321":[0,0,0],"322":[0,0,0,0],"323":[0,0],"324":[0,0,0],"325":[0,0,0],"326":[0,0,0],"327":[0,0,0,0],"328":[0,0],"329":[0,0,0,0],"330":[0,0],"331":[0,0],"332":[0,0],"333":[0,0],"334":[0,0],"335":[0,0],"336":[0,0],"337":[0,0],"338":[0,0],"339":[0,0],"340":[0,0],"341":[0,0],"342":[0,0],"343":[0,0,0],"344":[0,0],"345":[0,0],"346":[0,0],"347":[0,0],"348":[0,0],"349":[0,0],"350":[0,0],"351":[0,0],"352":[0,0],"353":[0,0],"354":[0,0,0,0],"355":[0,0],"356":[0,0],"357":[0,0],"358":[0,0],"359":[0,0],"360":[0,0],"361":[0,0],"362":[0,0,0],"363":[0,0],"364":[0,0,0],"365":[0,0],"366":[0,0,0],"367":[0,0],"368":[0,0],"369":[0,0,0],"370":[0,0],"371":[0,0],"372":[0,0],"373":[0,0],"374":[0,0],"375":[0,0],"376":[0,0],"377":[0,0],"378":[0,0],"379":[0,0],"380":[0,0],"381":[0,0],"382":[0,0],"383":[0,0],"384":[0,0],"385":[0,0],"386":[0,0],"387":[0,3],"388":[0,0]},"_coverageSchema":"1a1c01bbd47fc00a2c39e90264f33305004495a9","hash":"fbac2ebba44b3a2b1c76ee83746030ae1af88206"}
,"C:\\VS Projects\\Portfolio Builder\\portfolio-builder\\backend\\server\\logoUpload.js": {"path":"C:\\VS Projects\\Portfolio Builder\\portfolio-builder\\backend\\server\\logoUpload.js","statementMap":{"0":{"start":{"line":1,"column":16},"end":{"line":1,"column":34}},"1":{"start":{"line":2,"column":15},"end":{"line":2,"column":32}},"2":{"start":{"line":3,"column":13},"end":{"line":3,"column":28}},"3":{"start":{"line":4,"column":11},"end":{"line":4,"column":24}},"4":{"start":{"line":6,"column":15},"end":{"line":6,"column":31}},"5":{"start":{"line":8,"column":16},"end":{"line":22,"column":2}},"6":{"start":{"line":10,"column":16},"end":{"line":10,"column":62}},"7":{"start":{"line":11,"column":4},"end":{"line":13,"column":5}},"8":{"start":{"line":12,"column":6},"end":{"line":12,"column":45}},"9":{"start":{"line":14,"column":4},"end":{"line":14,"column":18}},"10":{"start":{"line":18,"column":19},"end":{"line":18,"column":37}},"11":{"start":{"line":19,"column":4},"end":{"line":19,"column":40}},"12":{"start":{"line":19,"column":19},"end":{"line":19,"column":40}},"13":{"start":{"line":20,"column":4},"end":{"line":20,"column":67}},"14":{"start":{"line":24,"column":15},"end":{"line":24,"column":34}},"15":{"start":{"line":26,"column":0},"end":{"line":33,"column":3}},"16":{"start":{"line":27,"column":2},"end":{"line":29,"column":3}},"17":{"start":{"line":28,"column":4},"end":{"line":28,"column":63}},"18":{"start":{"line":30,"column":19},"end":{"line":30,"column":37}},"19":{"start":{"line":31,"column":19},"end":{"line":31,"column":96}},"20":{"start":{"line":32,"column":2},"end":{"line":32,"column":34}},"21":{"start":{"line":35,"column":0},"end":{"line":35,"column":24}}},"fnMap":{"0":{"name":"(anonymous_0)","decl":{"start":{"line":9,"column":15},"end":{"line":9,"column":16}},"loc":{"start":{"line":9,"column":40},"end":{"line":15,"column":3}},"line":9},"1":{"name":"(anonymous_1)","decl":{"start":{"line":16,"column":12},"end":{"line":16,"column":13}},"loc":{"start":{"line":16,"column":37},"end":{"line":21,"column":3}},"line":16},"2":{"name":"(anonymous_2)","decl":{"start":{"line":26,"column":51},"end":{"line":26,"column":52}},"loc":{"start":{"line":26,"column":65},"end":{"line":33,"column":1}},"line":26}},"branchMap":{"0":{"loc":{"start":{"line":11,"column":4},"end":{"line":13,"column":5}},"type":"if","locations":[{"start":{"line":11,"column":4},"end":{"line":13,"column":5}},{"start":{},"end":{}}],"line":11},"1":{"loc":{"start":{"line":19,"column":4},"end":{"line":19,"column":40}},"type":"if","locations":[{"start":{"line":19,"column":4},"end":{"line":19,"column":40}},{"start":{},"end":{}}],"line":19},"2":{"loc":{"start":{"line":27,"column":2},"end":{"line":29,"column":3}},"type":"if","locations":[{"start":{"line":27,"column":2},"end":{"line":29,"column":3}},{"start":{},"end":{}}],"line":27}},"s":{"0":3,"1":3,"2":3,"3":3,"4":3,"5":3,"6":0,"7":0,"8":0,"9":0,"10":0,"11":0,"12":0,"13":0,"14":3,"15":3,"16":0,"17":0,"18":0,"19":0,"20":0,"21":3},"f":{"0":0,"1":0,"2":0},"b":{"0":[0,0],"1":[0,0],"2":[0,0]},"_coverageSchema":"1a1c01bbd47fc00a2c39e90264f33305004495a9","hash":"f2fd9e222ce8ec1e88bce6f9503a03a7622fed78"}
}
