TN:
SF:server\index.js
FN:22,(anonymous_0)
FN:65,(anonymous_1)
FNF:2
FNH:1
FNDA:6,(anonymous_0)
FNDA:0,(anonymous_1)
DA:5,3
DA:6,3
DA:7,3
DA:8,3
DA:9,3
DA:10,3
DA:11,3
DA:12,3
DA:13,3
DA:14,3
DA:15,3
DA:16,3
DA:18,3
DA:19,3
DA:20,3
DA:22,6
DA:25,3
DA:26,3
DA:28,3
DA:29,3
DA:32,3
DA:33,3
DA:36,3
DA:37,3
DA:42,3
DA:43,3
DA:46,3
DA:47,3
DA:50,3
DA:51,3
DA:56,3
DA:57,3
DA:60,3
DA:63,3
DA:64,0
DA:65,0
DA:66,0
LF:37
LH:34
BRDA:63,0,0,0
BRDA:63,0,1,3
BRDA:64,1,0,0
BRDA:64,1,1,0
BRF:4
BRH:1
end_of_record
TN:
SF:server\logoUpload.js
FN:9,(anonymous_0)
FN:16,(anonymous_1)
FN:26,(anonymous_2)
FNF:3
FNH:0
FNDA:0,(anonymous_0)
FNDA:0,(anonymous_1)
FNDA:0,(anonymous_2)
DA:1,3
DA:2,3
DA:3,3
DA:4,3
DA:6,3
DA:8,3
DA:10,0
DA:11,0
DA:12,0
DA:14,0
DA:18,0
DA:19,0
DA:20,0
DA:24,3
DA:26,3
DA:27,0
DA:28,0
DA:30,0
DA:31,0
DA:32,0
DA:35,3
LF:21
LH:9
BRDA:11,0,0,0
BRDA:11,0,1,0
BRDA:19,1,0,0
BRDA:19,1,1,0
BRDA:27,2,0,0
BRDA:27,2,1,0
BRF:6
BRH:0
end_of_record
TN:
SF:server\mailer.js
FN:17,(anonymous_0)
FNF:1
FNH:1
FNDA:2,(anonymous_0)
DA:2,5
DA:4,5
DA:5,5
DA:6,1
DA:14,4
DA:17,5
DA:18,2
DA:19,1
DA:20,1
DA:22,1
LF:10
LH:10
BRDA:5,0,0,1
BRDA:5,0,1,4
BRDA:5,1,0,5
BRDA:5,1,1,1
BRDA:8,2,0,1
BRDA:8,2,1,0
BRDA:18,3,0,1
BRDA:18,3,1,1
BRF:8
BRH:7
end_of_record
TN:
SF:server\config\index.js
FNF:0
FNH:0
DA:1,4
DA:3,4
DA:5,4
LF:3
LH:3
BRDA:6,0,0,4
BRDA:6,0,1,4
BRDA:7,1,0,4
BRDA:7,1,1,4
BRDA:7,1,2,4
BRF:5
BRH:5
end_of_record
TN:
SF:server\controllers\adminController.js
FN:6,(anonymous_0)
FN:33,(anonymous_1)
FN:54,(anonymous_2)
FNF:3
FNH:0
FNDA:0,(anonymous_0)
FNDA:0,(anonymous_1)
FNDA:0,(anonymous_2)
DA:1,3
DA:2,3
DA:3,3
DA:4,3
DA:6,3
DA:7,0
DA:9,0
DA:10,0
DA:11,0
DA:12,0
DA:13,0
DA:14,0
DA:15,0
DA:17,0
DA:21,0
DA:22,0
DA:23,0
DA:24,0
DA:26,0
DA:28,0
DA:29,0
DA:33,3
DA:35,0
DA:36,0
DA:39,0
DA:40,0
DA:41,0
DA:42,0
DA:43,0
DA:44,0
DA:45,0
DA:47,0
DA:51,0
DA:52,0
DA:53,0
DA:54,0
DA:55,0
DA:56,0
DA:57,0
DA:59,0
DA:62,0
DA:63,0
LF:42
LH:6
BRDA:9,0,0,0
BRDA:9,0,1,0
BRDA:11,1,0,0
BRDA:11,1,1,0
BRDA:12,2,0,0
BRDA:12,2,1,0
BRDA:15,3,0,0
BRDA:15,3,1,0
BRDA:15,4,0,0
BRDA:15,4,1,0
BRDA:28,5,0,0
BRDA:28,5,1,0
BRDA:28,5,2,0
BRDA:28,5,3,0
BRDA:35,6,0,0
BRDA:35,6,1,0
BRDA:39,7,0,0
BRDA:39,7,1,0
BRDA:41,8,0,0
BRDA:41,8,1,0
BRDA:42,9,0,0
BRDA:42,9,1,0
BRDA:45,10,0,0
BRDA:45,10,1,0
BRDA:45,11,0,0
BRDA:45,11,1,0
BRDA:55,12,0,0
BRDA:55,12,1,0
BRDA:56,13,0,0
BRDA:56,13,1,0
BRDA:56,13,2,0
BRDA:56,13,3,0
BRDA:57,14,0,0
BRDA:57,14,1,0
BRDA:62,15,0,0
BRDA:62,15,1,0
BRDA:62,15,2,0
BRDA:62,15,3,0
BRF:38
BRH:0
end_of_record
TN:
SF:server\controllers\checkoutController.js
FN:5,(anonymous_0)
FN:38,(anonymous_1)
FNF:2
FNH:2
FNDA:2,(anonymous_0)
FNDA:2,(anonymous_1)
DA:1,4
DA:2,4
DA:3,4
DA:5,4
DA:6,2
DA:7,2
DA:8,1
DA:9,1
DA:10,1
DA:11,1
DA:12,1
DA:13,1
DA:14,1
DA:15,1
DA:16,1
DA:17,1
DA:18,1
DA:19,1
DA:20,1
DA:21,0
DA:23,1
DA:24,1
DA:25,1
DA:26,1
DA:27,1
DA:28,1
DA:29,1
DA:30,1
DA:31,1
DA:33,0
DA:34,0
DA:38,4
DA:39,2
DA:40,2
DA:41,1
DA:42,1
DA:43,1
DA:44,1
DA:45,1
DA:46,1
DA:47,1
DA:48,1
DA:49,1
DA:50,1
DA:51,1
DA:52,1
DA:53,1
DA:54,0
DA:56,1
DA:58,0
DA:59,0
LF:51
LH:45
BRDA:6,0,0,2
BRDA:7,1,0,1
BRDA:7,1,1,1
BRDA:10,2,0,0
BRDA:10,2,1,1
BRDA:12,3,0,1
BRDA:12,3,1,1
BRDA:15,4,0,1
BRDA:15,4,1,0
BRDA:20,5,0,1
BRDA:20,5,1,0
BRDA:24,6,0,1
BRDA:24,6,1,1
BRDA:24,6,2,1
BRDA:25,7,0,0
BRDA:25,7,1,1
BRDA:29,8,0,1
BRDA:29,8,1,0
BRDA:30,9,0,1
BRDA:30,9,1,1
BRDA:30,9,2,1
BRDA:30,10,0,1
BRDA:30,10,1,1
BRDA:30,10,2,1
BRDA:30,11,0,1
BRDA:30,11,1,0
BRDA:30,12,0,1
BRDA:30,12,1,0
BRDA:40,13,0,1
BRDA:40,13,1,1
BRDA:43,14,0,0
BRDA:43,14,1,1
BRDA:46,15,0,1
BRDA:46,15,1,0
BRDA:49,16,0,1
BRDA:49,16,1,0
BRDA:52,17,0,1
BRDA:52,17,1,0
BRDA:53,18,0,1
BRDA:53,18,1,0
BRDA:54,19,0,0
BRDA:54,19,1,0
BRDA:58,20,0,0
BRDA:58,20,1,0
BRF:44
BRH:28
end_of_record
TN:
SF:server\controllers\paymentsController.js
FN:6,(anonymous_0)
FN:41,(anonymous_1)
FN:60,(anonymous_2)
FN:65,(anonymous_3)
FN:78,(anonymous_4)
FNF:5
FNH:1
FNDA:3,(anonymous_0)
FNDA:0,(anonymous_1)
FNDA:0,(anonymous_2)
FNDA:0,(anonymous_3)
FNDA:0,(anonymous_4)
DA:1,3
DA:2,3
DA:3,3
DA:4,3
DA:6,3
DA:8,3
DA:9,3
DA:10,3
DA:12,2
DA:13,2
DA:14,1
DA:16,1
DA:20,1
DA:21,1
DA:23,1
DA:24,1
DA:25,0
DA:27,1
DA:28,1
DA:29,1
DA:31,0
DA:34,0
DA:35,0
DA:37,0
DA:41,3
DA:42,0
DA:44,0
DA:45,0
DA:46,0
DA:47,0
DA:48,0
DA:49,0
DA:50,0
DA:52,0
DA:56,0
DA:57,0
DA:59,0
DA:60,0
DA:61,0
DA:62,0
DA:63,0
DA:64,0
DA:65,0
DA:68,0
DA:69,0
DA:70,0
DA:71,0
DA:72,0
DA:74,0
DA:75,0
DA:78,0
DA:79,0
DA:81,0
DA:82,0
LF:54
LH:20
BRDA:9,0,0,3
BRDA:9,0,1,2
BRDA:10,1,0,1
BRDA:10,1,1,2
BRDA:21,2,0,0
BRDA:21,2,1,1
BRDA:23,3,0,0
BRDA:24,4,0,0
BRDA:24,4,1,1
BRDA:24,5,0,1
BRDA:24,5,1,1
BRDA:34,6,0,0
BRDA:34,6,1,0
BRDA:44,7,0,0
BRDA:44,7,1,0
BRDA:46,8,0,0
BRDA:46,8,1,0
BRDA:47,9,0,0
BRDA:47,9,1,0
BRDA:50,10,0,0
BRDA:50,10,1,0
BRDA:50,11,0,0
BRDA:50,11,1,0
BRDA:57,12,0,0
BRDA:57,12,1,0
BRDA:61,13,0,0
BRDA:61,13,1,0
BRDA:65,14,0,0
BRDA:65,14,1,0
BRDA:69,15,0,0
BRDA:69,15,1,0
BRDA:70,16,0,0
BRDA:70,16,1,0
BRDA:71,17,0,0
BRDA:71,17,1,0
BRDA:72,18,0,0
BRDA:72,18,1,0
BRDA:74,19,0,0
BRDA:74,19,1,0
BRF:39
BRH:8
end_of_record
TN:
SF:server\controllers\portfoliosController.js
FN:3,(anonymous_0)
FN:13,(anonymous_1)
FN:28,(anonymous_2)
FN:43,(anonymous_3)
FNF:4
FNH:0
FNDA:0,(anonymous_0)
FNDA:0,(anonymous_1)
FNDA:0,(anonymous_2)
FNDA:0,(anonymous_3)
DA:1,3
DA:3,3
DA:4,0
DA:5,0
DA:6,0
DA:7,0
DA:9,0
DA:13,3
DA:14,0
DA:15,0
DA:16,0
DA:17,0
DA:21,0
DA:22,0
DA:24,0
DA:28,3
DA:29,0
DA:30,0
DA:31,0
DA:32,0
DA:33,0
DA:37,0
DA:39,0
DA:43,3
DA:44,0
DA:45,0
DA:46,0
DA:47,0
DA:51,0
DA:52,0
DA:54,0
LF:31
LH:5
BRDA:4,0,0,0
BRDA:4,0,1,0
BRDA:14,1,0,0
BRDA:14,1,1,0
BRDA:21,2,0,0
BRDA:21,2,1,0
BRDA:29,3,0,0
BRDA:29,3,1,0
BRDA:31,4,0,0
BRDA:31,4,1,0
BRDA:44,5,0,0
BRDA:44,5,1,0
BRDA:51,6,0,0
BRDA:51,6,1,0
BRF:14
BRH:0
end_of_record
TN:
SF:server\controllers\stripeController.js
FN:3,(anonymous_0)
FN:11,(anonymous_1)
FN:24,(anonymous_2)
FN:32,(anonymous_3)
FN:39,(anonymous_4)
FN:42,(anonymous_5)
FN:46,(anonymous_6)
FN:48,(anonymous_7)
FN:59,(anonymous_8)
FN:59,(anonymous_9)
FN:61,(anonymous_10)
FN:61,(anonymous_11)
FN:61,(anonymous_12)
FNF:13
FNH:0
FNDA:0,(anonymous_0)
FNDA:0,(anonymous_1)
FNDA:0,(anonymous_2)
FNDA:0,(anonymous_3)
FNDA:0,(anonymous_4)
FNDA:0,(anonymous_5)
FNDA:0,(anonymous_6)
FNDA:0,(anonymous_7)
FNDA:0,(anonymous_8)
FNDA:0,(anonymous_9)
FNDA:0,(anonymous_10)
FNDA:0,(anonymous_11)
FNDA:0,(anonymous_12)
DA:1,3
DA:2,3
DA:3,3
DA:4,0
DA:5,0
DA:6,0
DA:7,0
DA:9,0
DA:10,0
DA:11,0
DA:19,0
DA:20,0
DA:21,0
DA:22,0
DA:23,0
DA:24,0
DA:25,0
DA:27,0
DA:28,0
DA:32,3
DA:33,0
DA:34,0
DA:35,0
DA:36,0
DA:37,0
DA:38,0
DA:39,0
DA:40,0
DA:41,0
DA:42,0
DA:43,0
DA:44,0
DA:45,0
DA:46,0
DA:47,0
DA:48,0
DA:49,0
DA:50,0
DA:51,0
DA:52,0
DA:53,0
DA:54,0
DA:55,0
DA:56,0
DA:57,0
DA:58,0
DA:59,0
DA:61,0
DA:62,0
DA:63,0
DA:64,0
DA:65,0
DA:66,0
DA:67,0
DA:68,0
DA:70,0
DA:71,0
DA:73,0
DA:74,0
LF:59
LH:4
BRDA:5,0,0,0
BRDA:5,0,1,0
BRDA:15,1,0,0
BRDA:15,1,1,0
BRDA:16,2,0,0
BRDA:16,2,1,0
BRDA:17,3,0,0
BRDA:17,3,1,0
BRDA:20,4,0,0
BRDA:20,4,1,0
BRDA:21,5,0,0
BRDA:21,5,1,0
BRDA:22,6,0,0
BRDA:22,6,1,0
BRDA:24,7,0,0
BRDA:24,7,1,0
BRDA:34,8,0,0
BRDA:34,8,1,0
BRDA:39,9,0,0
BRDA:39,9,1,0
BRDA:39,10,0,0
BRDA:39,10,1,0
BRDA:43,11,0,0
BRDA:43,11,1,0
BRDA:45,12,0,0
BRDA:45,12,1,0
BRDA:46,13,0,0
BRDA:46,13,1,0
BRDA:49,14,0,0
BRDA:49,14,1,0
BRDA:50,15,0,0
BRDA:50,15,1,0
BRDA:51,16,0,0
BRDA:51,16,1,0
BRDA:52,17,0,0
BRDA:52,17,1,0
BRDA:52,18,0,0
BRDA:52,18,1,0
BRDA:54,19,0,0
BRDA:54,19,1,0
BRDA:56,20,0,0
BRDA:56,20,1,0
BRDA:57,21,0,0
BRDA:57,21,1,0
BRDA:58,22,0,0
BRDA:58,22,1,0
BRDA:59,23,0,0
BRDA:59,23,1,0
BRDA:61,24,0,0
BRDA:61,24,1,0
BRDA:61,25,0,0
BRDA:61,25,1,0
BRDA:61,26,0,0
BRDA:61,26,1,0
BRDA:61,27,0,0
BRDA:61,27,1,0
BRDA:61,28,0,0
BRDA:61,28,1,0
BRDA:62,29,0,0
BRDA:62,29,1,0
BRDA:62,30,0,0
BRDA:62,30,1,0
BRDA:62,31,0,0
BRDA:62,31,1,0
BRDA:64,32,0,0
BRDA:64,32,1,0
BRDA:64,32,2,0
BRDA:64,32,3,0
BRDA:67,33,0,0
BRDA:67,33,1,0
BRDA:67,34,0,0
BRDA:67,34,1,0
BRDA:67,35,0,0
BRDA:67,35,1,0
BRF:74
BRH:0
end_of_record
TN:
SF:server\controllers\templatesController.js
FN:3,(anonymous_0)
FN:6,(anonymous_1)
FN:16,(anonymous_2)
FN:20,(anonymous_3)
FNF:4
FNH:0
FNDA:0,(anonymous_0)
FNDA:0,(anonymous_1)
FNDA:0,(anonymous_2)
FNDA:0,(anonymous_3)
DA:1,3
DA:3,3
DA:4,0
DA:5,0
DA:6,0
DA:7,0
DA:8,0
DA:9,0
DA:13,0
DA:15,0
DA:16,0
DA:17,0
DA:18,0
DA:20,0
DA:21,0
DA:23,0
LF:16
LH:2
BRDA:8,0,0,0
BRDA:8,0,1,0
BRDA:17,1,0,0
BRDA:17,1,1,0
BRDA:20,2,0,0
BRDA:20,2,1,0
BRF:6
BRH:0
end_of_record
TN:
SF:server\controllers\usersController.js
FN:12,(anonymous_0)
FN:15,(anonymous_1)
FN:21,(anonymous_2)
FN:79,(anonymous_3)
FN:120,(anonymous_4)
FN:139,(anonymous_5)
FN:155,(anonymous_6)
FNF:7
FNH:1
FNDA:0,(anonymous_0)
FNDA:0,(anonymous_1)
FNDA:0,(anonymous_2)
FNDA:0,(anonymous_3)
FNDA:0,(anonymous_4)
FNDA:3,(anonymous_5)
FNDA:0,(anonymous_6)
DA:1,3
DA:2,3
DA:3,3
DA:4,3
DA:5,3
DA:6,3
DA:7,3
DA:9,3
DA:12,3
DA:13,0
DA:14,0
DA:15,0
DA:17,0
DA:21,3
DA:22,0
DA:23,0
DA:24,0
DA:25,0
DA:26,0
DA:28,0
DA:29,0
DA:30,0
DA:31,0
DA:32,0
DA:33,0
DA:35,0
DA:36,0
DA:37,0
DA:40,0
DA:41,0
DA:42,0
DA:43,0
DA:44,0
DA:45,0
DA:48,0
DA:49,0
DA:50,0
DA:51,0
DA:52,0
DA:53,0
DA:54,0
DA:55,0
DA:56,0
DA:57,0
DA:58,0
DA:59,0
DA:60,0
DA:61,0
DA:62,0
DA:63,0
DA:64,0
DA:67,0
DA:69,0
DA:70,0
DA:71,0
DA:72,0
DA:74,0
DA:75,0
DA:79,3
DA:80,0
DA:81,0
DA:82,0
DA:83,0
DA:84,0
DA:85,0
DA:86,0
DA:87,0
DA:88,0
DA:90,0
DA:91,0
DA:92,0
DA:94,0
DA:95,0
DA:99,0
DA:100,0
DA:101,0
DA:102,0
DA:103,0
DA:104,0
DA:105,0
DA:106,0
DA:107,0
DA:108,0
DA:111,0
DA:112,0
DA:115,0
DA:116,0
DA:120,3
DA:121,0
DA:122,0
DA:123,0
DA:124,0
DA:125,0
DA:126,0
DA:127,0
DA:128,0
DA:129,0
DA:130,0
DA:131,0
DA:132,0
DA:134,0
DA:135,0
DA:139,3
DA:140,3
DA:141,3
DA:142,2
DA:143,2
DA:144,2
DA:145,2
DA:146,1
DA:147,1
DA:148,1
DA:149,1
DA:151,0
DA:155,3
DA:156,0
DA:157,0
DA:158,0
DA:159,0
DA:160,0
DA:161,0
DA:162,0
DA:163,0
DA:164,0
DA:166,0
LF:125
LH:24
BRDA:23,0,0,0
BRDA:23,0,1,0
BRDA:23,1,0,0
BRDA:23,1,1,0
BRDA:26,2,0,0
BRDA:26,2,1,0
BRDA:28,3,0,0
BRDA:28,3,1,0
BRDA:29,4,0,0
BRDA:29,4,1,0
BRDA:30,5,0,0
BRDA:30,5,1,0
BRDA:31,6,0,0
BRDA:31,6,1,0
BRDA:31,7,0,0
BRDA:31,7,1,0
BRDA:32,8,0,0
BRDA:32,8,1,0
BRDA:32,9,0,0
BRDA:32,9,1,0
BRDA:33,10,0,0
BRDA:33,10,1,0
BRDA:41,11,0,0
BRDA:41,11,1,0
BRDA:43,12,0,0
BRDA:43,12,1,0
BRDA:51,13,0,0
BRDA:51,13,1,0
BRDA:52,14,0,0
BRDA:52,14,1,0
BRDA:54,15,0,0
BRDA:54,15,1,0
BRDA:55,16,0,0
BRDA:55,16,1,0
BRDA:57,17,0,0
BRDA:57,17,1,0
BRDA:57,18,0,0
BRDA:57,18,1,0
BRDA:59,19,0,0
BRDA:59,19,1,0
BRDA:59,19,2,0
BRDA:60,20,0,0
BRDA:60,20,1,0
BRDA:64,21,0,0
BRDA:64,21,1,0
BRDA:67,22,0,0
BRDA:67,22,1,0
BRDA:71,23,0,0
BRDA:71,23,1,0
BRDA:81,24,0,0
BRDA:81,24,1,0
BRDA:84,25,0,0
BRDA:84,25,1,0
BRDA:87,26,0,0
BRDA:87,26,1,0
BRDA:88,27,0,0
BRDA:88,27,1,0
BRDA:90,28,0,0
BRDA:90,28,1,0
BRDA:90,29,0,0
BRDA:90,29,1,0
BRDA:94,30,0,0
BRDA:94,30,1,0
BRDA:94,30,2,0
BRDA:103,31,0,0
BRDA:103,31,1,0
BRDA:103,31,2,0
BRDA:105,32,0,0
BRDA:105,32,1,0
BRDA:107,33,0,0
BRDA:107,33,1,0
BRDA:122,34,0,0
BRDA:122,34,1,0
BRDA:122,35,0,0
BRDA:122,35,1,0
BRDA:127,36,0,0
BRDA:127,36,1,0
BRDA:128,37,0,0
BRDA:128,37,1,0
BRDA:141,38,0,1
BRDA:141,38,1,2
BRDA:141,39,0,3
BRDA:141,39,1,2
BRDA:145,40,0,1
BRDA:145,40,1,1
BRDA:147,41,0,0
BRDA:147,41,1,1
BRDA:157,42,0,0
BRDA:157,42,1,0
BRDA:158,43,0,0
BRDA:158,43,1,0
BRDA:163,44,0,0
BRDA:163,44,1,0
BRF:93
BRH:7
end_of_record
TN:
SF:server\controllers\webhooksController.js
FN:5,(anonymous_0)
FNF:1
FNH:1
FNDA:3,(anonymous_0)
DA:1,6
DA:2,6
DA:3,6
DA:5,6
DA:6,3
DA:7,3
DA:8,2
DA:10,2
DA:11,2
DA:12,2
DA:13,2
DA:15,2
DA:16,2
DA:18,0
DA:19,0
DA:20,0
DA:22,0
DA:23,0
DA:24,0
DA:25,0
DA:26,0
DA:27,0
DA:28,0
DA:29,0
DA:30,0
DA:31,0
DA:32,0
DA:33,0
DA:34,0
DA:35,0
DA:36,0
DA:37,0
DA:38,0
DA:42,0
DA:43,0
DA:44,0
DA:45,0
DA:46,0
DA:47,0
DA:48,0
DA:49,0
DA:50,0
DA:51,0
DA:52,0
DA:53,0
DA:54,0
DA:55,0
DA:56,0
DA:57,0
DA:58,0
DA:60,0
DA:61,0
DA:64,0
DA:65,0
DA:66,0
DA:67,0
DA:68,0
DA:69,0
DA:70,0
DA:71,0
DA:72,0
DA:73,0
DA:74,0
DA:75,0
DA:76,0
DA:77,0
DA:78,0
DA:79,0
DA:80,0
DA:81,0
DA:82,0
DA:84,0
DA:85,0
DA:86,0
DA:90,0
DA:91,0
DA:92,0
DA:95,0
DA:96,0
DA:97,0
DA:98,0
DA:99,0
DA:100,0
DA:101,0
DA:102,0
DA:103,0
DA:106,0
DA:107,0
DA:108,0
DA:109,0
DA:110,0
DA:111,0
DA:112,0
DA:114,0
DA:116,0
DA:117,0
DA:120,0
DA:123,0
DA:125,0
LF:99
LH:13
BRDA:7,0,0,1
BRDA:7,0,1,2
BRDA:11,1,0,2
BRDA:11,1,1,0
BRDA:11,1,2,0
BRDA:12,2,0,0
BRDA:12,2,1,2
BRDA:19,3,0,0
BRDA:19,3,1,0
BRDA:19,4,0,0
BRDA:19,4,1,0
BRDA:19,5,0,0
BRDA:19,5,1,0
BRDA:20,6,0,0
BRDA:20,6,1,0
BRDA:20,6,2,0
BRDA:20,6,3,0
BRDA:20,6,4,0
BRDA:20,6,5,0
BRDA:20,6,6,0
BRDA:25,7,0,0
BRDA:25,7,1,0
BRDA:26,8,0,0
BRDA:26,8,1,0
BRDA:26,8,2,0
BRDA:26,8,3,0
BRDA:26,8,4,0
BRDA:26,8,5,0
BRDA:26,8,6,0
BRDA:26,8,7,0
BRDA:27,9,0,0
BRDA:27,9,1,0
BRDA:27,9,2,0
BRDA:27,9,3,0
BRDA:27,9,4,0
BRDA:27,9,5,0
BRDA:28,10,0,0
BRDA:28,10,1,0
BRDA:30,11,0,0
BRDA:30,11,1,0
BRDA:30,11,2,0
BRDA:31,12,0,0
BRDA:31,12,1,0
BRDA:31,12,2,0
BRDA:31,12,3,0
BRDA:31,12,4,0
BRDA:31,12,5,0
BRDA:31,12,6,0
BRDA:32,13,0,0
BRDA:32,13,1,0
BRDA:32,13,2,0
BRDA:32,13,3,0
BRDA:32,13,4,0
BRDA:32,13,5,0
BRDA:32,13,6,0
BRDA:32,13,7,0
BRDA:33,14,0,0
BRDA:33,14,1,0
BRDA:33,14,2,0
BRDA:34,15,0,0
BRDA:34,15,1,0
BRDA:34,15,2,0
BRDA:35,16,0,0
BRDA:35,16,1,0
BRDA:35,16,2,0
BRDA:35,16,3,0
BRDA:35,16,4,0
BRDA:36,17,0,0
BRDA:36,17,1,0
BRDA:36,18,0,0
BRDA:36,18,1,0
BRDA:36,18,2,0
BRDA:36,18,3,0
BRDA:36,19,0,0
BRDA:36,19,1,0
BRDA:36,20,0,0
BRDA:36,20,1,0
BRDA:36,20,2,0
BRDA:36,21,0,0
BRDA:36,21,1,0
BRDA:36,21,2,0
BRDA:36,22,0,0
BRDA:36,22,1,0
BRDA:36,22,2,0
BRDA:36,23,0,0
BRDA:36,23,1,0
BRDA:36,23,2,0
BRDA:36,23,3,0
BRDA:37,24,0,0
BRDA:37,24,1,0
BRDA:37,24,2,0
BRDA:37,24,3,0
BRDA:45,25,0,0
BRDA:45,25,1,0
BRDA:46,26,0,0
BRDA:46,26,1,0
BRDA:47,27,0,0
BRDA:47,27,1,0
BRDA:48,28,0,0
BRDA:48,28,1,0
BRDA:50,29,0,0
BRDA:50,29,1,0
BRDA:50,29,2,0
BRDA:51,30,0,0
BRDA:51,30,1,0
BRDA:53,31,0,0
BRDA:53,31,1,0
BRDA:54,32,0,0
BRDA:54,32,1,0
BRDA:54,33,0,0
BRDA:54,33,1,0
BRDA:55,34,0,0
BRDA:55,34,1,0
BRDA:55,35,0,0
BRDA:55,35,1,0
BRDA:57,36,0,0
BRDA:57,36,1,0
BRDA:60,37,0,0
BRDA:60,37,1,0
BRDA:68,38,0,0
BRDA:68,38,1,0
BRDA:69,39,0,0
BRDA:69,39,1,0
BRDA:70,40,0,0
BRDA:70,40,1,0
BRDA:70,40,2,0
BRDA:70,40,3,0
BRDA:72,41,0,0
BRDA:72,41,1,0
BRDA:73,42,0,0
BRDA:73,42,1,0
BRDA:74,43,0,0
BRDA:74,43,1,0
BRDA:76,44,0,0
BRDA:76,44,1,0
BRDA:76,45,0,0
BRDA:76,45,1,0
BRDA:77,46,0,0
BRDA:77,46,1,0
BRDA:79,47,0,0
BRDA:79,47,1,0
BRDA:79,48,0,0
BRDA:79,48,1,0
BRDA:79,48,2,0
BRDA:80,49,0,0
BRDA:80,49,1,0
BRDA:80,50,0,0
BRDA:80,50,1,0
BRDA:80,50,2,0
BRDA:82,51,0,0
BRDA:82,51,1,0
BRDA:82,52,0,0
BRDA:82,52,1,0
BRDA:82,52,2,0
BRDA:84,53,0,0
BRDA:84,53,1,0
BRDA:86,54,0,0
BRDA:86,54,1,0
BRDA:86,55,0,0
BRDA:86,55,1,0
BRDA:86,55,2,0
BRDA:90,56,0,0
BRDA:90,56,1,0
BRDA:90,57,0,0
BRDA:90,57,1,0
BRDA:91,58,0,0
BRDA:91,58,1,0
BRDA:98,59,0,0
BRDA:98,59,1,0
BRDA:100,60,0,0
BRDA:100,60,1,0
BRDA:101,61,0,0
BRDA:101,61,1,0
BRDA:101,62,0,0
BRDA:101,62,1,0
BRDA:101,63,0,0
BRDA:101,63,1,0
BRDA:101,64,0,0
BRDA:101,64,1,0
BRDA:102,65,0,0
BRDA:102,65,1,0
BRDA:108,66,0,0
BRDA:108,66,1,0
BRDA:109,67,0,0
BRDA:109,67,1,0
BRDA:110,68,0,0
BRDA:110,68,1,0
BRDA:111,69,0,0
BRDA:111,69,1,0
BRDA:111,70,0,0
BRDA:111,70,1,0
BRDA:120,71,0,0
BRDA:120,71,1,0
BRDA:120,72,0,0
BRDA:120,72,1,0
BRF:195
BRH:4
end_of_record
TN:
SF:server\db\index.js
FNF:0
FNH:0
DA:1,9
DA:3,9
DA:5,9
LF:3
LH:3
BRF:0
BRH:0
end_of_record
TN:
SF:server\middleware\auth.js
FN:4,(anonymous_0)
FNF:1
FNH:0
FNDA:0,(anonymous_0)
DA:1,3
DA:2,3
DA:4,3
DA:5,0
DA:6,0
DA:7,0
DA:8,0
DA:9,0
DA:10,0
DA:11,0
DA:13,0
LF:11
LH:3
BRDA:6,0,0,0
BRDA:6,0,1,0
BRDA:7,1,0,0
BRDA:7,1,1,0
BRF:4
BRH:0
end_of_record
TN:
SF:server\middleware\rateLimit.js
FNF:0
FNH:0
DA:1,3
DA:4,3
DA:11,3
LF:3
LH:3
BRF:0
BRH:0
end_of_record
TN:
SF:server\routes\admin.js
FNF:0
FNH:0
DA:1,3
DA:2,3
DA:3,3
DA:4,3
DA:6,3
DA:7,3
DA:10,3
DA:12,3
LF:8
LH:8
BRF:0
BRH:0
end_of_record
TN:
SF:server\routes\checkout.js
FNF:0
FNH:0
DA:1,3
DA:2,3
DA:3,3
DA:5,3
DA:6,3
DA:8,3
LF:6
LH:6
BRF:0
BRH:0
end_of_record
TN:
SF:server\routes\payments.js
FNF:0
FNH:0
DA:1,3
DA:2,3
DA:3,3
DA:5,3
DA:7,3
LF:5
LH:5
BRF:0
BRH:0
end_of_record
TN:
SF:server\routes\portfolios.js
FNF:0
FNH:0
DA:1,3
DA:2,3
DA:3,3
DA:4,3
DA:6,3
DA:7,3
DA:8,3
DA:9,3
DA:11,3
LF:9
LH:9
BRF:0
BRH:0
end_of_record
TN:
SF:server\routes\stripe.js
FNF:0
FNH:0
DA:1,3
DA:2,3
DA:3,3
DA:5,3
DA:6,3
DA:8,3
LF:6
LH:6
BRF:0
BRH:0
end_of_record
TN:
SF:server\routes\templates.js
FNF:0
FNH:0
DA:1,3
DA:2,3
DA:3,3
DA:5,3
DA:7,3
LF:5
LH:5
BRF:0
BRH:0
end_of_record
TN:
SF:server\routes\users.js
FNF:0
FNH:0
DA:1,3
DA:2,3
DA:3,3
DA:4,3
DA:6,3
DA:7,3
DA:8,3
DA:9,3
DA:10,3
DA:11,3
DA:13,3
LF:11
LH:11
BRF:0
BRH:0
end_of_record
TN:
SF:server\routes\webhooks.js
FNF:0
FNH:0
DA:1,3
DA:2,3
DA:3,3
DA:6,3
DA:8,3
LF:5
LH:5
BRF:0
BRH:0
end_of_record
TN:
SF:server\services\captcha.js
FN:12,verifyCaptcha
FN:31,(anonymous_1)
FNF:2
FNH:1
FNDA:4,verifyCaptcha
FNDA:0,(anonymous_1)
DA:1,7
DA:2,7
DA:3,7
DA:5,0
DA:6,0
DA:8,0
DA:13,4
DA:14,4
DA:15,4
DA:16,3
DA:20,2
DA:21,0
DA:22,0
DA:24,2
DA:25,2
DA:28,2
DA:29,2
DA:30,2
DA:31,1
DA:32,1
DA:33,0
DA:34,0
DA:35,0
DA:37,1
DA:40,7
LF:25
LH:17
BRDA:2,0,0,7
BRDA:2,0,1,0
BRDA:14,1,0,4
BRDA:14,1,1,4
BRDA:15,2,0,1
BRDA:15,2,1,3
BRDA:16,3,0,1
BRDA:16,3,1,2
BRDA:20,4,0,0
BRDA:20,4,1,2
BRDA:28,5,0,0
BRDA:28,5,1,2
BRDA:30,6,0,1
BRDA:30,6,1,1
BRDA:32,7,0,0
BRDA:32,7,1,1
BRDA:32,8,0,1
BRDA:32,8,1,1
BRF:18
BRH:14
end_of_record
TN:
SF:server\services\stripeClient.js
FN:3,(anonymous_0)
FNF:1
FNH:0
FNDA:0,(anonymous_0)
DA:2,2
DA:4,0
DA:5,0
DA:6,0
DA:7,0
DA:8,0
DA:9,0
DA:10,0
DA:12,0
DA:13,0
DA:15,0
DA:17,0
LF:12
LH:1
BRDA:7,0,0,0
BRDA:7,0,1,0
BRDA:8,1,0,0
BRDA:8,1,1,0
BRDA:9,2,0,0
BRDA:9,2,1,0
BRDA:12,3,0,0
BRDA:12,3,1,0
BRDA:12,4,0,0
BRDA:12,4,1,0
BRDA:15,5,0,0
BRDA:15,5,1,0
BRF:12
BRH:0
end_of_record
TN:
SF:server\services\stripeHelpers.js
FN:3,(anonymous_0)
FN:30,(anonymous_1)
FNF:2
FNH:2
FNDA:9,(anonymous_0)
FNDA:3,(anonymous_1)
DA:1,10
DA:3,10
DA:4,9
DA:6,8
DA:7,8
DA:9,8
DA:10,1
DA:11,1
DA:12,1
DA:13,7
DA:14,3
DA:15,3
DA:16,3
DA:17,4
DA:18,3
DA:19,3
DA:20,3
DA:21,1
DA:22,1
DA:23,1
DA:24,1
DA:26,8
DA:27,8
DA:30,10
DA:32,3
DA:34,3
DA:36,3
DA:37,3
DA:38,3
DA:39,3
DA:40,3
DA:41,3
DA:43,3
DA:44,3
DA:45,3
DA:46,3
DA:47,2
DA:50,2
DA:52,1
DA:53,1
DA:54,1
DA:58,1
DA:59,1
DA:60,1
DA:61,1
DA:63,1
DA:64,1
DA:68,10
LF:48
LH:48
BRDA:4,0,0,1
BRDA:4,0,1,8
BRDA:6,1,0,2
BRDA:6,1,1,6
BRDA:6,2,0,8
BRDA:6,2,1,2
BRDA:9,3,0,1
BRDA:9,3,1,7
BRDA:11,4,0,1
BRDA:11,4,1,1
BRDA:11,4,2,1
BRDA:11,4,3,1
BRDA:11,4,4,0
BRDA:12,5,0,1
BRDA:12,5,1,0
BRDA:13,6,0,3
BRDA:13,6,1,4
BRDA:14,7,0,3
BRDA:14,7,1,1
BRDA:16,8,0,3
BRDA:16,8,1,2
BRDA:17,9,0,3
BRDA:17,9,1,1
BRDA:18,10,0,3
BRDA:18,10,1,1
BRDA:19,11,0,3
BRDA:19,11,1,1
BRDA:19,11,2,2
BRDA:21,12,0,1
BRDA:21,12,1,0
BRDA:23,13,0,1
BRDA:23,13,1,1
BRDA:24,14,0,1
BRDA:24,14,1,1
BRDA:26,15,0,8
BRDA:26,15,1,2
BRDA:26,15,2,1
BRDA:26,15,3,0
BRDA:30,16,0,3
BRDA:30,17,0,3
BRDA:30,18,0,3
BRDA:30,19,0,3
BRDA:30,20,0,1
BRDA:30,21,0,3
BRDA:30,22,0,3
BRDA:30,23,0,3
BRDA:30,24,0,3
BRDA:30,25,0,3
BRDA:30,26,0,3
BRDA:30,27,0,3
BRDA:34,28,0,1
BRDA:34,28,1,2
BRDA:38,29,0,3
BRDA:38,29,1,0
BRDA:39,30,0,0
BRDA:39,30,1,3
BRDA:40,31,0,0
BRDA:40,31,1,3
BRDA:41,32,0,0
BRDA:41,32,1,3
BRDA:44,33,0,3
BRDA:44,33,1,0
BRDA:50,34,0,1
BRDA:50,34,1,1
BRDA:52,35,0,0
BRDA:52,35,1,1
BRDA:52,36,0,0
BRDA:52,36,1,1
BRDA:58,37,0,0
BRDA:58,37,1,1
BRDA:58,38,0,0
BRDA:58,38,1,1
BRDA:61,39,0,1
BRDA:61,39,1,1
BRF:74
BRH:61
end_of_record
